[7.321s] Invoking command in '/home/rob/spot_ws/src/spot_v1_description': PYTHONPATH=/home/rob/spot_ws/build/spot_v1_description/prefix_override:/home/rob/spot_ws/install/spot_v1_description/lib/python3.10/site-packages:${PYTHONPATH} /usr/bin/python3 setup.py egg_info --egg-base ../../build/spot_v1_description build --build-base /home/rob/spot_ws/build/spot_v1_description/build install --record /home/rob/spot_ws/build/spot_v1_description/install.log --install-scripts $base/lib/spot_v1_description --single-version-externally-managed
[8.870s] /usr/lib/python3/dist-packages/setuptools/dist.py:723: UserWarning: Usage of dash-separated 'script-dir' will not be supported in future versions. Please use the underscore name 'script_dir' instead
[8.870s]   warnings.warn(
[8.926s] running egg_info
[8.931s] writing ../../build/spot_v1_description/spot_v1_description.egg-info/PKG-INFO
[8.933s] writing dependency_links to ../../build/spot_v1_description/spot_v1_description.egg-info/dependency_links.txt
[8.936s] writing entry points to ../../build/spot_v1_description/spot_v1_description.egg-info/entry_points.txt
[8.937s] writing requirements to ../../build/spot_v1_description/spot_v1_description.egg-info/requires.txt
[8.939s] writing top-level names to ../../build/spot_v1_description/spot_v1_description.egg-info/top_level.txt
[8.949s] reading manifest file '../../build/spot_v1_description/spot_v1_description.egg-info/SOURCES.txt'
[8.956s] writing manifest file '../../build/spot_v1_description/spot_v1_description.egg-info/SOURCES.txt'
[8.957s] running build
[8.958s] running build_py
[8.959s] running install
[8.960s] /usr/lib/python3/dist-packages/setuptools/command/install.py:34: SetuptoolsDeprecationWarning: setup.py install is deprecated. Use build and pip and other standards-based tools.
[8.961s]   warnings.warn(
[8.962s] running install_lib
[8.970s] running install_data
[8.982s] running install_egg_info
[8.998s] removing '/home/rob/spot_ws/install/spot_v1_description/lib/python3.10/site-packages/spot_v1_description-0.0.0-py3.10.egg-info' (and everything under it)
[9.001s] Copying ../../build/spot_v1_description/spot_v1_description.egg-info to /home/rob/spot_ws/install/spot_v1_description/lib/python3.10/site-packages/spot_v1_description-0.0.0-py3.10.egg-info
[9.017s] running install_scripts
[9.208s] writing list of installed files to '/home/rob/spot_ws/build/spot_v1_description/install.log'
[9.944s] Invoked command in '/home/rob/spot_ws/src/spot_v1_description' returned '0': PYTHONPATH=/home/rob/spot_ws/build/spot_v1_description/prefix_override:/home/rob/spot_ws/install/spot_v1_description/lib/python3.10/site-packages:${PYTHONPATH} /usr/bin/python3 setup.py egg_info --egg-base ../../build/spot_v1_description build --build-base /home/rob/spot_ws/build/spot_v1_description/build install --record /home/rob/spot_ws/build/spot_v1_description/install.log --install-scripts $base/lib/spot_v1_description --single-version-externally-managed
