/home/parallels/spot_ws/install/spot_v1_description/lib/python3.10/site-packages/spot_v1_description/__init__.py
/home/parallels/spot_ws/install/spot_v1_description/lib/python3.10/site-packages/spot_v1_description/__pycache__/__init__.cpython-310.pyc
/home/parallels/spot_ws/install/spot_v1_description/share/ament_index/resource_index/packages/spot_v1_description
/home/parallels/spot_ws/install/spot_v1_description/share/spot_v1_description/package.xml
/home/parallels/spot_ws/install/spot_v1_description/share/spot_v1_description/launch/gazebo.launch.py
/home/parallels/spot_ws/install/spot_v1_description/share/spot_v1_description/launch/display.launch.py
/home/parallels/spot_ws/install/spot_v1_description/share/spot_v1_description/urdf/spot_v1.gazebo
/home/parallels/spot_ws/install/spot_v1_description/share/spot_v1_description/urdf/materials.xacro
/home/parallels/spot_ws/install/spot_v1_description/share/spot_v1_description/urdf/spot_v1.trans
/home/parallels/spot_ws/install/spot_v1_description/share/spot_v1_description/urdf/spot_v1.xacro
/home/parallels/spot_ws/install/spot_v1_description/share/spot_v1_description/meshes/upper_br_1.stl
/home/parallels/spot_ws/install/spot_v1_description/share/spot_v1_description/meshes/upper_fr_1.stl
/home/parallels/spot_ws/install/spot_v1_description/share/spot_v1_description/meshes/elbow_fl_1.stl
/home/parallels/spot_ws/install/spot_v1_description/share/spot_v1_description/meshes/lower_bl_1.stl
/home/parallels/spot_ws/install/spot_v1_description/share/spot_v1_description/meshes/lower_fr_1.stl
/home/parallels/spot_ws/install/spot_v1_description/share/spot_v1_description/meshes/lower_br_1.stl
/home/parallels/spot_ws/install/spot_v1_description/share/spot_v1_description/meshes/upper_bl_1.stl
/home/parallels/spot_ws/install/spot_v1_description/share/spot_v1_description/meshes/base_laser_1.stl
/home/parallels/spot_ws/install/spot_v1_description/share/spot_v1_description/meshes/elbow_fr_1.stl
/home/parallels/spot_ws/install/spot_v1_description/share/spot_v1_description/meshes/base_link.stl
/home/parallels/spot_ws/install/spot_v1_description/share/spot_v1_description/meshes/upper_fl_1.stl
/home/parallels/spot_ws/install/spot_v1_description/share/spot_v1_description/meshes/lower_fl_1.stl
/home/parallels/spot_ws/install/spot_v1_description/share/spot_v1_description/meshes/elbow_br_1.stl
/home/parallels/spot_ws/install/spot_v1_description/share/spot_v1_description/meshes/elbow_bl_5.stl
/home/parallels/spot_ws/install/spot_v1_description/share/spot_v1_description/meshes/base_imu_1.stl
/home/parallels/spot_ws/install/spot_v1_description/share/spot_v1_description/config/display.rviz
/home/parallels/spot_ws/install/spot_v1_description/lib/python3.10/site-packages/spot_v1_description-0.0.0-py3.10.egg-info/PKG-INFO
/home/parallels/spot_ws/install/spot_v1_description/lib/python3.10/site-packages/spot_v1_description-0.0.0-py3.10.egg-info/zip-safe
/home/parallels/spot_ws/install/spot_v1_description/lib/python3.10/site-packages/spot_v1_description-0.0.0-py3.10.egg-info/SOURCES.txt
/home/parallels/spot_ws/install/spot_v1_description/lib/python3.10/site-packages/spot_v1_description-0.0.0-py3.10.egg-info/entry_points.txt
/home/parallels/spot_ws/install/spot_v1_description/lib/python3.10/site-packages/spot_v1_description-0.0.0-py3.10.egg-info/top_level.txt
/home/parallels/spot_ws/install/spot_v1_description/lib/python3.10/site-packages/spot_v1_description-0.0.0-py3.10.egg-info/dependency_links.txt
/home/parallels/spot_ws/install/spot_v1_description/lib/python3.10/site-packages/spot_v1_description-0.0.0-py3.10.egg-info/requires.txt
