[6.372s] Invoking command in '/home/rob/spot_ws/src/spot_v1_description': PYTHONPATH=/home/rob/spot_ws/build/spot_v1_description/prefix_override:/home/rob/spot_ws/install/spot_v1_description/lib/python3.10/site-packages:${PYTHONPATH} /usr/bin/python3 setup.py egg_info --egg-base ../../build/spot_v1_description build --build-base /home/rob/spot_ws/build/spot_v1_description/build install --record /home/rob/spot_ws/build/spot_v1_description/install.log --install-scripts $base/lib/spot_v1_description --single-version-externally-managed
[7.727s] /usr/lib/python3/dist-packages/setuptools/dist.py:723: UserWarning: Usage of dash-separated 'script-dir' will not be supported in future versions. Please use the underscore name 'script_dir' instead
[7.728s]   warnings.warn(
[7.771s] running egg_info
[7.774s] writing ../../build/spot_v1_description/spot_v1_description.egg-info/PKG-INFO
[7.775s] writing dependency_links to ../../build/spot_v1_description/spot_v1_description.egg-info/dependency_links.txt
[7.776s] writing entry points to ../../build/spot_v1_description/spot_v1_description.egg-info/entry_points.txt
[7.779s] writing requirements to ../../build/spot_v1_description/spot_v1_description.egg-info/requires.txt
[7.779s] writing top-level names to ../../build/spot_v1_description/spot_v1_description.egg-info/top_level.txt
[7.792s] reading manifest file '../../build/spot_v1_description/spot_v1_description.egg-info/SOURCES.txt'
[7.798s] writing manifest file '../../build/spot_v1_description/spot_v1_description.egg-info/SOURCES.txt'
[7.800s] running build
[7.801s] running build_py
[7.803s] running install
[7.804s] /usr/lib/python3/dist-packages/setuptools/command/install.py:34: SetuptoolsDeprecationWarning: setup.py install is deprecated. Use build and pip and other standards-based tools.
[7.805s]   warnings.warn(
[7.805s] running install_lib
[7.811s] running install_data
[7.818s] running install_egg_info
[7.828s] removing '/home/rob/spot_ws/install/spot_v1_description/lib/python3.10/site-packages/spot_v1_description-0.0.0-py3.10.egg-info' (and everything under it)
[7.832s] Copying ../../build/spot_v1_description/spot_v1_description.egg-info to /home/rob/spot_ws/install/spot_v1_description/lib/python3.10/site-packages/spot_v1_description-0.0.0-py3.10.egg-info
[7.842s] running install_scripts
[7.962s] writing list of installed files to '/home/rob/spot_ws/build/spot_v1_description/install.log'
[8.708s] Invoked command in '/home/rob/spot_ws/src/spot_v1_description' returned '0': PYTHONPATH=/home/rob/spot_ws/build/spot_v1_description/prefix_override:/home/rob/spot_ws/install/spot_v1_description/lib/python3.10/site-packages:${PYTHONPATH} /usr/bin/python3 setup.py egg_info --egg-base ../../build/spot_v1_description build --build-base /home/rob/spot_ws/build/spot_v1_description/build install --record /home/rob/spot_ws/build/spot_v1_description/install.log --install-scripts $base/lib/spot_v1_description --single-version-externally-managed
