[4.921s] DEBUG:colcon:Command line arguments: ['/usr/bin/colcon', 'build']
[4.922s] DEBUG:colcon:Parsed command line arguments: Namespace(log_base=None, log_level=None, verb_name='build', build_base='build', install_base='install', merge_install=False, symlink_install=False, test_result_base=None, continue_on_error=False, executor='parallel', parallel_workers=4, event_handlers=None, ignore_user_meta=False, metas=['./colcon.meta'], base_paths=['.'], packages_ignore=None, packages_ignore_regex=None, paths=None, packages_up_to=None, packages_up_to_regex=None, packages_above=None, packages_above_and_dependencies=None, packages_above_depth=None, packages_select_by_dep=None, packages_skip_by_dep=None, packages_skip_up_to=None, packages_select_build_failed=False, packages_skip_build_finished=False, packages_select_test_failures=False, packages_skip_test_passed=False, packages_select=None, packages_skip=None, packages_select_regex=None, packages_skip_regex=None, packages_start=None, packages_end=None, allow_overriding=[], cmake_args=None, cmake_target=None, cmake_target_skip_unavailable=False, cmake_clean_cache=False, cmake_clean_first=False, cmake_force_configure=False, ament_cmake_args=None, catkin_cmake_args=None, catkin_skip_building_tests=False, verb_parser=<colcon_defaults.argument_parser.defaults.DefaultArgumentsDecorator object at 0xffffbbaed540>, verb_extension=<colcon_core.verb.build.BuildVerb object at 0xffffbbffbf70>, main=<bound method BuildVerb.main of <colcon_core.verb.build.BuildVerb object at 0xffffbbffbf70>>)
[5.227s] Level 1:colcon.colcon_core.package_discovery:discover_packages(colcon_meta) check parameters
[5.228s] Level 1:colcon.colcon_core.package_discovery:discover_packages(recursive) check parameters
[5.228s] Level 1:colcon.colcon_core.package_discovery:discover_packages(ignore) check parameters
[5.228s] Level 1:colcon.colcon_core.package_discovery:discover_packages(path) check parameters
[5.228s] Level 1:colcon.colcon_core.package_discovery:discover_packages(colcon_meta) discover
[5.228s] Level 1:colcon.colcon_core.package_discovery:discover_packages(recursive) discover
[5.228s] INFO:colcon.colcon_core.package_discovery:Crawling recursively for packages in '/home/rob/spot_ws'
[5.229s] Level 1:colcon.colcon_core.package_identification:_identify(.) by extensions ['ignore', 'ignore_ament_install']
[5.229s] Level 1:colcon.colcon_core.package_identification:_identify(.) by extension 'ignore'
[5.229s] Level 1:colcon.colcon_core.package_identification:_identify(.) by extension 'ignore_ament_install'
[5.230s] Level 1:colcon.colcon_core.package_identification:_identify(.) by extensions ['colcon_pkg']
[5.230s] Level 1:colcon.colcon_core.package_identification:_identify(.) by extension 'colcon_pkg'
[5.230s] Level 1:colcon.colcon_core.package_identification:_identify(.) by extensions ['colcon_meta']
[5.230s] Level 1:colcon.colcon_core.package_identification:_identify(.) by extension 'colcon_meta'
[5.230s] Level 1:colcon.colcon_core.package_identification:_identify(.) by extensions ['ros']
[5.230s] Level 1:colcon.colcon_core.package_identification:_identify(.) by extension 'ros'
[5.298s] Level 1:colcon.colcon_core.package_identification:_identify(.) by extensions ['cmake', 'python']
[5.298s] Level 1:colcon.colcon_core.package_identification:_identify(.) by extension 'cmake'
[5.298s] Level 1:colcon.colcon_core.package_identification:_identify(.) by extension 'python'
[5.298s] Level 1:colcon.colcon_core.package_identification:_identify(.) by extensions ['python_setup_py']
[5.298s] Level 1:colcon.colcon_core.package_identification:_identify(.) by extension 'python_setup_py'
[5.299s] Level 1:colcon.colcon_core.package_identification:_identify(build) by extensions ['ignore', 'ignore_ament_install']
[5.299s] Level 1:colcon.colcon_core.package_identification:_identify(build) by extension 'ignore'
[5.300s] Level 1:colcon.colcon_core.package_identification:_identify(build) ignored
[5.300s] Level 1:colcon.colcon_core.package_identification:_identify(install) by extensions ['ignore', 'ignore_ament_install']
[5.300s] Level 1:colcon.colcon_core.package_identification:_identify(install) by extension 'ignore'
[5.300s] Level 1:colcon.colcon_core.package_identification:_identify(install) ignored
[5.301s] Level 1:colcon.colcon_core.package_identification:_identify(log) by extensions ['ignore', 'ignore_ament_install']
[5.301s] Level 1:colcon.colcon_core.package_identification:_identify(log) by extension 'ignore'
[5.301s] Level 1:colcon.colcon_core.package_identification:_identify(log) ignored
[5.302s] Level 1:colcon.colcon_core.package_identification:_identify(src) by extensions ['ignore', 'ignore_ament_install']
[5.302s] Level 1:colcon.colcon_core.package_identification:_identify(src) by extension 'ignore'
[5.302s] Level 1:colcon.colcon_core.package_identification:_identify(src) by extension 'ignore_ament_install'
[5.303s] Level 1:colcon.colcon_core.package_identification:_identify(src) by extensions ['colcon_pkg']
[5.303s] Level 1:colcon.colcon_core.package_identification:_identify(src) by extension 'colcon_pkg'
[5.303s] Level 1:colcon.colcon_core.package_identification:_identify(src) by extensions ['colcon_meta']
[5.303s] Level 1:colcon.colcon_core.package_identification:_identify(src) by extension 'colcon_meta'
[5.303s] Level 1:colcon.colcon_core.package_identification:_identify(src) by extensions ['ros']
[5.303s] Level 1:colcon.colcon_core.package_identification:_identify(src) by extension 'ros'
[5.304s] Level 1:colcon.colcon_core.package_identification:_identify(src) by extensions ['cmake', 'python']
[5.304s] Level 1:colcon.colcon_core.package_identification:_identify(src) by extension 'cmake'
[5.304s] Level 1:colcon.colcon_core.package_identification:_identify(src) by extension 'python'
[5.304s] Level 1:colcon.colcon_core.package_identification:_identify(src) by extensions ['python_setup_py']
[5.304s] Level 1:colcon.colcon_core.package_identification:_identify(src) by extension 'python_setup_py'
[5.305s] Level 1:colcon.colcon_core.package_identification:_identify(src/bwt901cl_pkg) by extensions ['ignore', 'ignore_ament_install']
[5.305s] Level 1:colcon.colcon_core.package_identification:_identify(src/bwt901cl_pkg) by extension 'ignore'
[5.305s] Level 1:colcon.colcon_core.package_identification:_identify(src/bwt901cl_pkg) by extension 'ignore_ament_install'
[5.305s] Level 1:colcon.colcon_core.package_identification:_identify(src/bwt901cl_pkg) by extensions ['colcon_pkg']
[5.305s] Level 1:colcon.colcon_core.package_identification:_identify(src/bwt901cl_pkg) by extension 'colcon_pkg'
[5.306s] Level 1:colcon.colcon_core.package_identification:_identify(src/bwt901cl_pkg) by extensions ['colcon_meta']
[5.306s] Level 1:colcon.colcon_core.package_identification:_identify(src/bwt901cl_pkg) by extension 'colcon_meta'
[5.306s] Level 1:colcon.colcon_core.package_identification:_identify(src/bwt901cl_pkg) by extensions ['ros']
[5.306s] Level 1:colcon.colcon_core.package_identification:_identify(src/bwt901cl_pkg) by extension 'ros'
[5.317s] DEBUG:colcon.colcon_core.package_identification:Package 'src/bwt901cl_pkg' with type 'ros.ament_python' and name 'bwt901cl_pkg'
[5.318s] Level 1:colcon.colcon_core.package_identification:_identify(src/ldlidar_ros2) by extensions ['ignore', 'ignore_ament_install']
[5.318s] Level 1:colcon.colcon_core.package_identification:_identify(src/ldlidar_ros2) by extension 'ignore'
[5.319s] Level 1:colcon.colcon_core.package_identification:_identify(src/ldlidar_ros2) by extension 'ignore_ament_install'
[5.319s] Level 1:colcon.colcon_core.package_identification:_identify(src/ldlidar_ros2) by extensions ['colcon_pkg']
[5.319s] Level 1:colcon.colcon_core.package_identification:_identify(src/ldlidar_ros2) by extension 'colcon_pkg'
[5.319s] Level 1:colcon.colcon_core.package_identification:_identify(src/ldlidar_ros2) by extensions ['colcon_meta']
[5.319s] Level 1:colcon.colcon_core.package_identification:_identify(src/ldlidar_ros2) by extension 'colcon_meta'
[5.320s] Level 1:colcon.colcon_core.package_identification:_identify(src/ldlidar_ros2) by extensions ['ros']
[5.320s] Level 1:colcon.colcon_core.package_identification:_identify(src/ldlidar_ros2) by extension 'ros'
[5.320s] Level 1:colcon.colcon_core.package_identification:_identify(src/ldlidar_ros2) by extensions ['cmake', 'python']
[5.321s] Level 1:colcon.colcon_core.package_identification:_identify(src/ldlidar_ros2) by extension 'cmake'
[5.321s] Level 1:colcon.colcon_core.package_identification:_identify(src/ldlidar_ros2) by extension 'python'
[5.321s] Level 1:colcon.colcon_core.package_identification:_identify(src/ldlidar_ros2) by extensions ['python_setup_py']
[5.321s] Level 1:colcon.colcon_core.package_identification:_identify(src/ldlidar_ros2) by extension 'python_setup_py'
[5.322s] Level 1:colcon.colcon_core.package_identification:_identify(src/servo_controller) by extensions ['ignore', 'ignore_ament_install']
[5.322s] Level 1:colcon.colcon_core.package_identification:_identify(src/servo_controller) by extension 'ignore'
[5.322s] Level 1:colcon.colcon_core.package_identification:_identify(src/servo_controller) by extension 'ignore_ament_install'
[5.323s] Level 1:colcon.colcon_core.package_identification:_identify(src/servo_controller) by extensions ['colcon_pkg']
[5.323s] Level 1:colcon.colcon_core.package_identification:_identify(src/servo_controller) by extension 'colcon_pkg'
[5.323s] Level 1:colcon.colcon_core.package_identification:_identify(src/servo_controller) by extensions ['colcon_meta']
[5.323s] Level 1:colcon.colcon_core.package_identification:_identify(src/servo_controller) by extension 'colcon_meta'
[5.323s] Level 1:colcon.colcon_core.package_identification:_identify(src/servo_controller) by extensions ['ros']
[5.323s] Level 1:colcon.colcon_core.package_identification:_identify(src/servo_controller) by extension 'ros'
[5.326s] DEBUG:colcon.colcon_core.package_identification:Package 'src/servo_controller' with type 'ros.ament_python' and name 'servo_controller'
[5.326s] Level 1:colcon.colcon_core.package_identification:_identify(src/spot_v1_description) by extensions ['ignore', 'ignore_ament_install']
[5.327s] Level 1:colcon.colcon_core.package_identification:_identify(src/spot_v1_description) by extension 'ignore'
[5.327s] Level 1:colcon.colcon_core.package_identification:_identify(src/spot_v1_description) by extension 'ignore_ament_install'
[5.327s] Level 1:colcon.colcon_core.package_identification:_identify(src/spot_v1_description) by extensions ['colcon_pkg']
[5.327s] Level 1:colcon.colcon_core.package_identification:_identify(src/spot_v1_description) by extension 'colcon_pkg'
[5.328s] Level 1:colcon.colcon_core.package_identification:_identify(src/spot_v1_description) by extensions ['colcon_meta']
[5.328s] Level 1:colcon.colcon_core.package_identification:_identify(src/spot_v1_description) by extension 'colcon_meta'
[5.328s] Level 1:colcon.colcon_core.package_identification:_identify(src/spot_v1_description) by extensions ['ros']
[5.328s] Level 1:colcon.colcon_core.package_identification:_identify(src/spot_v1_description) by extension 'ros'
[5.332s] DEBUG:colcon.colcon_core.package_identification:Package 'src/spot_v1_description' with type 'ros.ament_python' and name 'spot_v1_description'
[5.332s] Level 1:colcon.colcon_core.package_discovery:discover_packages(recursive) using defaults
[5.333s] Level 1:colcon.colcon_core.package_discovery:discover_packages(ignore) discover
[5.333s] Level 1:colcon.colcon_core.package_discovery:discover_packages(ignore) using defaults
[5.333s] Level 1:colcon.colcon_core.package_discovery:discover_packages(path) discover
[5.333s] Level 1:colcon.colcon_core.package_discovery:discover_packages(path) using defaults
[5.762s] Level 1:colcon.colcon_core.package_discovery:discover_packages(prefix_path) check parameters
[5.762s] Level 1:colcon.colcon_core.package_discovery:discover_packages(prefix_path) discover
[5.908s] DEBUG:colcon.colcon_installed_package_information.package_discovery:Found 270 installed packages in /opt/ros/humble
[5.914s] Level 1:colcon.colcon_core.package_discovery:discover_packages(prefix_path) using defaults
[6.303s] Level 5:colcon.colcon_core.verb:set package 'bwt901cl_pkg' build argument 'cmake_args' from command line to 'None'
[6.303s] Level 5:colcon.colcon_core.verb:set package 'bwt901cl_pkg' build argument 'cmake_target' from command line to 'None'
[6.304s] Level 5:colcon.colcon_core.verb:set package 'bwt901cl_pkg' build argument 'cmake_target_skip_unavailable' from command line to 'False'
[6.304s] Level 5:colcon.colcon_core.verb:set package 'bwt901cl_pkg' build argument 'cmake_clean_cache' from command line to 'False'
[6.304s] Level 5:colcon.colcon_core.verb:set package 'bwt901cl_pkg' build argument 'cmake_clean_first' from command line to 'False'
[6.304s] Level 5:colcon.colcon_core.verb:set package 'bwt901cl_pkg' build argument 'cmake_force_configure' from command line to 'False'
[6.304s] Level 5:colcon.colcon_core.verb:set package 'bwt901cl_pkg' build argument 'ament_cmake_args' from command line to 'None'
[6.304s] Level 5:colcon.colcon_core.verb:set package 'bwt901cl_pkg' build argument 'catkin_cmake_args' from command line to 'None'
[6.304s] Level 5:colcon.colcon_core.verb:set package 'bwt901cl_pkg' build argument 'catkin_skip_building_tests' from command line to 'False'
[6.304s] DEBUG:colcon.colcon_core.verb:Building package 'bwt901cl_pkg' with the following arguments: {'ament_cmake_args': None, 'build_base': '/home/rob/spot_ws/build/bwt901cl_pkg', 'catkin_cmake_args': None, 'catkin_skip_building_tests': False, 'cmake_args': None, 'cmake_clean_cache': False, 'cmake_clean_first': False, 'cmake_force_configure': False, 'cmake_target': None, 'cmake_target_skip_unavailable': False, 'install_base': '/home/rob/spot_ws/install/bwt901cl_pkg', 'merge_install': False, 'path': '/home/rob/spot_ws/src/bwt901cl_pkg', 'symlink_install': False, 'test_result_base': None}
[6.368s] Level 5:colcon.colcon_core.verb:set package 'servo_controller' build argument 'cmake_args' from command line to 'None'
[6.368s] Level 5:colcon.colcon_core.verb:set package 'servo_controller' build argument 'cmake_target' from command line to 'None'
[6.368s] Level 5:colcon.colcon_core.verb:set package 'servo_controller' build argument 'cmake_target_skip_unavailable' from command line to 'False'
[6.368s] Level 5:colcon.colcon_core.verb:set package 'servo_controller' build argument 'cmake_clean_cache' from command line to 'False'
[6.368s] Level 5:colcon.colcon_core.verb:set package 'servo_controller' build argument 'cmake_clean_first' from command line to 'False'
[6.368s] Level 5:colcon.colcon_core.verb:set package 'servo_controller' build argument 'cmake_force_configure' from command line to 'False'
[6.368s] Level 5:colcon.colcon_core.verb:set package 'servo_controller' build argument 'ament_cmake_args' from command line to 'None'
[6.368s] Level 5:colcon.colcon_core.verb:set package 'servo_controller' build argument 'catkin_cmake_args' from command line to 'None'
[6.369s] Level 5:colcon.colcon_core.verb:set package 'servo_controller' build argument 'catkin_skip_building_tests' from command line to 'False'
[6.369s] DEBUG:colcon.colcon_core.verb:Building package 'servo_controller' with the following arguments: {'ament_cmake_args': None, 'build_base': '/home/rob/spot_ws/build/servo_controller', 'catkin_cmake_args': None, 'catkin_skip_building_tests': False, 'cmake_args': None, 'cmake_clean_cache': False, 'cmake_clean_first': False, 'cmake_force_configure': False, 'cmake_target': None, 'cmake_target_skip_unavailable': False, 'install_base': '/home/rob/spot_ws/install/servo_controller', 'merge_install': False, 'path': '/home/rob/spot_ws/src/servo_controller', 'symlink_install': False, 'test_result_base': None}
[6.432s] Level 5:colcon.colcon_core.verb:set package 'spot_v1_description' build argument 'cmake_args' from command line to 'None'
[6.432s] Level 5:colcon.colcon_core.verb:set package 'spot_v1_description' build argument 'cmake_target' from command line to 'None'
[6.432s] Level 5:colcon.colcon_core.verb:set package 'spot_v1_description' build argument 'cmake_target_skip_unavailable' from command line to 'False'
[6.433s] Level 5:colcon.colcon_core.verb:set package 'spot_v1_description' build argument 'cmake_clean_cache' from command line to 'False'
[6.433s] Level 5:colcon.colcon_core.verb:set package 'spot_v1_description' build argument 'cmake_clean_first' from command line to 'False'
[6.433s] Level 5:colcon.colcon_core.verb:set package 'spot_v1_description' build argument 'cmake_force_configure' from command line to 'False'
[6.433s] Level 5:colcon.colcon_core.verb:set package 'spot_v1_description' build argument 'ament_cmake_args' from command line to 'None'
[6.433s] Level 5:colcon.colcon_core.verb:set package 'spot_v1_description' build argument 'catkin_cmake_args' from command line to 'None'
[6.433s] Level 5:colcon.colcon_core.verb:set package 'spot_v1_description' build argument 'catkin_skip_building_tests' from command line to 'False'
[6.433s] DEBUG:colcon.colcon_core.verb:Building package 'spot_v1_description' with the following arguments: {'ament_cmake_args': None, 'build_base': '/home/rob/spot_ws/build/spot_v1_description', 'catkin_cmake_args': None, 'catkin_skip_building_tests': False, 'cmake_args': None, 'cmake_clean_cache': False, 'cmake_clean_first': False, 'cmake_force_configure': False, 'cmake_target': None, 'cmake_target_skip_unavailable': False, 'install_base': '/home/rob/spot_ws/install/spot_v1_description', 'merge_install': False, 'path': '/home/rob/spot_ws/src/spot_v1_description', 'symlink_install': False, 'test_result_base': None}
[6.496s] INFO:colcon.colcon_core.executor:Executing jobs using 'parallel' executor
[6.561s] DEBUG:colcon.colcon_parallel_executor.executor.parallel:run_until_complete
[6.562s] INFO:colcon.colcon_ros.task.ament_python.build:Building ROS package in '/home/rob/spot_ws/src/bwt901cl_pkg' with build type 'ament_python'
[6.562s] Level 1:colcon.colcon_core.shell:create_environment_hook('bwt901cl_pkg', 'ament_prefix_path')
[6.644s] INFO:colcon.colcon_core.plugin_system:Skipping extension 'colcon_core.shell.bat': Not used on non-Windows systems
[6.645s] INFO:colcon.colcon_core.shell:Creating environment hook '/home/rob/spot_ws/install/bwt901cl_pkg/share/bwt901cl_pkg/hook/ament_prefix_path.ps1'
[6.649s] INFO:colcon.colcon_core.shell:Creating environment descriptor '/home/rob/spot_ws/install/bwt901cl_pkg/share/bwt901cl_pkg/hook/ament_prefix_path.dsv'
[6.652s] INFO:colcon.colcon_core.shell:Creating environment hook '/home/rob/spot_ws/install/bwt901cl_pkg/share/bwt901cl_pkg/hook/ament_prefix_path.sh'
[6.758s] INFO:colcon.colcon_core.shell:Skip shell extension 'powershell' for command environment: Not usable outside of PowerShell
[6.758s] DEBUG:colcon.colcon_core.shell:Skip shell extension 'dsv' for command environment
[6.902s] INFO:colcon.colcon_ros.task.ament_python.build:Building ROS package in '/home/rob/spot_ws/src/servo_controller' with build type 'ament_python'
[6.902s] Level 1:colcon.colcon_core.shell:create_environment_hook('servo_controller', 'ament_prefix_path')
[6.971s] INFO:colcon.colcon_core.shell:Creating environment hook '/home/rob/spot_ws/install/servo_controller/share/servo_controller/hook/ament_prefix_path.ps1'
[6.973s] INFO:colcon.colcon_core.shell:Creating environment descriptor '/home/rob/spot_ws/install/servo_controller/share/servo_controller/hook/ament_prefix_path.dsv'
[6.975s] INFO:colcon.colcon_core.shell:Creating environment hook '/home/rob/spot_ws/install/servo_controller/share/servo_controller/hook/ament_prefix_path.sh'
[7.040s] INFO:colcon.colcon_core.shell:Skip shell extension 'powershell' for command environment: Not usable outside of PowerShell
[7.040s] DEBUG:colcon.colcon_core.shell:Skip shell extension 'dsv' for command environment
[7.182s] INFO:colcon.colcon_ros.task.ament_python.build:Building ROS package in '/home/rob/spot_ws/src/spot_v1_description' with build type 'ament_python'
[7.182s] Level 1:colcon.colcon_core.shell:create_environment_hook('spot_v1_description', 'ament_prefix_path')
[7.264s] INFO:colcon.colcon_core.shell:Creating environment hook '/home/rob/spot_ws/install/spot_v1_description/share/spot_v1_description/hook/ament_prefix_path.ps1'
[7.267s] INFO:colcon.colcon_core.shell:Creating environment descriptor '/home/rob/spot_ws/install/spot_v1_description/share/spot_v1_description/hook/ament_prefix_path.dsv'
[7.268s] INFO:colcon.colcon_core.shell:Creating environment hook '/home/rob/spot_ws/install/spot_v1_description/share/spot_v1_description/hook/ament_prefix_path.sh'
[7.333s] INFO:colcon.colcon_core.shell:Skip shell extension 'powershell' for command environment: Not usable outside of PowerShell
[7.334s] DEBUG:colcon.colcon_core.shell:Skip shell extension 'dsv' for command environment
[8.606s] INFO:colcon.colcon_core.task.python.build:Building Python package in '/home/rob/spot_ws/src/bwt901cl_pkg'
[8.675s] INFO:colcon.colcon_core.shell:Skip shell extension 'powershell' for command environment: Not usable outside of PowerShell
[8.675s] DEBUG:colcon.colcon_core.shell:Skip shell extension 'dsv' for command environment
[9.957s] INFO:colcon.colcon_core.task.python.build:Building Python package in '/home/rob/spot_ws/src/servo_controller'
[10.026s] INFO:colcon.colcon_core.shell:Skip shell extension 'powershell' for command environment: Not usable outside of PowerShell
[10.026s] DEBUG:colcon.colcon_core.shell:Skip shell extension 'dsv' for command environment
[11.302s] INFO:colcon.colcon_core.task.python.build:Building Python package in '/home/rob/spot_ws/src/spot_v1_description'
[11.368s] INFO:colcon.colcon_core.shell:Skip shell extension 'powershell' for command environment: Not usable outside of PowerShell
[11.368s] DEBUG:colcon.colcon_core.shell:Skip shell extension 'dsv' for command environment
[13.697s] DEBUG:colcon.colcon_core.event_handler.log_command:Invoking command in '/home/rob/spot_ws/src/servo_controller': PYTHONPATH=/home/rob/spot_ws/build/servo_controller/prefix_override:/home/rob/spot_ws/install/servo_controller/lib/python3.10/site-packages:${PYTHONPATH} /usr/bin/python3 setup.py egg_info --egg-base ../../build/servo_controller build --build-base /home/rob/spot_ws/build/servo_controller/build install --record /home/rob/spot_ws/build/servo_controller/install.log --single-version-externally-managed
[13.723s] DEBUG:colcon.colcon_core.event_handler.log_command:Invoking command in '/home/rob/spot_ws/src/spot_v1_description': PYTHONPATH=/home/rob/spot_ws/build/spot_v1_description/prefix_override:/home/rob/spot_ws/install/spot_v1_description/lib/python3.10/site-packages:${PYTHONPATH} /usr/bin/python3 setup.py egg_info --egg-base ../../build/spot_v1_description build --build-base /home/rob/spot_ws/build/spot_v1_description/build install --record /home/rob/spot_ws/build/spot_v1_description/install.log --install-scripts $base/lib/spot_v1_description --single-version-externally-managed
[13.733s] DEBUG:colcon.colcon_core.event_handler.log_command:Invoking command in '/home/rob/spot_ws/src/bwt901cl_pkg': PYTHONPATH=/home/rob/spot_ws/build/bwt901cl_pkg/prefix_override:/home/rob/spot_ws/install/bwt901cl_pkg/lib/python3.10/site-packages:${PYTHONPATH} /usr/bin/python3 setup.py egg_info --egg-base ../../build/bwt901cl_pkg build --build-base /home/rob/spot_ws/build/bwt901cl_pkg/build install --record /home/rob/spot_ws/build/bwt901cl_pkg/install.log --install-scripts $base/lib/bwt901cl_pkg --single-version-externally-managed
[15.541s] DEBUG:colcon.colcon_core.event_handler.log_command:Invoked command in '/home/rob/spot_ws/src/servo_controller' returned '0': PYTHONPATH=/home/rob/spot_ws/build/servo_controller/prefix_override:/home/rob/spot_ws/install/servo_controller/lib/python3.10/site-packages:${PYTHONPATH} /usr/bin/python3 setup.py egg_info --egg-base ../../build/servo_controller build --build-base /home/rob/spot_ws/build/servo_controller/build install --record /home/rob/spot_ws/build/servo_controller/install.log --single-version-externally-managed
[15.655s] Level 1:colcon.colcon_core.environment:checking '/home/rob/spot_ws/install/servo_controller' for CMake module files
[15.657s] Level 1:colcon.colcon_core.environment:checking '/home/rob/spot_ws/install/servo_controller' for CMake config files
[15.660s] Level 1:colcon.colcon_core.environment:checking '/home/rob/spot_ws/install/servo_controller/lib'
[15.661s] Level 1:colcon.colcon_core.environment:checking '/home/rob/spot_ws/install/servo_controller/bin'
[15.661s] Level 1:colcon.colcon_core.environment:checking '/home/rob/spot_ws/install/servo_controller/lib/pkgconfig/servo_controller.pc'
[15.663s] Level 1:colcon.colcon_core.environment:checking '/home/rob/spot_ws/install/servo_controller/lib/python3.10/site-packages'
[15.663s] Level 1:colcon.colcon_core.shell:create_environment_hook('servo_controller', 'pythonpath')
[15.729s] INFO:colcon.colcon_core.shell:Creating environment hook '/home/rob/spot_ws/install/servo_controller/share/servo_controller/hook/pythonpath.ps1'
[15.731s] INFO:colcon.colcon_core.shell:Creating environment descriptor '/home/rob/spot_ws/install/servo_controller/share/servo_controller/hook/pythonpath.dsv'
[15.732s] INFO:colcon.colcon_core.shell:Creating environment hook '/home/rob/spot_ws/install/servo_controller/share/servo_controller/hook/pythonpath.sh'
[15.734s] Level 1:colcon.colcon_core.environment:checking '/home/rob/spot_ws/install/servo_controller/bin'
[15.735s] Level 1:colcon.colcon_core.environment:create_environment_scripts_only(servo_controller)
[15.801s] INFO:colcon.colcon_core.shell:Creating package script '/home/rob/spot_ws/install/servo_controller/share/servo_controller/package.ps1'
[15.805s] INFO:colcon.colcon_core.shell:Creating package descriptor '/home/rob/spot_ws/install/servo_controller/share/servo_controller/package.dsv'
[15.808s] INFO:colcon.colcon_core.shell:Creating package script '/home/rob/spot_ws/install/servo_controller/share/servo_controller/package.sh'
[15.811s] INFO:colcon.colcon_core.shell:Creating package script '/home/rob/spot_ws/install/servo_controller/share/servo_controller/package.bash'
[15.815s] INFO:colcon.colcon_core.shell:Creating package script '/home/rob/spot_ws/install/servo_controller/share/servo_controller/package.zsh'
[15.819s] Level 1:colcon.colcon_core.environment:create_file_with_runtime_dependencies(/home/rob/spot_ws/install/servo_controller/share/colcon-core/packages/servo_controller)
[15.826s] DEBUG:colcon.colcon_core.event_handler.log_command:Invoked command in '/home/rob/spot_ws/src/bwt901cl_pkg' returned '0': PYTHONPATH=/home/rob/spot_ws/build/bwt901cl_pkg/prefix_override:/home/rob/spot_ws/install/bwt901cl_pkg/lib/python3.10/site-packages:${PYTHONPATH} /usr/bin/python3 setup.py egg_info --egg-base ../../build/bwt901cl_pkg build --build-base /home/rob/spot_ws/build/bwt901cl_pkg/build install --record /home/rob/spot_ws/build/bwt901cl_pkg/install.log --install-scripts $base/lib/bwt901cl_pkg --single-version-externally-managed
[15.892s] Level 1:colcon.colcon_core.environment:checking '/home/rob/spot_ws/install/bwt901cl_pkg' for CMake module files
[15.895s] Level 1:colcon.colcon_core.environment:checking '/home/rob/spot_ws/install/bwt901cl_pkg' for CMake config files
[15.898s] Level 1:colcon.colcon_core.environment:checking '/home/rob/spot_ws/install/bwt901cl_pkg/lib'
[15.898s] Level 1:colcon.colcon_core.environment:checking '/home/rob/spot_ws/install/bwt901cl_pkg/bin'
[15.898s] Level 1:colcon.colcon_core.environment:checking '/home/rob/spot_ws/install/bwt901cl_pkg/lib/pkgconfig/bwt901cl_pkg.pc'
[15.899s] Level 1:colcon.colcon_core.environment:checking '/home/rob/spot_ws/install/bwt901cl_pkg/lib/python3.10/site-packages'
[15.900s] Level 1:colcon.colcon_core.shell:create_environment_hook('bwt901cl_pkg', 'pythonpath')
[15.963s] INFO:colcon.colcon_core.shell:Creating environment hook '/home/rob/spot_ws/install/bwt901cl_pkg/share/bwt901cl_pkg/hook/pythonpath.ps1'
[15.965s] INFO:colcon.colcon_core.shell:Creating environment descriptor '/home/rob/spot_ws/install/bwt901cl_pkg/share/bwt901cl_pkg/hook/pythonpath.dsv'
[15.966s] INFO:colcon.colcon_core.shell:Creating environment hook '/home/rob/spot_ws/install/bwt901cl_pkg/share/bwt901cl_pkg/hook/pythonpath.sh'
[15.968s] Level 1:colcon.colcon_core.environment:checking '/home/rob/spot_ws/install/bwt901cl_pkg/bin'
[15.969s] Level 1:colcon.colcon_core.environment:create_environment_scripts_only(bwt901cl_pkg)
[16.036s] INFO:colcon.colcon_core.shell:Creating package script '/home/rob/spot_ws/install/bwt901cl_pkg/share/bwt901cl_pkg/package.ps1'
[16.038s] INFO:colcon.colcon_core.shell:Creating package descriptor '/home/rob/spot_ws/install/bwt901cl_pkg/share/bwt901cl_pkg/package.dsv'
[16.040s] INFO:colcon.colcon_core.shell:Creating package script '/home/rob/spot_ws/install/bwt901cl_pkg/share/bwt901cl_pkg/package.sh'
[16.042s] INFO:colcon.colcon_core.shell:Creating package script '/home/rob/spot_ws/install/bwt901cl_pkg/share/bwt901cl_pkg/package.bash'
[16.043s] INFO:colcon.colcon_core.shell:Creating package script '/home/rob/spot_ws/install/bwt901cl_pkg/share/bwt901cl_pkg/package.zsh'
[16.045s] Level 1:colcon.colcon_core.environment:create_file_with_runtime_dependencies(/home/rob/spot_ws/install/bwt901cl_pkg/share/colcon-core/packages/bwt901cl_pkg)
[16.050s] DEBUG:colcon.colcon_core.event_handler.log_command:Invoked command in '/home/rob/spot_ws/src/spot_v1_description' returned '0': PYTHONPATH=/home/rob/spot_ws/build/spot_v1_description/prefix_override:/home/rob/spot_ws/install/spot_v1_description/lib/python3.10/site-packages:${PYTHONPATH} /usr/bin/python3 setup.py egg_info --egg-base ../../build/spot_v1_description build --build-base /home/rob/spot_ws/build/spot_v1_description/build install --record /home/rob/spot_ws/build/spot_v1_description/install.log --install-scripts $base/lib/spot_v1_description --single-version-externally-managed
[16.115s] Level 1:colcon.colcon_core.environment:checking '/home/rob/spot_ws/install/spot_v1_description' for CMake module files
[16.118s] Level 1:colcon.colcon_core.environment:checking '/home/rob/spot_ws/install/spot_v1_description' for CMake config files
[16.121s] Level 1:colcon.colcon_core.environment:checking '/home/rob/spot_ws/install/spot_v1_description/lib'
[16.121s] Level 1:colcon.colcon_core.environment:checking '/home/rob/spot_ws/install/spot_v1_description/bin'
[16.122s] Level 1:colcon.colcon_core.environment:checking '/home/rob/spot_ws/install/spot_v1_description/lib/pkgconfig/spot_v1_description.pc'
[16.122s] Level 1:colcon.colcon_core.environment:checking '/home/rob/spot_ws/install/spot_v1_description/lib/python3.10/site-packages'
[16.123s] Level 1:colcon.colcon_core.shell:create_environment_hook('spot_v1_description', 'pythonpath')
[16.188s] INFO:colcon.colcon_core.shell:Creating environment hook '/home/rob/spot_ws/install/spot_v1_description/share/spot_v1_description/hook/pythonpath.ps1'
[16.189s] INFO:colcon.colcon_core.shell:Creating environment descriptor '/home/rob/spot_ws/install/spot_v1_description/share/spot_v1_description/hook/pythonpath.dsv'
[16.191s] INFO:colcon.colcon_core.shell:Creating environment hook '/home/rob/spot_ws/install/spot_v1_description/share/spot_v1_description/hook/pythonpath.sh'
[16.193s] Level 1:colcon.colcon_core.environment:checking '/home/rob/spot_ws/install/spot_v1_description/bin'
[16.193s] Level 1:colcon.colcon_core.environment:create_environment_scripts_only(spot_v1_description)
[16.271s] INFO:colcon.colcon_core.shell:Creating package script '/home/rob/spot_ws/install/spot_v1_description/share/spot_v1_description/package.ps1'
[16.273s] INFO:colcon.colcon_core.shell:Creating package descriptor '/home/rob/spot_ws/install/spot_v1_description/share/spot_v1_description/package.dsv'
[16.275s] INFO:colcon.colcon_core.shell:Creating package script '/home/rob/spot_ws/install/spot_v1_description/share/spot_v1_description/package.sh'
[16.277s] INFO:colcon.colcon_core.shell:Creating package script '/home/rob/spot_ws/install/spot_v1_description/share/spot_v1_description/package.bash'
[16.278s] INFO:colcon.colcon_core.shell:Creating package script '/home/rob/spot_ws/install/spot_v1_description/share/spot_v1_description/package.zsh'
[16.280s] Level 1:colcon.colcon_core.environment:create_file_with_runtime_dependencies(/home/rob/spot_ws/install/spot_v1_description/share/colcon-core/packages/spot_v1_description)
[16.281s] DEBUG:colcon.colcon_parallel_executor.executor.parallel:closing loop
[16.282s] DEBUG:colcon.colcon_parallel_executor.executor.parallel:loop closed
[16.283s] DEBUG:colcon.colcon_parallel_executor.executor.parallel:run_until_complete finished with '0'
[16.283s] DEBUG:colcon.colcon_core.event_reactor:joining thread
[16.379s] INFO:colcon.colcon_core.plugin_system:Skipping extension 'colcon_notification.desktop_notification.terminal_notifier': Not used on non-Darwin systems
[16.380s] INFO:colcon.colcon_core.plugin_system:Skipping extension 'colcon_notification.desktop_notification.win32': Not used on non-Windows systems
[16.380s] INFO:colcon.colcon_notification.desktop_notification:Sending desktop notification using 'notify2'
[41.407s] DEBUG:colcon.colcon_notification.desktop_notification.notify2:Failed to initialize notify2: org.freedesktop.DBus.Error.NoReply: Did not receive a reply. Possible causes include: the remote application did not send a reply, the message bus security policy blocked the reply, the reply timeout expired, or the network connection was broken.
[41.408s] DEBUG:colcon.colcon_core.event_reactor:joined thread
[41.481s] INFO:colcon.colcon_core.shell:Creating prefix script '/home/rob/spot_ws/install/local_setup.ps1'
[41.486s] INFO:colcon.colcon_core.shell:Creating prefix util module '/home/rob/spot_ws/install/_local_setup_util_ps1.py'
[41.492s] INFO:colcon.colcon_core.shell:Creating prefix chain script '/home/rob/spot_ws/install/setup.ps1'
[41.560s] INFO:colcon.colcon_core.shell:Creating prefix script '/home/rob/spot_ws/install/local_setup.sh'
[41.563s] INFO:colcon.colcon_core.shell:Creating prefix util module '/home/rob/spot_ws/install/_local_setup_util_sh.py'
[41.565s] INFO:colcon.colcon_core.shell:Creating prefix chain script '/home/rob/spot_ws/install/setup.sh'
[41.633s] INFO:colcon.colcon_core.shell:Creating prefix script '/home/rob/spot_ws/install/local_setup.bash'
[41.635s] INFO:colcon.colcon_core.shell:Creating prefix chain script '/home/rob/spot_ws/install/setup.bash'
[41.703s] INFO:colcon.colcon_core.shell:Creating prefix script '/home/rob/spot_ws/install/local_setup.zsh'
[41.706s] INFO:colcon.colcon_core.shell:Creating prefix chain script '/home/rob/spot_ws/install/setup.zsh'
