[2.133s] Invoking command in '/home/rob/spot_ws/build/ldlidar_ros2': CMAKE_PREFIX_PATH=/opt/ros/humble /usr/bin/cmake /home/rob/spot_ws/src/ldlidar_ros2 -DCMAKE_INSTALL_PREFIX=/home/rob/spot_ws/install/ldlidar_ros2
[3.752s] -- The C compiler identification is GNU 11.4.0
[3.769s] -- The CXX compiler identification is GNU 11.4.0
[3.813s] -- Detecting C compiler ABI info
[4.157s] -- Detecting C compiler ABI info - done
[4.182s] -- Check for working C compiler: /usr/bin/cc - skipped
[4.184s] -- Detecting C compile features
[4.187s] -- Detecting C compile features - done
[4.202s] -- Detecting CXX compiler ABI info
[4.549s] -- Detecting CXX compiler ABI info - done
[4.573s] -- Check for working CXX compiler: /usr/bin/c++ - skipped
[4.574s] -- Detecting CXX compile features
[4.576s] -- Detecting CXX compile features - done
[4.615s] -- Found ament_cmake: 1.3.7 (/opt/ros/humble/share/ament_cmake/cmake)
[5.524s] -- Found Python3: /usr/bin/python3.10 (found version "3.10.12") found components: Interpreter 
[6.374s] -- Found rclcpp: 16.0.8 (/opt/ros/humble/share/rclcpp/cmake)
[6.812s] -- Found rosidl_generator_c: 3.1.5 (/opt/ros/humble/share/rosidl_generator_c/cmake)
[6.864s] -- Found rosidl_adapter: 3.1.5 (/opt/ros/humble/share/rosidl_adapter/cmake)
[6.952s] -- Found rosidl_generator_cpp: 3.1.5 (/opt/ros/humble/share/rosidl_generator_cpp/cmake)
[7.067s] -- Using all available rosidl_typesupport_c: rosidl_typesupport_fastrtps_c;rosidl_typesupport_introspection_c
[7.246s] -- Using all available rosidl_typesupport_cpp: rosidl_typesupport_fastrtps_cpp;rosidl_typesupport_introspection_cpp
[7.920s] -- Found rmw_implementation_cmake: 6.1.1 (/opt/ros/humble/share/rmw_implementation_cmake/cmake)
[7.950s] -- Found rmw_fastrtps_cpp: 6.2.6 (/opt/ros/humble/share/rmw_fastrtps_cpp/cmake)
[8.743s] -- Found OpenSSL: /usr/lib/aarch64-linux-gnu/libcrypto.so (found version "3.0.2")  
[9.013s] -- Found FastRTPS: /opt/ros/humble/include  
[9.496s] -- Using RMW implementation 'rmw_fastrtps_cpp' as default
[9.640s] -- Looking for pthread.h
[10.078s] -- Looking for pthread.h - found
[10.080s] -- Performing Test CMAKE_HAVE_LIBC_PTHREAD
[10.415s] -- Performing Test CMAKE_HAVE_LIBC_PTHREAD - Success
[10.420s] -- Found Threads: TRUE  
[11.167s] -- Found sensor_msgs: 4.2.3 (/opt/ros/humble/share/sensor_msgs/cmake)
[11.688s] -- Found ament_lint_auto: 0.12.10 (/opt/ros/humble/share/ament_lint_auto/cmake)
[12.138s] [31mCMake Error at CMakeLists.txt:41 (add_subdirectory):
[12.138s]   The source directory
[12.138s] 
[12.139s]     /home/rob/spot_ws/src/ldlidar_ros2/sdk
[12.139s] 
[12.139s]   does not contain a CMakeLists.txt file.
[12.139s] 
[12.140s] [0m
[12.159s] -- Added test 'copyright' to check source files copyright and LICENSE
[12.198s] -- Added test 'cppcheck' to perform static code analysis on C / C++ code
[12.199s] -- Configured cppcheck include dirs: /home/rob/spot_ws/src/ldlidar_ros2/include;/home/rob/spot_ws/src/ldlidar_ros2/sdk/include
[12.199s] -- Configured cppcheck exclude dirs and/or files: 
[12.235s] -- Added test 'cpplint' to check C / C++ code against the Google style
[12.235s] -- Configured cpplint exclude dirs and/or files: 
[12.241s] -- Added test 'flake8' to check Python code syntax and style conventions
[12.253s] -- Added test 'lint_cmake' to check CMake code style
[12.260s] -- Added test 'pep257' to check Python code against some of the docstring style conventions in PEP 257
[12.296s] -- Added test 'uncrustify' to check C / C++ code style
[12.296s] -- Configured uncrustify additional arguments: 
[12.302s] -- Added test 'xmllint' to check XML markup files
[12.315s] -- Configuring incomplete, errors occurred!
[12.316s] See also "/home/rob/spot_ws/build/ldlidar_ros2/CMakeFiles/CMakeOutput.log".
[12.354s] Invoked command in '/home/rob/spot_ws/build/ldlidar_ros2' returned '1': CMAKE_PREFIX_PATH=/opt/ros/humble /usr/bin/cmake /home/rob/spot_ws/src/ldlidar_ros2 -DCMAKE_INSTALL_PREFIX=/home/rob/spot_ws/install/ldlidar_ros2
