[4.515s] DEBUG:colcon:Command line arguments: ['/usr/bin/colcon', 'build']
[4.515s] DEBUG:colcon:Parsed command line arguments: Namespace(log_base=None, log_level=None, verb_name='build', build_base='build', install_base='install', merge_install=False, symlink_install=False, test_result_base=None, continue_on_error=False, executor='parallel', parallel_workers=4, event_handlers=None, ignore_user_meta=False, metas=['./colcon.meta'], base_paths=['.'], packages_ignore=None, packages_ignore_regex=None, paths=None, packages_up_to=None, packages_up_to_regex=None, packages_above=None, packages_above_and_dependencies=None, packages_above_depth=None, packages_select_by_dep=None, packages_skip_by_dep=None, packages_skip_up_to=None, packages_select_build_failed=False, packages_skip_build_finished=False, packages_select_test_failures=False, packages_skip_test_passed=False, packages_select=None, packages_skip=None, packages_select_regex=None, packages_skip_regex=None, packages_start=None, packages_end=None, allow_overriding=[], cmake_args=None, cmake_target=None, cmake_target_skip_unavailable=False, cmake_clean_cache=False, cmake_clean_first=False, cmake_force_configure=False, ament_cmake_args=None, catkin_cmake_args=None, catkin_skip_building_tests=False, verb_parser=<colcon_defaults.argument_parser.defaults.DefaultArgumentsDecorator object at 0xffff8ff6d540>, verb_extension=<colcon_core.verb.build.BuildVerb object at 0xffff9047bf70>, main=<bound method BuildVerb.main of <colcon_core.verb.build.BuildVerb object at 0xffff9047bf70>>)
[4.719s] Level 1:colcon.colcon_core.package_discovery:discover_packages(colcon_meta) check parameters
[4.720s] Level 1:colcon.colcon_core.package_discovery:discover_packages(recursive) check parameters
[4.720s] Level 1:colcon.colcon_core.package_discovery:discover_packages(ignore) check parameters
[4.720s] Level 1:colcon.colcon_core.package_discovery:discover_packages(path) check parameters
[4.720s] Level 1:colcon.colcon_core.package_discovery:discover_packages(colcon_meta) discover
[4.720s] Level 1:colcon.colcon_core.package_discovery:discover_packages(recursive) discover
[4.720s] INFO:colcon.colcon_core.package_discovery:Crawling recursively for packages in '/home/rob/spot_ws'
[4.721s] Level 1:colcon.colcon_core.package_identification:_identify(.) by extensions ['ignore', 'ignore_ament_install']
[4.721s] Level 1:colcon.colcon_core.package_identification:_identify(.) by extension 'ignore'
[4.722s] Level 1:colcon.colcon_core.package_identification:_identify(.) by extension 'ignore_ament_install'
[4.722s] Level 1:colcon.colcon_core.package_identification:_identify(.) by extensions ['colcon_pkg']
[4.722s] Level 1:colcon.colcon_core.package_identification:_identify(.) by extension 'colcon_pkg'
[4.722s] Level 1:colcon.colcon_core.package_identification:_identify(.) by extensions ['colcon_meta']
[4.722s] Level 1:colcon.colcon_core.package_identification:_identify(.) by extension 'colcon_meta'
[4.722s] Level 1:colcon.colcon_core.package_identification:_identify(.) by extensions ['ros']
[4.723s] Level 1:colcon.colcon_core.package_identification:_identify(.) by extension 'ros'
[4.769s] Level 1:colcon.colcon_core.package_identification:_identify(.) by extensions ['cmake', 'python']
[4.769s] Level 1:colcon.colcon_core.package_identification:_identify(.) by extension 'cmake'
[4.770s] Level 1:colcon.colcon_core.package_identification:_identify(.) by extension 'python'
[4.770s] Level 1:colcon.colcon_core.package_identification:_identify(.) by extensions ['python_setup_py']
[4.770s] Level 1:colcon.colcon_core.package_identification:_identify(.) by extension 'python_setup_py'
[4.770s] Level 1:colcon.colcon_core.package_identification:_identify(build) by extensions ['ignore', 'ignore_ament_install']
[4.771s] Level 1:colcon.colcon_core.package_identification:_identify(build) by extension 'ignore'
[4.771s] Level 1:colcon.colcon_core.package_identification:_identify(build) ignored
[4.771s] Level 1:colcon.colcon_core.package_identification:_identify(install) by extensions ['ignore', 'ignore_ament_install']
[4.772s] Level 1:colcon.colcon_core.package_identification:_identify(install) by extension 'ignore'
[4.772s] Level 1:colcon.colcon_core.package_identification:_identify(install) ignored
[4.772s] Level 1:colcon.colcon_core.package_identification:_identify(log) by extensions ['ignore', 'ignore_ament_install']
[4.773s] Level 1:colcon.colcon_core.package_identification:_identify(log) by extension 'ignore'
[4.773s] Level 1:colcon.colcon_core.package_identification:_identify(log) ignored
[4.773s] Level 1:colcon.colcon_core.package_identification:_identify(src) by extensions ['ignore', 'ignore_ament_install']
[4.774s] Level 1:colcon.colcon_core.package_identification:_identify(src) by extension 'ignore'
[4.774s] Level 1:colcon.colcon_core.package_identification:_identify(src) by extension 'ignore_ament_install'
[4.774s] Level 1:colcon.colcon_core.package_identification:_identify(src) by extensions ['colcon_pkg']
[4.774s] Level 1:colcon.colcon_core.package_identification:_identify(src) by extension 'colcon_pkg'
[4.774s] Level 1:colcon.colcon_core.package_identification:_identify(src) by extensions ['colcon_meta']
[4.774s] Level 1:colcon.colcon_core.package_identification:_identify(src) by extension 'colcon_meta'
[4.775s] Level 1:colcon.colcon_core.package_identification:_identify(src) by extensions ['ros']
[4.775s] Level 1:colcon.colcon_core.package_identification:_identify(src) by extension 'ros'
[4.775s] Level 1:colcon.colcon_core.package_identification:_identify(src) by extensions ['cmake', 'python']
[4.775s] Level 1:colcon.colcon_core.package_identification:_identify(src) by extension 'cmake'
[4.775s] Level 1:colcon.colcon_core.package_identification:_identify(src) by extension 'python'
[4.775s] Level 1:colcon.colcon_core.package_identification:_identify(src) by extensions ['python_setup_py']
[4.776s] Level 1:colcon.colcon_core.package_identification:_identify(src) by extension 'python_setup_py'
[4.776s] Level 1:colcon.colcon_core.package_identification:_identify(src/bwt901cl_pkg) by extensions ['ignore', 'ignore_ament_install']
[4.776s] Level 1:colcon.colcon_core.package_identification:_identify(src/bwt901cl_pkg) by extension 'ignore'
[4.776s] Level 1:colcon.colcon_core.package_identification:_identify(src/bwt901cl_pkg) by extension 'ignore_ament_install'
[4.777s] Level 1:colcon.colcon_core.package_identification:_identify(src/bwt901cl_pkg) by extensions ['colcon_pkg']
[4.777s] Level 1:colcon.colcon_core.package_identification:_identify(src/bwt901cl_pkg) by extension 'colcon_pkg'
[4.777s] Level 1:colcon.colcon_core.package_identification:_identify(src/bwt901cl_pkg) by extensions ['colcon_meta']
[4.777s] Level 1:colcon.colcon_core.package_identification:_identify(src/bwt901cl_pkg) by extension 'colcon_meta'
[4.777s] Level 1:colcon.colcon_core.package_identification:_identify(src/bwt901cl_pkg) by extensions ['ros']
[4.778s] Level 1:colcon.colcon_core.package_identification:_identify(src/bwt901cl_pkg) by extension 'ros'
[4.787s] DEBUG:colcon.colcon_core.package_identification:Package 'src/bwt901cl_pkg' with type 'ros.ament_python' and name 'bwt901cl_pkg'
[4.788s] Level 1:colcon.colcon_core.package_identification:_identify(src/ldlidar_ros2) by extensions ['ignore', 'ignore_ament_install']
[4.788s] Level 1:colcon.colcon_core.package_identification:_identify(src/ldlidar_ros2) by extension 'ignore'
[4.788s] Level 1:colcon.colcon_core.package_identification:_identify(src/ldlidar_ros2) by extension 'ignore_ament_install'
[4.788s] Level 1:colcon.colcon_core.package_identification:_identify(src/ldlidar_ros2) by extensions ['colcon_pkg']
[4.789s] Level 1:colcon.colcon_core.package_identification:_identify(src/ldlidar_ros2) by extension 'colcon_pkg'
[4.789s] Level 1:colcon.colcon_core.package_identification:_identify(src/ldlidar_ros2) by extensions ['colcon_meta']
[4.789s] Level 1:colcon.colcon_core.package_identification:_identify(src/ldlidar_ros2) by extension 'colcon_meta'
[4.789s] Level 1:colcon.colcon_core.package_identification:_identify(src/ldlidar_ros2) by extensions ['ros']
[4.789s] Level 1:colcon.colcon_core.package_identification:_identify(src/ldlidar_ros2) by extension 'ros'
[4.790s] Level 1:colcon.colcon_core.package_identification:_identify(src/ldlidar_ros2) by extensions ['cmake', 'python']
[4.790s] Level 1:colcon.colcon_core.package_identification:_identify(src/ldlidar_ros2) by extension 'cmake'
[4.790s] Level 1:colcon.colcon_core.package_identification:_identify(src/ldlidar_ros2) by extension 'python'
[4.790s] Level 1:colcon.colcon_core.package_identification:_identify(src/ldlidar_ros2) by extensions ['python_setup_py']
[4.790s] Level 1:colcon.colcon_core.package_identification:_identify(src/ldlidar_ros2) by extension 'python_setup_py'
[4.791s] Level 1:colcon.colcon_core.package_identification:_identify(src/servo_controller) by extensions ['ignore', 'ignore_ament_install']
[4.791s] Level 1:colcon.colcon_core.package_identification:_identify(src/servo_controller) by extension 'ignore'
[4.791s] Level 1:colcon.colcon_core.package_identification:_identify(src/servo_controller) by extension 'ignore_ament_install'
[4.791s] Level 1:colcon.colcon_core.package_identification:_identify(src/servo_controller) by extensions ['colcon_pkg']
[4.792s] Level 1:colcon.colcon_core.package_identification:_identify(src/servo_controller) by extension 'colcon_pkg'
[4.792s] Level 1:colcon.colcon_core.package_identification:_identify(src/servo_controller) by extensions ['colcon_meta']
[4.792s] Level 1:colcon.colcon_core.package_identification:_identify(src/servo_controller) by extension 'colcon_meta'
[4.792s] Level 1:colcon.colcon_core.package_identification:_identify(src/servo_controller) by extensions ['ros']
[4.792s] Level 1:colcon.colcon_core.package_identification:_identify(src/servo_controller) by extension 'ros'
[4.794s] DEBUG:colcon.colcon_core.package_identification:Package 'src/servo_controller' with type 'ros.ament_python' and name 'servo_controller'
[4.794s] Level 1:colcon.colcon_core.package_identification:_identify(src/spot_v1_description) by extensions ['ignore', 'ignore_ament_install']
[4.795s] Level 1:colcon.colcon_core.package_identification:_identify(src/spot_v1_description) by extension 'ignore'
[4.795s] Level 1:colcon.colcon_core.package_identification:_identify(src/spot_v1_description) by extension 'ignore_ament_install'
[4.795s] Level 1:colcon.colcon_core.package_identification:_identify(src/spot_v1_description) by extensions ['colcon_pkg']
[4.795s] Level 1:colcon.colcon_core.package_identification:_identify(src/spot_v1_description) by extension 'colcon_pkg'
[4.796s] Level 1:colcon.colcon_core.package_identification:_identify(src/spot_v1_description) by extensions ['colcon_meta']
[4.796s] Level 1:colcon.colcon_core.package_identification:_identify(src/spot_v1_description) by extension 'colcon_meta'
[4.796s] Level 1:colcon.colcon_core.package_identification:_identify(src/spot_v1_description) by extensions ['ros']
[4.796s] Level 1:colcon.colcon_core.package_identification:_identify(src/spot_v1_description) by extension 'ros'
[4.799s] DEBUG:colcon.colcon_core.package_identification:Package 'src/spot_v1_description' with type 'ros.ament_python' and name 'spot_v1_description'
[4.799s] Level 1:colcon.colcon_core.package_discovery:discover_packages(recursive) using defaults
[4.799s] Level 1:colcon.colcon_core.package_discovery:discover_packages(ignore) discover
[4.800s] Level 1:colcon.colcon_core.package_discovery:discover_packages(ignore) using defaults
[4.800s] Level 1:colcon.colcon_core.package_discovery:discover_packages(path) discover
[4.800s] Level 1:colcon.colcon_core.package_discovery:discover_packages(path) using defaults
[5.194s] Level 1:colcon.colcon_core.package_discovery:discover_packages(prefix_path) check parameters
[5.194s] Level 1:colcon.colcon_core.package_discovery:discover_packages(prefix_path) discover
[5.337s] DEBUG:colcon.colcon_installed_package_information.package_discovery:Found 270 installed packages in /opt/ros/humble
[5.343s] Level 1:colcon.colcon_core.package_discovery:discover_packages(prefix_path) using defaults
[5.732s] Level 5:colcon.colcon_core.verb:set package 'bwt901cl_pkg' build argument 'cmake_args' from command line to 'None'
[5.732s] Level 5:colcon.colcon_core.verb:set package 'bwt901cl_pkg' build argument 'cmake_target' from command line to 'None'
[5.732s] Level 5:colcon.colcon_core.verb:set package 'bwt901cl_pkg' build argument 'cmake_target_skip_unavailable' from command line to 'False'
[5.732s] Level 5:colcon.colcon_core.verb:set package 'bwt901cl_pkg' build argument 'cmake_clean_cache' from command line to 'False'
[5.732s] Level 5:colcon.colcon_core.verb:set package 'bwt901cl_pkg' build argument 'cmake_clean_first' from command line to 'False'
[5.732s] Level 5:colcon.colcon_core.verb:set package 'bwt901cl_pkg' build argument 'cmake_force_configure' from command line to 'False'
[5.732s] Level 5:colcon.colcon_core.verb:set package 'bwt901cl_pkg' build argument 'ament_cmake_args' from command line to 'None'
[5.733s] Level 5:colcon.colcon_core.verb:set package 'bwt901cl_pkg' build argument 'catkin_cmake_args' from command line to 'None'
[5.733s] Level 5:colcon.colcon_core.verb:set package 'bwt901cl_pkg' build argument 'catkin_skip_building_tests' from command line to 'False'
[5.733s] DEBUG:colcon.colcon_core.verb:Building package 'bwt901cl_pkg' with the following arguments: {'ament_cmake_args': None, 'build_base': '/home/rob/spot_ws/build/bwt901cl_pkg', 'catkin_cmake_args': None, 'catkin_skip_building_tests': False, 'cmake_args': None, 'cmake_clean_cache': False, 'cmake_clean_first': False, 'cmake_force_configure': False, 'cmake_target': None, 'cmake_target_skip_unavailable': False, 'install_base': '/home/rob/spot_ws/install/bwt901cl_pkg', 'merge_install': False, 'path': '/home/rob/spot_ws/src/bwt901cl_pkg', 'symlink_install': False, 'test_result_base': None}
[5.798s] Level 5:colcon.colcon_core.verb:set package 'servo_controller' build argument 'cmake_args' from command line to 'None'
[5.798s] Level 5:colcon.colcon_core.verb:set package 'servo_controller' build argument 'cmake_target' from command line to 'None'
[5.798s] Level 5:colcon.colcon_core.verb:set package 'servo_controller' build argument 'cmake_target_skip_unavailable' from command line to 'False'
[5.798s] Level 5:colcon.colcon_core.verb:set package 'servo_controller' build argument 'cmake_clean_cache' from command line to 'False'
[5.798s] Level 5:colcon.colcon_core.verb:set package 'servo_controller' build argument 'cmake_clean_first' from command line to 'False'
[5.798s] Level 5:colcon.colcon_core.verb:set package 'servo_controller' build argument 'cmake_force_configure' from command line to 'False'
[5.798s] Level 5:colcon.colcon_core.verb:set package 'servo_controller' build argument 'ament_cmake_args' from command line to 'None'
[5.798s] Level 5:colcon.colcon_core.verb:set package 'servo_controller' build argument 'catkin_cmake_args' from command line to 'None'
[5.799s] Level 5:colcon.colcon_core.verb:set package 'servo_controller' build argument 'catkin_skip_building_tests' from command line to 'False'
[5.799s] DEBUG:colcon.colcon_core.verb:Building package 'servo_controller' with the following arguments: {'ament_cmake_args': None, 'build_base': '/home/rob/spot_ws/build/servo_controller', 'catkin_cmake_args': None, 'catkin_skip_building_tests': False, 'cmake_args': None, 'cmake_clean_cache': False, 'cmake_clean_first': False, 'cmake_force_configure': False, 'cmake_target': None, 'cmake_target_skip_unavailable': False, 'install_base': '/home/rob/spot_ws/install/servo_controller', 'merge_install': False, 'path': '/home/rob/spot_ws/src/servo_controller', 'symlink_install': False, 'test_result_base': None}
[5.864s] Level 5:colcon.colcon_core.verb:set package 'spot_v1_description' build argument 'cmake_args' from command line to 'None'
[5.864s] Level 5:colcon.colcon_core.verb:set package 'spot_v1_description' build argument 'cmake_target' from command line to 'None'
[5.864s] Level 5:colcon.colcon_core.verb:set package 'spot_v1_description' build argument 'cmake_target_skip_unavailable' from command line to 'False'
[5.864s] Level 5:colcon.colcon_core.verb:set package 'spot_v1_description' build argument 'cmake_clean_cache' from command line to 'False'
[5.864s] Level 5:colcon.colcon_core.verb:set package 'spot_v1_description' build argument 'cmake_clean_first' from command line to 'False'
[5.865s] Level 5:colcon.colcon_core.verb:set package 'spot_v1_description' build argument 'cmake_force_configure' from command line to 'False'
[5.865s] Level 5:colcon.colcon_core.verb:set package 'spot_v1_description' build argument 'ament_cmake_args' from command line to 'None'
[5.865s] Level 5:colcon.colcon_core.verb:set package 'spot_v1_description' build argument 'catkin_cmake_args' from command line to 'None'
[5.865s] Level 5:colcon.colcon_core.verb:set package 'spot_v1_description' build argument 'catkin_skip_building_tests' from command line to 'False'
[5.865s] DEBUG:colcon.colcon_core.verb:Building package 'spot_v1_description' with the following arguments: {'ament_cmake_args': None, 'build_base': '/home/rob/spot_ws/build/spot_v1_description', 'catkin_cmake_args': None, 'catkin_skip_building_tests': False, 'cmake_args': None, 'cmake_clean_cache': False, 'cmake_clean_first': False, 'cmake_force_configure': False, 'cmake_target': None, 'cmake_target_skip_unavailable': False, 'install_base': '/home/rob/spot_ws/install/spot_v1_description', 'merge_install': False, 'path': '/home/rob/spot_ws/src/spot_v1_description', 'symlink_install': False, 'test_result_base': None}
[5.929s] INFO:colcon.colcon_core.executor:Executing jobs using 'parallel' executor
[5.997s] DEBUG:colcon.colcon_parallel_executor.executor.parallel:run_until_complete
[5.998s] INFO:colcon.colcon_ros.task.ament_python.build:Building ROS package in '/home/rob/spot_ws/src/bwt901cl_pkg' with build type 'ament_python'
[5.999s] Level 1:colcon.colcon_core.shell:create_environment_hook('bwt901cl_pkg', 'ament_prefix_path')
[6.087s] INFO:colcon.colcon_core.plugin_system:Skipping extension 'colcon_core.shell.bat': Not used on non-Windows systems
[6.088s] INFO:colcon.colcon_core.shell:Creating environment hook '/home/rob/spot_ws/install/bwt901cl_pkg/share/bwt901cl_pkg/hook/ament_prefix_path.ps1'
[6.091s] INFO:colcon.colcon_core.shell:Creating environment descriptor '/home/rob/spot_ws/install/bwt901cl_pkg/share/bwt901cl_pkg/hook/ament_prefix_path.dsv'
[6.093s] INFO:colcon.colcon_core.shell:Creating environment hook '/home/rob/spot_ws/install/bwt901cl_pkg/share/bwt901cl_pkg/hook/ament_prefix_path.sh'
[6.198s] INFO:colcon.colcon_core.shell:Skip shell extension 'powershell' for command environment: Not usable outside of PowerShell
[6.198s] DEBUG:colcon.colcon_core.shell:Skip shell extension 'dsv' for command environment
[6.344s] INFO:colcon.colcon_ros.task.ament_python.build:Building ROS package in '/home/rob/spot_ws/src/servo_controller' with build type 'ament_python'
[6.344s] Level 1:colcon.colcon_core.shell:create_environment_hook('servo_controller', 'ament_prefix_path')
[6.415s] INFO:colcon.colcon_core.shell:Creating environment hook '/home/rob/spot_ws/install/servo_controller/share/servo_controller/hook/ament_prefix_path.ps1'
[6.417s] INFO:colcon.colcon_core.shell:Creating environment descriptor '/home/rob/spot_ws/install/servo_controller/share/servo_controller/hook/ament_prefix_path.dsv'
[6.418s] INFO:colcon.colcon_core.shell:Creating environment hook '/home/rob/spot_ws/install/servo_controller/share/servo_controller/hook/ament_prefix_path.sh'
[6.485s] INFO:colcon.colcon_core.shell:Skip shell extension 'powershell' for command environment: Not usable outside of PowerShell
[6.485s] DEBUG:colcon.colcon_core.shell:Skip shell extension 'dsv' for command environment
[6.630s] INFO:colcon.colcon_ros.task.ament_python.build:Building ROS package in '/home/rob/spot_ws/src/spot_v1_description' with build type 'ament_python'
[6.630s] Level 1:colcon.colcon_core.shell:create_environment_hook('spot_v1_description', 'ament_prefix_path')
[6.699s] INFO:colcon.colcon_core.shell:Creating environment hook '/home/rob/spot_ws/install/spot_v1_description/share/spot_v1_description/hook/ament_prefix_path.ps1'
[6.701s] INFO:colcon.colcon_core.shell:Creating environment descriptor '/home/rob/spot_ws/install/spot_v1_description/share/spot_v1_description/hook/ament_prefix_path.dsv'
[6.703s] INFO:colcon.colcon_core.shell:Creating environment hook '/home/rob/spot_ws/install/spot_v1_description/share/spot_v1_description/hook/ament_prefix_path.sh'
[6.770s] INFO:colcon.colcon_core.shell:Skip shell extension 'powershell' for command environment: Not usable outside of PowerShell
[6.770s] DEBUG:colcon.colcon_core.shell:Skip shell extension 'dsv' for command environment
[8.031s] INFO:colcon.colcon_core.task.python.build:Building Python package in '/home/rob/spot_ws/src/bwt901cl_pkg'
[8.099s] INFO:colcon.colcon_core.shell:Skip shell extension 'powershell' for command environment: Not usable outside of PowerShell
[8.100s] DEBUG:colcon.colcon_core.shell:Skip shell extension 'dsv' for command environment
[9.372s] INFO:colcon.colcon_core.task.python.build:Building Python package in '/home/rob/spot_ws/src/servo_controller'
[9.440s] INFO:colcon.colcon_core.shell:Skip shell extension 'powershell' for command environment: Not usable outside of PowerShell
[9.441s] DEBUG:colcon.colcon_core.shell:Skip shell extension 'dsv' for command environment
[10.775s] INFO:colcon.colcon_core.task.python.build:Building Python package in '/home/rob/spot_ws/src/spot_v1_description'
[10.843s] INFO:colcon.colcon_core.shell:Skip shell extension 'powershell' for command environment: Not usable outside of PowerShell
[10.843s] DEBUG:colcon.colcon_core.shell:Skip shell extension 'dsv' for command environment
[13.003s] DEBUG:colcon.colcon_core.event_handler.log_command:Invoking command in '/home/rob/spot_ws/src/spot_v1_description': PYTHONPATH=/home/rob/spot_ws/build/spot_v1_description/prefix_override:/home/rob/spot_ws/install/spot_v1_description/lib/python3.10/site-packages:${PYTHONPATH} /usr/bin/python3 setup.py egg_info --egg-base ../../build/spot_v1_description build --build-base /home/rob/spot_ws/build/spot_v1_description/build install --record /home/rob/spot_ws/build/spot_v1_description/install.log --install-scripts $base/lib/spot_v1_description --single-version-externally-managed
[13.030s] DEBUG:colcon.colcon_core.event_handler.log_command:Invoking command in '/home/rob/spot_ws/src/bwt901cl_pkg': PYTHONPATH=/home/rob/spot_ws/build/bwt901cl_pkg/prefix_override:/home/rob/spot_ws/install/bwt901cl_pkg/lib/python3.10/site-packages:${PYTHONPATH} /usr/bin/python3 setup.py egg_info --egg-base ../../build/bwt901cl_pkg build --build-base /home/rob/spot_ws/build/bwt901cl_pkg/build install --record /home/rob/spot_ws/build/bwt901cl_pkg/install.log --install-scripts $base/lib/bwt901cl_pkg --single-version-externally-managed
[13.050s] DEBUG:colcon.colcon_core.event_handler.log_command:Invoking command in '/home/rob/spot_ws/src/servo_controller': PYTHONPATH=/home/rob/spot_ws/build/servo_controller/prefix_override:/home/rob/spot_ws/install/servo_controller/lib/python3.10/site-packages:${PYTHONPATH} /usr/bin/python3 setup.py egg_info --egg-base ../../build/servo_controller build --build-base /home/rob/spot_ws/build/servo_controller/build install --record /home/rob/spot_ws/build/servo_controller/install.log --single-version-externally-managed
[14.800s] DEBUG:colcon.colcon_core.event_handler.log_command:Invoked command in '/home/rob/spot_ws/src/bwt901cl_pkg' returned '0': PYTHONPATH=/home/rob/spot_ws/build/bwt901cl_pkg/prefix_override:/home/rob/spot_ws/install/bwt901cl_pkg/lib/python3.10/site-packages:${PYTHONPATH} /usr/bin/python3 setup.py egg_info --egg-base ../../build/bwt901cl_pkg build --build-base /home/rob/spot_ws/build/bwt901cl_pkg/build install --record /home/rob/spot_ws/build/bwt901cl_pkg/install.log --install-scripts $base/lib/bwt901cl_pkg --single-version-externally-managed
[14.923s] Level 1:colcon.colcon_core.environment:checking '/home/rob/spot_ws/install/bwt901cl_pkg' for CMake module files
[14.925s] Level 1:colcon.colcon_core.environment:checking '/home/rob/spot_ws/install/bwt901cl_pkg' for CMake config files
[14.929s] Level 1:colcon.colcon_core.environment:checking '/home/rob/spot_ws/install/bwt901cl_pkg/lib'
[14.929s] Level 1:colcon.colcon_core.environment:checking '/home/rob/spot_ws/install/bwt901cl_pkg/bin'
[14.930s] Level 1:colcon.colcon_core.environment:checking '/home/rob/spot_ws/install/bwt901cl_pkg/lib/pkgconfig/bwt901cl_pkg.pc'
[14.931s] Level 1:colcon.colcon_core.environment:checking '/home/rob/spot_ws/install/bwt901cl_pkg/lib/python3.10/site-packages'
[14.931s] Level 1:colcon.colcon_core.shell:create_environment_hook('bwt901cl_pkg', 'pythonpath')
[14.997s] INFO:colcon.colcon_core.shell:Creating environment hook '/home/rob/spot_ws/install/bwt901cl_pkg/share/bwt901cl_pkg/hook/pythonpath.ps1'
[14.999s] INFO:colcon.colcon_core.shell:Creating environment descriptor '/home/rob/spot_ws/install/bwt901cl_pkg/share/bwt901cl_pkg/hook/pythonpath.dsv'
[15.000s] INFO:colcon.colcon_core.shell:Creating environment hook '/home/rob/spot_ws/install/bwt901cl_pkg/share/bwt901cl_pkg/hook/pythonpath.sh'
[15.003s] Level 1:colcon.colcon_core.environment:checking '/home/rob/spot_ws/install/bwt901cl_pkg/bin'
[15.003s] Level 1:colcon.colcon_core.environment:create_environment_scripts_only(bwt901cl_pkg)
[15.084s] INFO:colcon.colcon_core.shell:Creating package script '/home/rob/spot_ws/install/bwt901cl_pkg/share/bwt901cl_pkg/package.ps1'
[15.088s] INFO:colcon.colcon_core.shell:Creating package descriptor '/home/rob/spot_ws/install/bwt901cl_pkg/share/bwt901cl_pkg/package.dsv'
[15.090s] INFO:colcon.colcon_core.shell:Creating package script '/home/rob/spot_ws/install/bwt901cl_pkg/share/bwt901cl_pkg/package.sh'
[15.093s] INFO:colcon.colcon_core.shell:Creating package script '/home/rob/spot_ws/install/bwt901cl_pkg/share/bwt901cl_pkg/package.bash'
[15.097s] INFO:colcon.colcon_core.shell:Creating package script '/home/rob/spot_ws/install/bwt901cl_pkg/share/bwt901cl_pkg/package.zsh'
[15.099s] Level 1:colcon.colcon_core.environment:create_file_with_runtime_dependencies(/home/rob/spot_ws/install/bwt901cl_pkg/share/colcon-core/packages/bwt901cl_pkg)
[15.107s] DEBUG:colcon.colcon_core.event_handler.log_command:Invoked command in '/home/rob/spot_ws/src/servo_controller' returned '0': PYTHONPATH=/home/rob/spot_ws/build/servo_controller/prefix_override:/home/rob/spot_ws/install/servo_controller/lib/python3.10/site-packages:${PYTHONPATH} /usr/bin/python3 setup.py egg_info --egg-base ../../build/servo_controller build --build-base /home/rob/spot_ws/build/servo_controller/build install --record /home/rob/spot_ws/build/servo_controller/install.log --single-version-externally-managed
[15.176s] Level 1:colcon.colcon_core.environment:checking '/home/rob/spot_ws/install/servo_controller' for CMake module files
[15.179s] Level 1:colcon.colcon_core.environment:checking '/home/rob/spot_ws/install/servo_controller' for CMake config files
[15.182s] Level 1:colcon.colcon_core.environment:checking '/home/rob/spot_ws/install/servo_controller/lib'
[15.182s] Level 1:colcon.colcon_core.environment:checking '/home/rob/spot_ws/install/servo_controller/bin'
[15.182s] Level 1:colcon.colcon_core.environment:checking '/home/rob/spot_ws/install/servo_controller/lib/pkgconfig/servo_controller.pc'
[15.183s] Level 1:colcon.colcon_core.environment:checking '/home/rob/spot_ws/install/servo_controller/lib/python3.10/site-packages'
[15.184s] Level 1:colcon.colcon_core.shell:create_environment_hook('servo_controller', 'pythonpath')
[15.250s] INFO:colcon.colcon_core.shell:Creating environment hook '/home/rob/spot_ws/install/servo_controller/share/servo_controller/hook/pythonpath.ps1'
[15.252s] INFO:colcon.colcon_core.shell:Creating environment descriptor '/home/rob/spot_ws/install/servo_controller/share/servo_controller/hook/pythonpath.dsv'
[15.254s] INFO:colcon.colcon_core.shell:Creating environment hook '/home/rob/spot_ws/install/servo_controller/share/servo_controller/hook/pythonpath.sh'
[15.257s] Level 1:colcon.colcon_core.environment:checking '/home/rob/spot_ws/install/servo_controller/bin'
[15.257s] Level 1:colcon.colcon_core.environment:create_environment_scripts_only(servo_controller)
[15.323s] INFO:colcon.colcon_core.shell:Creating package script '/home/rob/spot_ws/install/servo_controller/share/servo_controller/package.ps1'
[15.325s] INFO:colcon.colcon_core.shell:Creating package descriptor '/home/rob/spot_ws/install/servo_controller/share/servo_controller/package.dsv'
[15.327s] INFO:colcon.colcon_core.shell:Creating package script '/home/rob/spot_ws/install/servo_controller/share/servo_controller/package.sh'
[15.329s] INFO:colcon.colcon_core.shell:Creating package script '/home/rob/spot_ws/install/servo_controller/share/servo_controller/package.bash'
[15.331s] INFO:colcon.colcon_core.shell:Creating package script '/home/rob/spot_ws/install/servo_controller/share/servo_controller/package.zsh'
[15.333s] Level 1:colcon.colcon_core.environment:create_file_with_runtime_dependencies(/home/rob/spot_ws/install/servo_controller/share/colcon-core/packages/servo_controller)
[15.339s] DEBUG:colcon.colcon_core.event_handler.log_command:Invoked command in '/home/rob/spot_ws/src/spot_v1_description' returned '0': PYTHONPATH=/home/rob/spot_ws/build/spot_v1_description/prefix_override:/home/rob/spot_ws/install/spot_v1_description/lib/python3.10/site-packages:${PYTHONPATH} /usr/bin/python3 setup.py egg_info --egg-base ../../build/spot_v1_description build --build-base /home/rob/spot_ws/build/spot_v1_description/build install --record /home/rob/spot_ws/build/spot_v1_description/install.log --install-scripts $base/lib/spot_v1_description --single-version-externally-managed
[15.406s] Level 1:colcon.colcon_core.environment:checking '/home/rob/spot_ws/install/spot_v1_description' for CMake module files
[15.409s] Level 1:colcon.colcon_core.environment:checking '/home/rob/spot_ws/install/spot_v1_description' for CMake config files
[15.412s] Level 1:colcon.colcon_core.environment:checking '/home/rob/spot_ws/install/spot_v1_description/lib'
[15.413s] Level 1:colcon.colcon_core.environment:checking '/home/rob/spot_ws/install/spot_v1_description/bin'
[15.413s] Level 1:colcon.colcon_core.environment:checking '/home/rob/spot_ws/install/spot_v1_description/lib/pkgconfig/spot_v1_description.pc'
[15.414s] Level 1:colcon.colcon_core.environment:checking '/home/rob/spot_ws/install/spot_v1_description/lib/python3.10/site-packages'
[15.414s] Level 1:colcon.colcon_core.shell:create_environment_hook('spot_v1_description', 'pythonpath')
[15.480s] INFO:colcon.colcon_core.shell:Creating environment hook '/home/rob/spot_ws/install/spot_v1_description/share/spot_v1_description/hook/pythonpath.ps1'
[15.482s] INFO:colcon.colcon_core.shell:Creating environment descriptor '/home/rob/spot_ws/install/spot_v1_description/share/spot_v1_description/hook/pythonpath.dsv'
[15.484s] INFO:colcon.colcon_core.shell:Creating environment hook '/home/rob/spot_ws/install/spot_v1_description/share/spot_v1_description/hook/pythonpath.sh'
[15.486s] Level 1:colcon.colcon_core.environment:checking '/home/rob/spot_ws/install/spot_v1_description/bin'
[15.487s] Level 1:colcon.colcon_core.environment:create_environment_scripts_only(spot_v1_description)
[15.554s] INFO:colcon.colcon_core.shell:Creating package script '/home/rob/spot_ws/install/spot_v1_description/share/spot_v1_description/package.ps1'
[15.604s] INFO:colcon.colcon_core.shell:Creating package descriptor '/home/rob/spot_ws/install/spot_v1_description/share/spot_v1_description/package.dsv'
[15.609s] INFO:colcon.colcon_core.shell:Creating package script '/home/rob/spot_ws/install/spot_v1_description/share/spot_v1_description/package.sh'
[15.613s] INFO:colcon.colcon_core.shell:Creating package script '/home/rob/spot_ws/install/spot_v1_description/share/spot_v1_description/package.bash'
[15.616s] INFO:colcon.colcon_core.shell:Creating package script '/home/rob/spot_ws/install/spot_v1_description/share/spot_v1_description/package.zsh'
[15.618s] Level 1:colcon.colcon_core.environment:create_file_with_runtime_dependencies(/home/rob/spot_ws/install/spot_v1_description/share/colcon-core/packages/spot_v1_description)
[15.619s] DEBUG:colcon.colcon_parallel_executor.executor.parallel:closing loop
[15.620s] DEBUG:colcon.colcon_parallel_executor.executor.parallel:loop closed
[15.621s] DEBUG:colcon.colcon_parallel_executor.executor.parallel:run_until_complete finished with '0'
[15.621s] DEBUG:colcon.colcon_core.event_reactor:joining thread
[15.707s] INFO:colcon.colcon_core.plugin_system:Skipping extension 'colcon_notification.desktop_notification.terminal_notifier': Not used on non-Darwin systems
[15.707s] INFO:colcon.colcon_core.plugin_system:Skipping extension 'colcon_notification.desktop_notification.win32': Not used on non-Windows systems
[15.708s] INFO:colcon.colcon_notification.desktop_notification:Sending desktop notification using 'notify2'
[40.735s] DEBUG:colcon.colcon_notification.desktop_notification.notify2:Failed to initialize notify2: org.freedesktop.DBus.Error.NoReply: Did not receive a reply. Possible causes include: the remote application did not send a reply, the message bus security policy blocked the reply, the reply timeout expired, or the network connection was broken.
[40.736s] DEBUG:colcon.colcon_core.event_reactor:joined thread
[40.812s] INFO:colcon.colcon_core.shell:Creating prefix script '/home/rob/spot_ws/install/local_setup.ps1'
[40.816s] INFO:colcon.colcon_core.shell:Creating prefix util module '/home/rob/spot_ws/install/_local_setup_util_ps1.py'
[40.821s] INFO:colcon.colcon_core.shell:Creating prefix chain script '/home/rob/spot_ws/install/setup.ps1'
[40.889s] INFO:colcon.colcon_core.shell:Creating prefix script '/home/rob/spot_ws/install/local_setup.sh'
[40.891s] INFO:colcon.colcon_core.shell:Creating prefix util module '/home/rob/spot_ws/install/_local_setup_util_sh.py'
[40.894s] INFO:colcon.colcon_core.shell:Creating prefix chain script '/home/rob/spot_ws/install/setup.sh'
[40.961s] INFO:colcon.colcon_core.shell:Creating prefix script '/home/rob/spot_ws/install/local_setup.bash'
[40.963s] INFO:colcon.colcon_core.shell:Creating prefix chain script '/home/rob/spot_ws/install/setup.bash'
[41.031s] INFO:colcon.colcon_core.shell:Creating prefix script '/home/rob/spot_ws/install/local_setup.zsh'
[41.033s] INFO:colcon.colcon_core.shell:Creating prefix chain script '/home/rob/spot_ws/install/setup.zsh'
