[6.612s] Invoking command in '/home/rob/spot_ws/src/servo_controller': PYTHONPATH=/home/rob/spot_ws/build/servo_controller/prefix_override:/home/rob/spot_ws/install/servo_controller/lib/python3.10/site-packages:${PYTHONPATH} /usr/bin/python3 setup.py egg_info --egg-base ../../build/servo_controller build --build-base /home/rob/spot_ws/build/servo_controller/build install --record /home/rob/spot_ws/build/servo_controller/install.log --single-version-externally-managed
[8.025s] running egg_info
[8.029s] writing ../../build/servo_controller/servo_controller.egg-info/PKG-INFO
[8.031s] writing dependency_links to ../../build/servo_controller/servo_controller.egg-info/dependency_links.txt
[8.032s] writing entry points to ../../build/servo_controller/servo_controller.egg-info/entry_points.txt
[8.033s] writing requirements to ../../build/servo_controller/servo_controller.egg-info/requires.txt
[8.035s] writing top-level names to ../../build/servo_controller/servo_controller.egg-info/top_level.txt
[8.045s] reading manifest file '../../build/servo_controller/servo_controller.egg-info/SOURCES.txt'
[8.050s] writing manifest file '../../build/servo_controller/servo_controller.egg-info/SOURCES.txt'
[8.052s] running build
[8.052s] running build_py
[8.054s] running install
[8.055s] /usr/lib/python3/dist-packages/setuptools/command/install.py:34: SetuptoolsDeprecationWarning: setup.py install is deprecated. Use build and pip and other standards-based tools.
[8.055s]   warnings.warn(
[8.056s] running install_lib
[8.062s] running install_data
[8.064s] running install_egg_info
[8.075s] removing '/home/rob/spot_ws/install/servo_controller/lib/python3.10/site-packages/servo_controller-0.0.0-py3.10.egg-info' (and everything under it)
[8.077s] Copying ../../build/servo_controller/servo_controller.egg-info to /home/rob/spot_ws/install/servo_controller/lib/python3.10/site-packages/servo_controller-0.0.0-py3.10.egg-info
[8.081s] running install_scripts
[8.192s] writing list of installed files to '/home/rob/spot_ws/build/servo_controller/install.log'
[8.458s] Invoked command in '/home/rob/spot_ws/src/servo_controller' returned '0': PYTHONPATH=/home/rob/spot_ws/build/servo_controller/prefix_override:/home/rob/spot_ws/install/servo_controller/lib/python3.10/site-packages:${PYTHONPATH} /usr/bin/python3 setup.py egg_info --egg-base ../../build/servo_controller build --build-base /home/rob/spot_ws/build/servo_controller/build install --record /home/rob/spot_ws/build/servo_controller/install.log --single-version-externally-managed
