[7.022s] Invoking command in '/home/rob/spot_ws/src/servo_controller': PYTHONPATH=/home/rob/spot_ws/build/servo_controller/prefix_override:/home/rob/spot_ws/install/servo_controller/lib/python3.10/site-packages:${PYTHONPATH} /usr/bin/python3 setup.py egg_info --egg-base ../../build/servo_controller build --build-base /home/rob/spot_ws/build/servo_controller/build install --record /home/rob/spot_ws/build/servo_controller/install.log --single-version-externally-managed
[8.528s] running egg_info
[8.528s] writing ../../build/servo_controller/servo_controller.egg-info/PKG-INFO
[8.529s] writing dependency_links to ../../build/servo_controller/servo_controller.egg-info/dependency_links.txt
[8.530s] writing entry points to ../../build/servo_controller/servo_controller.egg-info/entry_points.txt
[8.530s] writing requirements to ../../build/servo_controller/servo_controller.egg-info/requires.txt
[8.531s] writing top-level names to ../../build/servo_controller/servo_controller.egg-info/top_level.txt
[8.531s] reading manifest file '../../build/servo_controller/servo_controller.egg-info/SOURCES.txt'
[8.533s] writing manifest file '../../build/servo_controller/servo_controller.egg-info/SOURCES.txt'
[8.538s] running build
[8.539s] running build_py
[8.542s] running install
[8.543s] /usr/lib/python3/dist-packages/setuptools/command/install.py:34: SetuptoolsDeprecationWarning: setup.py install is deprecated. Use build and pip and other standards-based tools.
[8.544s]   warnings.warn(
[8.544s] running install_lib
[8.550s] running install_data
[8.555s] running install_egg_info
[8.565s] removing '/home/rob/spot_ws/install/servo_controller/lib/python3.10/site-packages/servo_controller-0.0.0-py3.10.egg-info' (and everything under it)
[8.569s] Copying ../../build/servo_controller/servo_controller.egg-info to /home/rob/spot_ws/install/servo_controller/lib/python3.10/site-packages/servo_controller-0.0.0-py3.10.egg-info
[8.579s] running install_scripts
[8.707s] writing list of installed files to '/home/rob/spot_ws/build/servo_controller/install.log'
[9.256s] Invoked command in '/home/rob/spot_ws/src/servo_controller' returned '0': PYTHONPATH=/home/rob/spot_ws/build/servo_controller/prefix_override:/home/rob/spot_ws/install/servo_controller/lib/python3.10/site-packages:${PYTHONPATH} /usr/bin/python3 setup.py egg_info --egg-base ../../build/servo_controller build --build-base /home/rob/spot_ws/build/servo_controller/build install --record /home/rob/spot_ws/build/servo_controller/install.log --single-version-externally-managed
