[2.175s] Invoking command in '/home/rob/spot_ws/build/ldlidar_ros2': CMAKE_PREFIX_PATH=/opt/ros/humble /usr/bin/cmake --build /home/rob/spot_ws/build/ldlidar_ros2 -- -j4 -l4
[3.611s] [35m[1mConsolidate compiler generated dependencies of target ldlidar_driver[0m
[3.614s] [ 84%] Built target ldlidar_driver
[3.615s] [35m[1mConsolidate compiler generated dependencies of target ldlidar_ros2_node[0m
[3.616s] [100%] Built target ldlidar_ros2_node
[3.618s] Invoked command in '/home/rob/spot_ws/build/ldlidar_ros2' returned '0': CMAKE_PREFIX_PATH=/opt/ros/humble /usr/bin/cmake --build /home/rob/spot_ws/build/ldlidar_ros2 -- -j4 -l4
[5.082s] Invoking command in '/home/rob/spot_ws/build/ldlidar_ros2': CMAKE_PREFIX_PATH=/opt/ros/humble /usr/bin/cmake --install /home/rob/spot_ws/build/ldlidar_ros2
[5.119s] -- Install configuration: ""
[5.119s] -- Up-to-date: /home/rob/spot_ws/install/ldlidar_ros2/lib/ldlidar_ros2/ldlidar_ros2_node
[5.120s] -- Up-to-date: /home/rob/spot_ws/install/ldlidar_ros2/share/ldlidar_ros2//launch
[5.121s] -- Up-to-date: /home/rob/spot_ws/install/ldlidar_ros2/share/ldlidar_ros2//launch/viewer_ld06.launch.py
[5.121s] -- Installing: /home/rob/spot_ws/install/ldlidar_ros2/share/ldlidar_ros2//launch/ld19.launch.py
[5.122s] -- Up-to-date: /home/rob/spot_ws/install/ldlidar_ros2/share/ldlidar_ros2//launch/ld14.launch.py
[5.122s] -- Up-to-date: /home/rob/spot_ws/install/ldlidar_ros2/share/ldlidar_ros2//launch/ld06.launch.py
[5.123s] -- Up-to-date: /home/rob/spot_ws/install/ldlidar_ros2/share/ldlidar_ros2//launch/ld14p.launch.py
[5.124s] -- Up-to-date: /home/rob/spot_ws/install/ldlidar_ros2/share/ldlidar_ros2//launch/viewer_ld14p.launch.py
[5.127s] -- Up-to-date: /home/rob/spot_ws/install/ldlidar_ros2/share/ldlidar_ros2//launch/viewer_ld14.launch.py
[5.128s] -- Up-to-date: /home/rob/spot_ws/install/ldlidar_ros2/share/ldlidar_ros2//launch/viewer_ld19.launch.py
[5.132s] -- Up-to-date: /home/rob/spot_ws/install/ldlidar_ros2/share/ldlidar_ros2//rviz2
[5.134s] -- Up-to-date: /home/rob/spot_ws/install/ldlidar_ros2/share/ldlidar_ros2//rviz2/ldlidar.rviz
[5.134s] -- Up-to-date: /home/rob/spot_ws/install/ldlidar_ros2/share/ldlidar_ros2//scripts
[5.135s] -- Up-to-date: /home/rob/spot_ws/install/ldlidar_ros2/share/ldlidar_ros2//scripts/delete_udev_rules.sh
[5.136s] -- Up-to-date: /home/rob/spot_ws/install/ldlidar_ros2/share/ldlidar_ros2//scripts/ldlidar.rules
[5.136s] -- Up-to-date: /home/rob/spot_ws/install/ldlidar_ros2/share/ldlidar_ros2//scripts/create_udev_rules.sh
[5.137s] -- Up-to-date: /home/rob/spot_ws/install/ldlidar_ros2/share/ament_index/resource_index/package_run_dependencies/ldlidar_ros2
[5.137s] -- Up-to-date: /home/rob/spot_ws/install/ldlidar_ros2/share/ament_index/resource_index/parent_prefix_path/ldlidar_ros2
[5.146s] -- Up-to-date: /home/rob/spot_ws/install/ldlidar_ros2/share/ldlidar_ros2/environment/ament_prefix_path.sh
[5.152s] -- Up-to-date: /home/rob/spot_ws/install/ldlidar_ros2/share/ldlidar_ros2/environment/ament_prefix_path.dsv
[5.162s] -- Up-to-date: /home/rob/spot_ws/install/ldlidar_ros2/share/ldlidar_ros2/environment/path.sh
[5.162s] -- Up-to-date: /home/rob/spot_ws/install/ldlidar_ros2/share/ldlidar_ros2/environment/path.dsv
[5.163s] -- Up-to-date: /home/rob/spot_ws/install/ldlidar_ros2/share/ldlidar_ros2/local_setup.bash
[5.163s] -- Up-to-date: /home/rob/spot_ws/install/ldlidar_ros2/share/ldlidar_ros2/local_setup.sh
[5.164s] -- Up-to-date: /home/rob/spot_ws/install/ldlidar_ros2/share/ldlidar_ros2/local_setup.zsh
[5.164s] -- Up-to-date: /home/rob/spot_ws/install/ldlidar_ros2/share/ldlidar_ros2/local_setup.dsv
[5.165s] -- Installing: /home/rob/spot_ws/install/ldlidar_ros2/share/ldlidar_ros2/package.dsv
[5.166s] -- Up-to-date: /home/rob/spot_ws/install/ldlidar_ros2/share/ament_index/resource_index/packages/ldlidar_ros2
[5.166s] -- Up-to-date: /home/rob/spot_ws/install/ldlidar_ros2/share/ldlidar_ros2/cmake/ldlidar_ros2Config.cmake
[5.167s] -- Up-to-date: /home/rob/spot_ws/install/ldlidar_ros2/share/ldlidar_ros2/cmake/ldlidar_ros2Config-version.cmake
[5.167s] -- Up-to-date: /home/rob/spot_ws/install/ldlidar_ros2/share/ldlidar_ros2/package.xml
[5.168s] Invoked command in '/home/rob/spot_ws/build/ldlidar_ros2' returned '0': CMAKE_PREFIX_PATH=/opt/ros/humble /usr/bin/cmake --install /home/rob/spot_ws/build/ldlidar_ros2
