[4.894s] DEBUG:colcon:Command line arguments: ['/usr/bin/colcon', 'build']
[4.894s] DEBUG:colcon:Parsed command line arguments: Namespace(log_base=None, log_level=None, verb_name='build', build_base='build', install_base='install', merge_install=False, symlink_install=False, test_result_base=None, continue_on_error=False, executor='parallel', parallel_workers=4, event_handlers=None, ignore_user_meta=False, metas=['./colcon.meta'], base_paths=['.'], packages_ignore=None, packages_ignore_regex=None, paths=None, packages_up_to=None, packages_up_to_regex=None, packages_above=None, packages_above_and_dependencies=None, packages_above_depth=None, packages_select_by_dep=None, packages_skip_by_dep=None, packages_skip_up_to=None, packages_select_build_failed=False, packages_skip_build_finished=False, packages_select_test_failures=False, packages_skip_test_passed=False, packages_select=None, packages_skip=None, packages_select_regex=None, packages_skip_regex=None, packages_start=None, packages_end=None, allow_overriding=[], cmake_args=None, cmake_target=None, cmake_target_skip_unavailable=False, cmake_clean_cache=False, cmake_clean_first=False, cmake_force_configure=False, ament_cmake_args=None, catkin_cmake_args=None, catkin_skip_building_tests=False, verb_parser=<colcon_defaults.argument_parser.defaults.DefaultArgumentsDecorator object at 0xffff82e6b640>, verb_extension=<colcon_core.verb.build.BuildVerb object at 0xffff833a3400>, main=<bound method BuildVerb.main of <colcon_core.verb.build.BuildVerb object at 0xffff833a3400>>)
[5.187s] Level 1:colcon.colcon_core.package_discovery:discover_packages(colcon_meta) check parameters
[5.188s] Level 1:colcon.colcon_core.package_discovery:discover_packages(recursive) check parameters
[5.188s] Level 1:colcon.colcon_core.package_discovery:discover_packages(ignore) check parameters
[5.188s] Level 1:colcon.colcon_core.package_discovery:discover_packages(path) check parameters
[5.188s] Level 1:colcon.colcon_core.package_discovery:discover_packages(colcon_meta) discover
[5.188s] Level 1:colcon.colcon_core.package_discovery:discover_packages(recursive) discover
[5.188s] INFO:colcon.colcon_core.package_discovery:Crawling recursively for packages in '/home/rob/spot_ws'
[5.189s] Level 1:colcon.colcon_core.package_identification:_identify(.) by extensions ['ignore', 'ignore_ament_install']
[5.189s] Level 1:colcon.colcon_core.package_identification:_identify(.) by extension 'ignore'
[5.189s] Level 1:colcon.colcon_core.package_identification:_identify(.) by extension 'ignore_ament_install'
[5.190s] Level 1:colcon.colcon_core.package_identification:_identify(.) by extensions ['colcon_pkg']
[5.190s] Level 1:colcon.colcon_core.package_identification:_identify(.) by extension 'colcon_pkg'
[5.190s] Level 1:colcon.colcon_core.package_identification:_identify(.) by extensions ['colcon_meta']
[5.190s] Level 1:colcon.colcon_core.package_identification:_identify(.) by extension 'colcon_meta'
[5.190s] Level 1:colcon.colcon_core.package_identification:_identify(.) by extensions ['ros']
[5.191s] Level 1:colcon.colcon_core.package_identification:_identify(.) by extension 'ros'
[5.253s] Level 1:colcon.colcon_core.package_identification:_identify(.) by extensions ['cmake', 'python']
[5.254s] Level 1:colcon.colcon_core.package_identification:_identify(.) by extension 'cmake'
[5.254s] Level 1:colcon.colcon_core.package_identification:_identify(.) by extension 'python'
[5.254s] Level 1:colcon.colcon_core.package_identification:_identify(.) by extensions ['python_setup_py']
[5.254s] Level 1:colcon.colcon_core.package_identification:_identify(.) by extension 'python_setup_py'
[5.255s] Level 1:colcon.colcon_core.package_identification:_identify(build) by extensions ['ignore', 'ignore_ament_install']
[5.255s] Level 1:colcon.colcon_core.package_identification:_identify(build) by extension 'ignore'
[5.255s] Level 1:colcon.colcon_core.package_identification:_identify(build) ignored
[5.256s] Level 1:colcon.colcon_core.package_identification:_identify(install) by extensions ['ignore', 'ignore_ament_install']
[5.256s] Level 1:colcon.colcon_core.package_identification:_identify(install) by extension 'ignore'
[5.256s] Level 1:colcon.colcon_core.package_identification:_identify(install) ignored
[5.257s] Level 1:colcon.colcon_core.package_identification:_identify(log) by extensions ['ignore', 'ignore_ament_install']
[5.257s] Level 1:colcon.colcon_core.package_identification:_identify(log) by extension 'ignore'
[5.257s] Level 1:colcon.colcon_core.package_identification:_identify(log) ignored
[5.258s] Level 1:colcon.colcon_core.package_identification:_identify(src) by extensions ['ignore', 'ignore_ament_install']
[5.258s] Level 1:colcon.colcon_core.package_identification:_identify(src) by extension 'ignore'
[5.258s] Level 1:colcon.colcon_core.package_identification:_identify(src) by extension 'ignore_ament_install'
[5.259s] Level 1:colcon.colcon_core.package_identification:_identify(src) by extensions ['colcon_pkg']
[5.259s] Level 1:colcon.colcon_core.package_identification:_identify(src) by extension 'colcon_pkg'
[5.259s] Level 1:colcon.colcon_core.package_identification:_identify(src) by extensions ['colcon_meta']
[5.259s] Level 1:colcon.colcon_core.package_identification:_identify(src) by extension 'colcon_meta'
[5.259s] Level 1:colcon.colcon_core.package_identification:_identify(src) by extensions ['ros']
[5.259s] Level 1:colcon.colcon_core.package_identification:_identify(src) by extension 'ros'
[5.260s] Level 1:colcon.colcon_core.package_identification:_identify(src) by extensions ['cmake', 'python']
[5.260s] Level 1:colcon.colcon_core.package_identification:_identify(src) by extension 'cmake'
[5.260s] Level 1:colcon.colcon_core.package_identification:_identify(src) by extension 'python'
[5.260s] Level 1:colcon.colcon_core.package_identification:_identify(src) by extensions ['python_setup_py']
[5.260s] Level 1:colcon.colcon_core.package_identification:_identify(src) by extension 'python_setup_py'
[5.261s] Level 1:colcon.colcon_core.package_identification:_identify(src/bwt901cl_pkg) by extensions ['ignore', 'ignore_ament_install']
[5.262s] Level 1:colcon.colcon_core.package_identification:_identify(src/bwt901cl_pkg) by extension 'ignore'
[5.262s] Level 1:colcon.colcon_core.package_identification:_identify(src/bwt901cl_pkg) by extension 'ignore_ament_install'
[5.262s] Level 1:colcon.colcon_core.package_identification:_identify(src/bwt901cl_pkg) by extensions ['colcon_pkg']
[5.262s] Level 1:colcon.colcon_core.package_identification:_identify(src/bwt901cl_pkg) by extension 'colcon_pkg'
[5.262s] Level 1:colcon.colcon_core.package_identification:_identify(src/bwt901cl_pkg) by extensions ['colcon_meta']
[5.263s] Level 1:colcon.colcon_core.package_identification:_identify(src/bwt901cl_pkg) by extension 'colcon_meta'
[5.263s] Level 1:colcon.colcon_core.package_identification:_identify(src/bwt901cl_pkg) by extensions ['ros']
[5.263s] Level 1:colcon.colcon_core.package_identification:_identify(src/bwt901cl_pkg) by extension 'ros'
[5.275s] DEBUG:colcon.colcon_core.package_identification:Package 'src/bwt901cl_pkg' with type 'ros.ament_python' and name 'bwt901cl_pkg'
[5.276s] Level 1:colcon.colcon_core.package_identification:_identify(src/ldlidar_ros2) by extensions ['ignore', 'ignore_ament_install']
[5.276s] Level 1:colcon.colcon_core.package_identification:_identify(src/ldlidar_ros2) by extension 'ignore'
[5.276s] Level 1:colcon.colcon_core.package_identification:_identify(src/ldlidar_ros2) by extension 'ignore_ament_install'
[5.277s] Level 1:colcon.colcon_core.package_identification:_identify(src/ldlidar_ros2) by extensions ['colcon_pkg']
[5.277s] Level 1:colcon.colcon_core.package_identification:_identify(src/ldlidar_ros2) by extension 'colcon_pkg'
[5.277s] Level 1:colcon.colcon_core.package_identification:_identify(src/ldlidar_ros2) by extensions ['colcon_meta']
[5.277s] Level 1:colcon.colcon_core.package_identification:_identify(src/ldlidar_ros2) by extension 'colcon_meta'
[5.277s] Level 1:colcon.colcon_core.package_identification:_identify(src/ldlidar_ros2) by extensions ['ros']
[5.277s] Level 1:colcon.colcon_core.package_identification:_identify(src/ldlidar_ros2) by extension 'ros'
[5.281s] DEBUG:colcon.colcon_core.package_identification:Package 'src/ldlidar_ros2' with type 'ros.ament_cmake' and name 'ldlidar_ros2'
[5.282s] Level 1:colcon.colcon_core.package_identification:_identify(src/servo_controller) by extensions ['ignore', 'ignore_ament_install']
[5.282s] Level 1:colcon.colcon_core.package_identification:_identify(src/servo_controller) by extension 'ignore'
[5.283s] Level 1:colcon.colcon_core.package_identification:_identify(src/servo_controller) by extension 'ignore_ament_install'
[5.283s] Level 1:colcon.colcon_core.package_identification:_identify(src/servo_controller) by extensions ['colcon_pkg']
[5.283s] Level 1:colcon.colcon_core.package_identification:_identify(src/servo_controller) by extension 'colcon_pkg'
[5.283s] Level 1:colcon.colcon_core.package_identification:_identify(src/servo_controller) by extensions ['colcon_meta']
[5.283s] Level 1:colcon.colcon_core.package_identification:_identify(src/servo_controller) by extension 'colcon_meta'
[5.283s] Level 1:colcon.colcon_core.package_identification:_identify(src/servo_controller) by extensions ['ros']
[5.284s] Level 1:colcon.colcon_core.package_identification:_identify(src/servo_controller) by extension 'ros'
[5.286s] DEBUG:colcon.colcon_core.package_identification:Package 'src/servo_controller' with type 'ros.ament_python' and name 'servo_controller'
[5.287s] Level 1:colcon.colcon_core.package_identification:_identify(src/spot_v1_description) by extensions ['ignore', 'ignore_ament_install']
[5.288s] Level 1:colcon.colcon_core.package_identification:_identify(src/spot_v1_description) by extension 'ignore'
[5.288s] Level 1:colcon.colcon_core.package_identification:_identify(src/spot_v1_description) by extension 'ignore_ament_install'
[5.288s] Level 1:colcon.colcon_core.package_identification:_identify(src/spot_v1_description) by extensions ['colcon_pkg']
[5.288s] Level 1:colcon.colcon_core.package_identification:_identify(src/spot_v1_description) by extension 'colcon_pkg'
[5.288s] Level 1:colcon.colcon_core.package_identification:_identify(src/spot_v1_description) by extensions ['colcon_meta']
[5.289s] Level 1:colcon.colcon_core.package_identification:_identify(src/spot_v1_description) by extension 'colcon_meta'
[5.289s] Level 1:colcon.colcon_core.package_identification:_identify(src/spot_v1_description) by extensions ['ros']
[5.289s] Level 1:colcon.colcon_core.package_identification:_identify(src/spot_v1_description) by extension 'ros'
[5.293s] DEBUG:colcon.colcon_core.package_identification:Package 'src/spot_v1_description' with type 'ros.ament_python' and name 'spot_v1_description'
[5.293s] Level 1:colcon.colcon_core.package_discovery:discover_packages(recursive) using defaults
[5.293s] Level 1:colcon.colcon_core.package_discovery:discover_packages(ignore) discover
[5.293s] Level 1:colcon.colcon_core.package_discovery:discover_packages(ignore) using defaults
[5.293s] Level 1:colcon.colcon_core.package_discovery:discover_packages(path) discover
[5.293s] Level 1:colcon.colcon_core.package_discovery:discover_packages(path) using defaults
[5.717s] Level 1:colcon.colcon_core.package_discovery:discover_packages(prefix_path) check parameters
[5.717s] Level 1:colcon.colcon_core.package_discovery:discover_packages(prefix_path) discover
[5.855s] DEBUG:colcon.colcon_installed_package_information.package_discovery:Found 4 installed packages in /home/rob/spot_ws/install
[5.925s] DEBUG:colcon.colcon_installed_package_information.package_discovery:Found 270 installed packages in /opt/ros/humble
[5.931s] Level 1:colcon.colcon_core.package_discovery:discover_packages(prefix_path) using defaults
[6.372s] Level 5:colcon.colcon_core.verb:set package 'bwt901cl_pkg' build argument 'cmake_args' from command line to 'None'
[6.372s] Level 5:colcon.colcon_core.verb:set package 'bwt901cl_pkg' build argument 'cmake_target' from command line to 'None'
[6.372s] Level 5:colcon.colcon_core.verb:set package 'bwt901cl_pkg' build argument 'cmake_target_skip_unavailable' from command line to 'False'
[6.372s] Level 5:colcon.colcon_core.verb:set package 'bwt901cl_pkg' build argument 'cmake_clean_cache' from command line to 'False'
[6.372s] Level 5:colcon.colcon_core.verb:set package 'bwt901cl_pkg' build argument 'cmake_clean_first' from command line to 'False'
[6.372s] Level 5:colcon.colcon_core.verb:set package 'bwt901cl_pkg' build argument 'cmake_force_configure' from command line to 'False'
[6.372s] Level 5:colcon.colcon_core.verb:set package 'bwt901cl_pkg' build argument 'ament_cmake_args' from command line to 'None'
[6.372s] Level 5:colcon.colcon_core.verb:set package 'bwt901cl_pkg' build argument 'catkin_cmake_args' from command line to 'None'
[6.373s] Level 5:colcon.colcon_core.verb:set package 'bwt901cl_pkg' build argument 'catkin_skip_building_tests' from command line to 'False'
[6.373s] DEBUG:colcon.colcon_core.verb:Building package 'bwt901cl_pkg' with the following arguments: {'ament_cmake_args': None, 'build_base': '/home/rob/spot_ws/build/bwt901cl_pkg', 'catkin_cmake_args': None, 'catkin_skip_building_tests': False, 'cmake_args': None, 'cmake_clean_cache': False, 'cmake_clean_first': False, 'cmake_force_configure': False, 'cmake_target': None, 'cmake_target_skip_unavailable': False, 'install_base': '/home/rob/spot_ws/install/bwt901cl_pkg', 'merge_install': False, 'path': '/home/rob/spot_ws/src/bwt901cl_pkg', 'symlink_install': False, 'test_result_base': None}
[6.438s] Level 5:colcon.colcon_core.verb:set package 'ldlidar_ros2' build argument 'cmake_args' from command line to 'None'
[6.438s] Level 5:colcon.colcon_core.verb:set package 'ldlidar_ros2' build argument 'cmake_target' from command line to 'None'
[6.438s] Level 5:colcon.colcon_core.verb:set package 'ldlidar_ros2' build argument 'cmake_target_skip_unavailable' from command line to 'False'
[6.438s] Level 5:colcon.colcon_core.verb:set package 'ldlidar_ros2' build argument 'cmake_clean_cache' from command line to 'False'
[6.438s] Level 5:colcon.colcon_core.verb:set package 'ldlidar_ros2' build argument 'cmake_clean_first' from command line to 'False'
[6.439s] Level 5:colcon.colcon_core.verb:set package 'ldlidar_ros2' build argument 'cmake_force_configure' from command line to 'False'
[6.439s] Level 5:colcon.colcon_core.verb:set package 'ldlidar_ros2' build argument 'ament_cmake_args' from command line to 'None'
[6.439s] Level 5:colcon.colcon_core.verb:set package 'ldlidar_ros2' build argument 'catkin_cmake_args' from command line to 'None'
[6.439s] Level 5:colcon.colcon_core.verb:set package 'ldlidar_ros2' build argument 'catkin_skip_building_tests' from command line to 'False'
[6.439s] DEBUG:colcon.colcon_core.verb:Building package 'ldlidar_ros2' with the following arguments: {'ament_cmake_args': None, 'build_base': '/home/rob/spot_ws/build/ldlidar_ros2', 'catkin_cmake_args': None, 'catkin_skip_building_tests': False, 'cmake_args': None, 'cmake_clean_cache': False, 'cmake_clean_first': False, 'cmake_force_configure': False, 'cmake_target': None, 'cmake_target_skip_unavailable': False, 'install_base': '/home/rob/spot_ws/install/ldlidar_ros2', 'merge_install': False, 'path': '/home/rob/spot_ws/src/ldlidar_ros2', 'symlink_install': False, 'test_result_base': None}
[6.503s] Level 5:colcon.colcon_core.verb:set package 'servo_controller' build argument 'cmake_args' from command line to 'None'
[6.503s] Level 5:colcon.colcon_core.verb:set package 'servo_controller' build argument 'cmake_target' from command line to 'None'
[6.503s] Level 5:colcon.colcon_core.verb:set package 'servo_controller' build argument 'cmake_target_skip_unavailable' from command line to 'False'
[6.503s] Level 5:colcon.colcon_core.verb:set package 'servo_controller' build argument 'cmake_clean_cache' from command line to 'False'
[6.503s] Level 5:colcon.colcon_core.verb:set package 'servo_controller' build argument 'cmake_clean_first' from command line to 'False'
[6.504s] Level 5:colcon.colcon_core.verb:set package 'servo_controller' build argument 'cmake_force_configure' from command line to 'False'
[6.504s] Level 5:colcon.colcon_core.verb:set package 'servo_controller' build argument 'ament_cmake_args' from command line to 'None'
[6.504s] Level 5:colcon.colcon_core.verb:set package 'servo_controller' build argument 'catkin_cmake_args' from command line to 'None'
[6.504s] Level 5:colcon.colcon_core.verb:set package 'servo_controller' build argument 'catkin_skip_building_tests' from command line to 'False'
[6.504s] DEBUG:colcon.colcon_core.verb:Building package 'servo_controller' with the following arguments: {'ament_cmake_args': None, 'build_base': '/home/rob/spot_ws/build/servo_controller', 'catkin_cmake_args': None, 'catkin_skip_building_tests': False, 'cmake_args': None, 'cmake_clean_cache': False, 'cmake_clean_first': False, 'cmake_force_configure': False, 'cmake_target': None, 'cmake_target_skip_unavailable': False, 'install_base': '/home/rob/spot_ws/install/servo_controller', 'merge_install': False, 'path': '/home/rob/spot_ws/src/servo_controller', 'symlink_install': False, 'test_result_base': None}
[6.569s] Level 5:colcon.colcon_core.verb:set package 'spot_v1_description' build argument 'cmake_args' from command line to 'None'
[6.569s] Level 5:colcon.colcon_core.verb:set package 'spot_v1_description' build argument 'cmake_target' from command line to 'None'
[6.569s] Level 5:colcon.colcon_core.verb:set package 'spot_v1_description' build argument 'cmake_target_skip_unavailable' from command line to 'False'
[6.569s] Level 5:colcon.colcon_core.verb:set package 'spot_v1_description' build argument 'cmake_clean_cache' from command line to 'False'
[6.569s] Level 5:colcon.colcon_core.verb:set package 'spot_v1_description' build argument 'cmake_clean_first' from command line to 'False'
[6.569s] Level 5:colcon.colcon_core.verb:set package 'spot_v1_description' build argument 'cmake_force_configure' from command line to 'False'
[6.569s] Level 5:colcon.colcon_core.verb:set package 'spot_v1_description' build argument 'ament_cmake_args' from command line to 'None'
[6.569s] Level 5:colcon.colcon_core.verb:set package 'spot_v1_description' build argument 'catkin_cmake_args' from command line to 'None'
[6.569s] Level 5:colcon.colcon_core.verb:set package 'spot_v1_description' build argument 'catkin_skip_building_tests' from command line to 'False'
[6.570s] DEBUG:colcon.colcon_core.verb:Building package 'spot_v1_description' with the following arguments: {'ament_cmake_args': None, 'build_base': '/home/rob/spot_ws/build/spot_v1_description', 'catkin_cmake_args': None, 'catkin_skip_building_tests': False, 'cmake_args': None, 'cmake_clean_cache': False, 'cmake_clean_first': False, 'cmake_force_configure': False, 'cmake_target': None, 'cmake_target_skip_unavailable': False, 'install_base': '/home/rob/spot_ws/install/spot_v1_description', 'merge_install': False, 'path': '/home/rob/spot_ws/src/spot_v1_description', 'symlink_install': False, 'test_result_base': None}
[6.632s] INFO:colcon.colcon_core.executor:Executing jobs using 'parallel' executor
[6.698s] DEBUG:colcon.colcon_parallel_executor.executor.parallel:run_until_complete
[6.700s] INFO:colcon.colcon_ros.task.ament_python.build:Building ROS package in '/home/rob/spot_ws/src/bwt901cl_pkg' with build type 'ament_python'
[6.700s] Level 1:colcon.colcon_core.shell:create_environment_hook('bwt901cl_pkg', 'ament_prefix_path')
[6.782s] INFO:colcon.colcon_core.plugin_system:Skipping extension 'colcon_core.shell.bat': Not used on non-Windows systems
[6.783s] INFO:colcon.colcon_core.shell:Creating environment hook '/home/rob/spot_ws/install/bwt901cl_pkg/share/bwt901cl_pkg/hook/ament_prefix_path.ps1'
[6.787s] INFO:colcon.colcon_core.shell:Creating environment descriptor '/home/rob/spot_ws/install/bwt901cl_pkg/share/bwt901cl_pkg/hook/ament_prefix_path.dsv'
[6.790s] INFO:colcon.colcon_core.shell:Creating environment hook '/home/rob/spot_ws/install/bwt901cl_pkg/share/bwt901cl_pkg/hook/ament_prefix_path.sh'
[6.860s] INFO:colcon.colcon_core.shell:Skip shell extension 'powershell' for command environment: Not usable outside of PowerShell
[6.860s] DEBUG:colcon.colcon_core.shell:Skip shell extension 'dsv' for command environment
[7.069s] INFO:colcon.colcon_ros.task.ament_cmake.build:Building ROS package in '/home/rob/spot_ws/src/ldlidar_ros2' with build type 'ament_cmake'
[7.070s] INFO:colcon.colcon_cmake.task.cmake.build:Building CMake package in '/home/rob/spot_ws/src/ldlidar_ros2'
[7.138s] INFO:colcon.colcon_core.shell:Skip shell extension 'powershell' for command environment: Not usable outside of PowerShell
[7.138s] DEBUG:colcon.colcon_core.shell:Skip shell extension 'dsv' for command environment
[7.345s] INFO:colcon.colcon_ros.task.ament_python.build:Building ROS package in '/home/rob/spot_ws/src/servo_controller' with build type 'ament_python'
[7.345s] Level 1:colcon.colcon_core.shell:create_environment_hook('servo_controller', 'ament_prefix_path')
[7.413s] INFO:colcon.colcon_core.shell:Creating environment hook '/home/rob/spot_ws/install/servo_controller/share/servo_controller/hook/ament_prefix_path.ps1'
[7.415s] INFO:colcon.colcon_core.shell:Creating environment descriptor '/home/rob/spot_ws/install/servo_controller/share/servo_controller/hook/ament_prefix_path.dsv'
[7.417s] INFO:colcon.colcon_core.shell:Creating environment hook '/home/rob/spot_ws/install/servo_controller/share/servo_controller/hook/ament_prefix_path.sh'
[7.482s] INFO:colcon.colcon_core.shell:Skip shell extension 'powershell' for command environment: Not usable outside of PowerShell
[7.482s] DEBUG:colcon.colcon_core.shell:Skip shell extension 'dsv' for command environment
[7.689s] INFO:colcon.colcon_ros.task.ament_python.build:Building ROS package in '/home/rob/spot_ws/src/spot_v1_description' with build type 'ament_python'
[7.689s] Level 1:colcon.colcon_core.shell:create_environment_hook('spot_v1_description', 'ament_prefix_path')
[7.757s] INFO:colcon.colcon_core.shell:Creating environment hook '/home/rob/spot_ws/install/spot_v1_description/share/spot_v1_description/hook/ament_prefix_path.ps1'
[7.759s] INFO:colcon.colcon_core.shell:Creating environment descriptor '/home/rob/spot_ws/install/spot_v1_description/share/spot_v1_description/hook/ament_prefix_path.dsv'
[7.761s] INFO:colcon.colcon_core.shell:Creating environment hook '/home/rob/spot_ws/install/spot_v1_description/share/spot_v1_description/hook/ament_prefix_path.sh'
[7.828s] INFO:colcon.colcon_core.shell:Skip shell extension 'powershell' for command environment: Not usable outside of PowerShell
[7.828s] DEBUG:colcon.colcon_core.shell:Skip shell extension 'dsv' for command environment
[9.205s] INFO:colcon.colcon_core.task.python.build:Building Python package in '/home/rob/spot_ws/src/bwt901cl_pkg'
[9.273s] INFO:colcon.colcon_core.shell:Skip shell extension 'powershell' for command environment: Not usable outside of PowerShell
[9.274s] DEBUG:colcon.colcon_core.shell:Skip shell extension 'dsv' for command environment
[9.495s] DEBUG:colcon.colcon_core.event_handler.log_command:Invoking command in '/home/rob/spot_ws/build/ldlidar_ros2': CMAKE_PREFIX_PATH=${CMAKE_PREFIX_PATH}:/home/rob/spot_ws/install/spot_v1_description:/home/rob/spot_ws/install/servo_controller:/home/rob/spot_ws/install/bwt901cl_pkg:/opt/ros/humble /usr/bin/cmake --build /home/rob/spot_ws/build/ldlidar_ros2 -- -j4 -l4
[10.804s] INFO:colcon.colcon_core.task.python.build:Building Python package in '/home/rob/spot_ws/src/servo_controller'
[10.872s] INFO:colcon.colcon_core.shell:Skip shell extension 'powershell' for command environment: Not usable outside of PowerShell
[10.872s] DEBUG:colcon.colcon_core.shell:Skip shell extension 'dsv' for command environment
[12.238s] INFO:colcon.colcon_core.task.python.build:Building Python package in '/home/rob/spot_ws/src/spot_v1_description'
[12.307s] INFO:colcon.colcon_core.shell:Skip shell extension 'powershell' for command environment: Not usable outside of PowerShell
[12.307s] DEBUG:colcon.colcon_core.shell:Skip shell extension 'dsv' for command environment
[12.515s] DEBUG:colcon.colcon_core.event_handler.log_command:Invoked command in '/home/rob/spot_ws/build/ldlidar_ros2' returned '0': CMAKE_PREFIX_PATH=${CMAKE_PREFIX_PATH}:/home/rob/spot_ws/install/spot_v1_description:/home/rob/spot_ws/install/servo_controller:/home/rob/spot_ws/install/bwt901cl_pkg:/opt/ros/humble /usr/bin/cmake --build /home/rob/spot_ws/build/ldlidar_ros2 -- -j4 -l4
[12.708s] DEBUG:colcon.colcon_core.event_handler.log_command:Invoking command in '/home/rob/spot_ws/build/ldlidar_ros2': CMAKE_PREFIX_PATH=${CMAKE_PREFIX_PATH}:/home/rob/spot_ws/install/spot_v1_description:/home/rob/spot_ws/install/servo_controller:/home/rob/spot_ws/install/bwt901cl_pkg:/opt/ros/humble /usr/bin/cmake --install /home/rob/spot_ws/build/ldlidar_ros2
[12.833s] Level 1:colcon.colcon_core.environment:create_environment_scripts_only(ldlidar_ros2)
[12.839s] DEBUG:colcon.colcon_core.event_handler.log_command:Invoked command in '/home/rob/spot_ws/build/ldlidar_ros2' returned '0': CMAKE_PREFIX_PATH=${CMAKE_PREFIX_PATH}:/home/rob/spot_ws/install/spot_v1_description:/home/rob/spot_ws/install/servo_controller:/home/rob/spot_ws/install/bwt901cl_pkg:/opt/ros/humble /usr/bin/cmake --install /home/rob/spot_ws/build/ldlidar_ros2
[13.036s] Level 1:colcon.colcon_core.environment:checking '/home/rob/spot_ws/install/ldlidar_ros2' for CMake module files
[13.040s] Level 1:colcon.colcon_core.environment:checking '/home/rob/spot_ws/install/ldlidar_ros2' for CMake config files
[13.046s] Level 1:colcon.colcon_core.shell:create_environment_hook('ldlidar_ros2', 'cmake_prefix_path')
[13.180s] INFO:colcon.colcon_core.shell:Creating environment hook '/home/rob/spot_ws/install/ldlidar_ros2/share/ldlidar_ros2/hook/cmake_prefix_path.ps1'
[13.183s] INFO:colcon.colcon_core.shell:Creating environment descriptor '/home/rob/spot_ws/install/ldlidar_ros2/share/ldlidar_ros2/hook/cmake_prefix_path.dsv'
[13.185s] INFO:colcon.colcon_core.shell:Creating environment hook '/home/rob/spot_ws/install/ldlidar_ros2/share/ldlidar_ros2/hook/cmake_prefix_path.sh'
[13.189s] Level 1:colcon.colcon_core.environment:checking '/home/rob/spot_ws/install/ldlidar_ros2/lib'
[13.190s] Level 1:colcon.colcon_core.environment:checking '/home/rob/spot_ws/install/ldlidar_ros2/bin'
[13.190s] Level 1:colcon.colcon_core.environment:checking '/home/rob/spot_ws/install/ldlidar_ros2/lib/pkgconfig/ldlidar_ros2.pc'
[13.192s] Level 1:colcon.colcon_core.environment:checking '/home/rob/spot_ws/install/ldlidar_ros2/lib/python3.10/site-packages'
[13.193s] Level 1:colcon.colcon_core.environment:checking '/home/rob/spot_ws/install/ldlidar_ros2/bin'
[13.301s] INFO:colcon.colcon_core.shell:Creating package script '/home/rob/spot_ws/install/ldlidar_ros2/share/ldlidar_ros2/package.ps1'
[13.307s] INFO:colcon.colcon_core.shell:Creating package descriptor '/home/rob/spot_ws/install/ldlidar_ros2/share/ldlidar_ros2/package.dsv'
[13.311s] INFO:colcon.colcon_core.shell:Creating package script '/home/rob/spot_ws/install/ldlidar_ros2/share/ldlidar_ros2/package.sh'
[13.317s] INFO:colcon.colcon_core.shell:Creating package script '/home/rob/spot_ws/install/ldlidar_ros2/share/ldlidar_ros2/package.bash'
[13.322s] INFO:colcon.colcon_core.shell:Creating package script '/home/rob/spot_ws/install/ldlidar_ros2/share/ldlidar_ros2/package.zsh'
[13.328s] Level 1:colcon.colcon_core.environment:create_file_with_runtime_dependencies(/home/rob/spot_ws/install/ldlidar_ros2/share/colcon-core/packages/ldlidar_ros2)
[13.585s] Level 1:colcon.colcon_core.environment:create_environment_scripts_only(ldlidar_ros2)
[13.697s] Level 1:colcon.colcon_core.environment:checking '/home/rob/spot_ws/install/ldlidar_ros2' for CMake module files
[13.700s] Level 1:colcon.colcon_core.environment:checking '/home/rob/spot_ws/install/ldlidar_ros2' for CMake config files
[13.704s] Level 1:colcon.colcon_core.shell:create_environment_hook('ldlidar_ros2', 'cmake_prefix_path')
[13.812s] INFO:colcon.colcon_core.shell:Creating environment hook '/home/rob/spot_ws/install/ldlidar_ros2/share/ldlidar_ros2/hook/cmake_prefix_path.ps1'
[13.814s] INFO:colcon.colcon_core.shell:Creating environment descriptor '/home/rob/spot_ws/install/ldlidar_ros2/share/ldlidar_ros2/hook/cmake_prefix_path.dsv'
[13.817s] INFO:colcon.colcon_core.shell:Creating environment hook '/home/rob/spot_ws/install/ldlidar_ros2/share/ldlidar_ros2/hook/cmake_prefix_path.sh'
[13.820s] Level 1:colcon.colcon_core.environment:checking '/home/rob/spot_ws/install/ldlidar_ros2/lib'
[13.821s] Level 1:colcon.colcon_core.environment:checking '/home/rob/spot_ws/install/ldlidar_ros2/bin'
[13.821s] Level 1:colcon.colcon_core.environment:checking '/home/rob/spot_ws/install/ldlidar_ros2/lib/pkgconfig/ldlidar_ros2.pc'
[13.823s] Level 1:colcon.colcon_core.environment:checking '/home/rob/spot_ws/install/ldlidar_ros2/lib/python3.10/site-packages'
[13.824s] Level 1:colcon.colcon_core.environment:checking '/home/rob/spot_ws/install/ldlidar_ros2/bin'
[13.953s] INFO:colcon.colcon_core.shell:Creating package script '/home/rob/spot_ws/install/ldlidar_ros2/share/ldlidar_ros2/package.ps1'
[13.957s] INFO:colcon.colcon_core.shell:Creating package descriptor '/home/rob/spot_ws/install/ldlidar_ros2/share/ldlidar_ros2/package.dsv'
[13.963s] INFO:colcon.colcon_core.shell:Creating package script '/home/rob/spot_ws/install/ldlidar_ros2/share/ldlidar_ros2/package.sh'
[13.966s] INFO:colcon.colcon_core.shell:Creating package script '/home/rob/spot_ws/install/ldlidar_ros2/share/ldlidar_ros2/package.bash'
[13.969s] INFO:colcon.colcon_core.shell:Creating package script '/home/rob/spot_ws/install/ldlidar_ros2/share/ldlidar_ros2/package.zsh'
[13.973s] Level 1:colcon.colcon_core.environment:create_file_with_runtime_dependencies(/home/rob/spot_ws/install/ldlidar_ros2/share/colcon-core/packages/ldlidar_ros2)
[15.000s] DEBUG:colcon.colcon_core.event_handler.log_command:Invoking command in '/home/rob/spot_ws/src/servo_controller': PYTHONPATH=/home/rob/spot_ws/build/servo_controller/prefix_override:/home/rob/spot_ws/install/servo_controller/lib/python3.10/site-packages:${PYTHONPATH} /usr/bin/python3 setup.py egg_info --egg-base ../../build/servo_controller build --build-base /home/rob/spot_ws/build/servo_controller/build install --record /home/rob/spot_ws/build/servo_controller/install.log --single-version-externally-managed
[15.012s] DEBUG:colcon.colcon_core.event_handler.log_command:Invoking command in '/home/rob/spot_ws/src/bwt901cl_pkg': PYTHONPATH=/home/rob/spot_ws/build/bwt901cl_pkg/prefix_override:/home/rob/spot_ws/install/bwt901cl_pkg/lib/python3.10/site-packages:${PYTHONPATH} /usr/bin/python3 setup.py egg_info --egg-base ../../build/bwt901cl_pkg build --build-base /home/rob/spot_ws/build/bwt901cl_pkg/build install --record /home/rob/spot_ws/build/bwt901cl_pkg/install.log --install-scripts $base/lib/bwt901cl_pkg --single-version-externally-managed
[15.025s] DEBUG:colcon.colcon_core.event_handler.log_command:Invoking command in '/home/rob/spot_ws/src/spot_v1_description': PYTHONPATH=/home/rob/spot_ws/build/spot_v1_description/prefix_override:/home/rob/spot_ws/install/spot_v1_description/lib/python3.10/site-packages:${PYTHONPATH} /usr/bin/python3 setup.py egg_info --egg-base ../../build/spot_v1_description build --build-base /home/rob/spot_ws/build/spot_v1_description/build install --record /home/rob/spot_ws/build/spot_v1_description/install.log --install-scripts $base/lib/spot_v1_description --single-version-externally-managed
[16.856s] DEBUG:colcon.colcon_core.event_handler.log_command:Invoked command in '/home/rob/spot_ws/src/servo_controller' returned '0': PYTHONPATH=/home/rob/spot_ws/build/servo_controller/prefix_override:/home/rob/spot_ws/install/servo_controller/lib/python3.10/site-packages:${PYTHONPATH} /usr/bin/python3 setup.py egg_info --egg-base ../../build/servo_controller build --build-base /home/rob/spot_ws/build/servo_controller/build install --record /home/rob/spot_ws/build/servo_controller/install.log --single-version-externally-managed
[16.929s] Level 1:colcon.colcon_core.environment:checking '/home/rob/spot_ws/install/servo_controller' for CMake module files
[16.932s] Level 1:colcon.colcon_core.environment:checking '/home/rob/spot_ws/install/servo_controller' for CMake config files
[16.935s] Level 1:colcon.colcon_core.environment:checking '/home/rob/spot_ws/install/servo_controller/lib'
[16.936s] Level 1:colcon.colcon_core.environment:checking '/home/rob/spot_ws/install/servo_controller/bin'
[16.936s] Level 1:colcon.colcon_core.environment:checking '/home/rob/spot_ws/install/servo_controller/lib/pkgconfig/servo_controller.pc'
[16.937s] Level 1:colcon.colcon_core.environment:checking '/home/rob/spot_ws/install/servo_controller/lib/python3.10/site-packages'
[16.937s] Level 1:colcon.colcon_core.shell:create_environment_hook('servo_controller', 'pythonpath')
[17.001s] INFO:colcon.colcon_core.shell:Creating environment hook '/home/rob/spot_ws/install/servo_controller/share/servo_controller/hook/pythonpath.ps1'
[17.004s] INFO:colcon.colcon_core.shell:Creating environment descriptor '/home/rob/spot_ws/install/servo_controller/share/servo_controller/hook/pythonpath.dsv'
[17.005s] INFO:colcon.colcon_core.shell:Creating environment hook '/home/rob/spot_ws/install/servo_controller/share/servo_controller/hook/pythonpath.sh'
[17.008s] Level 1:colcon.colcon_core.environment:checking '/home/rob/spot_ws/install/servo_controller/bin'
[17.008s] Level 1:colcon.colcon_core.environment:create_environment_scripts_only(servo_controller)
[17.072s] INFO:colcon.colcon_core.shell:Creating package script '/home/rob/spot_ws/install/servo_controller/share/servo_controller/package.ps1'
[17.075s] INFO:colcon.colcon_core.shell:Creating package descriptor '/home/rob/spot_ws/install/servo_controller/share/servo_controller/package.dsv'
[17.077s] INFO:colcon.colcon_core.shell:Creating package script '/home/rob/spot_ws/install/servo_controller/share/servo_controller/package.sh'
[17.079s] INFO:colcon.colcon_core.shell:Creating package script '/home/rob/spot_ws/install/servo_controller/share/servo_controller/package.bash'
[17.080s] INFO:colcon.colcon_core.shell:Creating package script '/home/rob/spot_ws/install/servo_controller/share/servo_controller/package.zsh'
[17.082s] Level 1:colcon.colcon_core.environment:create_file_with_runtime_dependencies(/home/rob/spot_ws/install/servo_controller/share/colcon-core/packages/servo_controller)
[17.088s] DEBUG:colcon.colcon_core.event_handler.log_command:Invoked command in '/home/rob/spot_ws/src/bwt901cl_pkg' returned '0': PYTHONPATH=/home/rob/spot_ws/build/bwt901cl_pkg/prefix_override:/home/rob/spot_ws/install/bwt901cl_pkg/lib/python3.10/site-packages:${PYTHONPATH} /usr/bin/python3 setup.py egg_info --egg-base ../../build/bwt901cl_pkg build --build-base /home/rob/spot_ws/build/bwt901cl_pkg/build install --record /home/rob/spot_ws/build/bwt901cl_pkg/install.log --install-scripts $base/lib/bwt901cl_pkg --single-version-externally-managed
[17.155s] Level 1:colcon.colcon_core.environment:checking '/home/rob/spot_ws/install/bwt901cl_pkg' for CMake module files
[17.157s] Level 1:colcon.colcon_core.environment:checking '/home/rob/spot_ws/install/bwt901cl_pkg' for CMake config files
[17.161s] Level 1:colcon.colcon_core.environment:checking '/home/rob/spot_ws/install/bwt901cl_pkg/lib'
[17.161s] Level 1:colcon.colcon_core.environment:checking '/home/rob/spot_ws/install/bwt901cl_pkg/bin'
[17.161s] Level 1:colcon.colcon_core.environment:checking '/home/rob/spot_ws/install/bwt901cl_pkg/lib/pkgconfig/bwt901cl_pkg.pc'
[17.162s] Level 1:colcon.colcon_core.environment:checking '/home/rob/spot_ws/install/bwt901cl_pkg/lib/python3.10/site-packages'
[17.163s] Level 1:colcon.colcon_core.shell:create_environment_hook('bwt901cl_pkg', 'pythonpath')
[17.226s] INFO:colcon.colcon_core.shell:Creating environment hook '/home/rob/spot_ws/install/bwt901cl_pkg/share/bwt901cl_pkg/hook/pythonpath.ps1'
[17.228s] INFO:colcon.colcon_core.shell:Creating environment descriptor '/home/rob/spot_ws/install/bwt901cl_pkg/share/bwt901cl_pkg/hook/pythonpath.dsv'
[17.230s] INFO:colcon.colcon_core.shell:Creating environment hook '/home/rob/spot_ws/install/bwt901cl_pkg/share/bwt901cl_pkg/hook/pythonpath.sh'
[17.232s] Level 1:colcon.colcon_core.environment:checking '/home/rob/spot_ws/install/bwt901cl_pkg/bin'
[17.233s] Level 1:colcon.colcon_core.environment:create_environment_scripts_only(bwt901cl_pkg)
[17.298s] INFO:colcon.colcon_core.shell:Creating package script '/home/rob/spot_ws/install/bwt901cl_pkg/share/bwt901cl_pkg/package.ps1'
[17.301s] INFO:colcon.colcon_core.shell:Creating package descriptor '/home/rob/spot_ws/install/bwt901cl_pkg/share/bwt901cl_pkg/package.dsv'
[17.304s] INFO:colcon.colcon_core.shell:Creating package script '/home/rob/spot_ws/install/bwt901cl_pkg/share/bwt901cl_pkg/package.sh'
[17.307s] INFO:colcon.colcon_core.shell:Creating package script '/home/rob/spot_ws/install/bwt901cl_pkg/share/bwt901cl_pkg/package.bash'
[17.309s] INFO:colcon.colcon_core.shell:Creating package script '/home/rob/spot_ws/install/bwt901cl_pkg/share/bwt901cl_pkg/package.zsh'
[17.312s] Level 1:colcon.colcon_core.environment:create_file_with_runtime_dependencies(/home/rob/spot_ws/install/bwt901cl_pkg/share/colcon-core/packages/bwt901cl_pkg)
[17.321s] DEBUG:colcon.colcon_core.event_handler.log_command:Invoked command in '/home/rob/spot_ws/src/spot_v1_description' returned '0': PYTHONPATH=/home/rob/spot_ws/build/spot_v1_description/prefix_override:/home/rob/spot_ws/install/spot_v1_description/lib/python3.10/site-packages:${PYTHONPATH} /usr/bin/python3 setup.py egg_info --egg-base ../../build/spot_v1_description build --build-base /home/rob/spot_ws/build/spot_v1_description/build install --record /home/rob/spot_ws/build/spot_v1_description/install.log --install-scripts $base/lib/spot_v1_description --single-version-externally-managed
[17.391s] Level 1:colcon.colcon_core.environment:checking '/home/rob/spot_ws/install/spot_v1_description' for CMake module files
[17.393s] Level 1:colcon.colcon_core.environment:checking '/home/rob/spot_ws/install/spot_v1_description' for CMake config files
[17.397s] Level 1:colcon.colcon_core.environment:checking '/home/rob/spot_ws/install/spot_v1_description/lib'
[17.397s] Level 1:colcon.colcon_core.environment:checking '/home/rob/spot_ws/install/spot_v1_description/bin'
[17.398s] Level 1:colcon.colcon_core.environment:checking '/home/rob/spot_ws/install/spot_v1_description/lib/pkgconfig/spot_v1_description.pc'
[17.399s] Level 1:colcon.colcon_core.environment:checking '/home/rob/spot_ws/install/spot_v1_description/lib/python3.10/site-packages'
[17.399s] Level 1:colcon.colcon_core.shell:create_environment_hook('spot_v1_description', 'pythonpath')
[17.464s] INFO:colcon.colcon_core.shell:Creating environment hook '/home/rob/spot_ws/install/spot_v1_description/share/spot_v1_description/hook/pythonpath.ps1'
[17.466s] INFO:colcon.colcon_core.shell:Creating environment descriptor '/home/rob/spot_ws/install/spot_v1_description/share/spot_v1_description/hook/pythonpath.dsv'
[17.468s] INFO:colcon.colcon_core.shell:Creating environment hook '/home/rob/spot_ws/install/spot_v1_description/share/spot_v1_description/hook/pythonpath.sh'
[17.470s] Level 1:colcon.colcon_core.environment:checking '/home/rob/spot_ws/install/spot_v1_description/bin'
[17.471s] Level 1:colcon.colcon_core.environment:create_environment_scripts_only(spot_v1_description)
[17.535s] INFO:colcon.colcon_core.shell:Creating package script '/home/rob/spot_ws/install/spot_v1_description/share/spot_v1_description/package.ps1'
[17.537s] INFO:colcon.colcon_core.shell:Creating package descriptor '/home/rob/spot_ws/install/spot_v1_description/share/spot_v1_description/package.dsv'
[17.539s] INFO:colcon.colcon_core.shell:Creating package script '/home/rob/spot_ws/install/spot_v1_description/share/spot_v1_description/package.sh'
[17.541s] INFO:colcon.colcon_core.shell:Creating package script '/home/rob/spot_ws/install/spot_v1_description/share/spot_v1_description/package.bash'
[17.543s] INFO:colcon.colcon_core.shell:Creating package script '/home/rob/spot_ws/install/spot_v1_description/share/spot_v1_description/package.zsh'
[17.544s] Level 1:colcon.colcon_core.environment:create_file_with_runtime_dependencies(/home/rob/spot_ws/install/spot_v1_description/share/colcon-core/packages/spot_v1_description)
[17.546s] DEBUG:colcon.colcon_parallel_executor.executor.parallel:closing loop
[17.548s] DEBUG:colcon.colcon_parallel_executor.executor.parallel:loop closed
[17.548s] DEBUG:colcon.colcon_parallel_executor.executor.parallel:run_until_complete finished with '0'
[17.548s] DEBUG:colcon.colcon_core.event_reactor:joining thread
[17.637s] INFO:colcon.colcon_core.plugin_system:Skipping extension 'colcon_notification.desktop_notification.terminal_notifier': Not used on non-Darwin systems
[17.637s] INFO:colcon.colcon_core.plugin_system:Skipping extension 'colcon_notification.desktop_notification.win32': Not used on non-Windows systems
[17.638s] INFO:colcon.colcon_notification.desktop_notification:Sending desktop notification using 'notify2'
[42.665s] DEBUG:colcon.colcon_notification.desktop_notification.notify2:Failed to initialize notify2: org.freedesktop.DBus.Error.NoReply: Did not receive a reply. Possible causes include: the remote application did not send a reply, the message bus security policy blocked the reply, the reply timeout expired, or the network connection was broken.
[42.666s] DEBUG:colcon.colcon_core.event_reactor:joined thread
[42.739s] INFO:colcon.colcon_core.shell:Creating prefix script '/home/rob/spot_ws/install/local_setup.ps1'
[42.743s] INFO:colcon.colcon_core.shell:Creating prefix util module '/home/rob/spot_ws/install/_local_setup_util_ps1.py'
[42.750s] INFO:colcon.colcon_core.shell:Creating prefix chain script '/home/rob/spot_ws/install/setup.ps1'
[42.820s] INFO:colcon.colcon_core.shell:Creating prefix script '/home/rob/spot_ws/install/local_setup.sh'
[42.824s] INFO:colcon.colcon_core.shell:Creating prefix util module '/home/rob/spot_ws/install/_local_setup_util_sh.py'
[42.826s] INFO:colcon.colcon_core.shell:Creating prefix chain script '/home/rob/spot_ws/install/setup.sh'
[42.896s] INFO:colcon.colcon_core.shell:Creating prefix script '/home/rob/spot_ws/install/local_setup.bash'
[42.899s] INFO:colcon.colcon_core.shell:Creating prefix chain script '/home/rob/spot_ws/install/setup.bash'
[42.968s] INFO:colcon.colcon_core.shell:Creating prefix script '/home/rob/spot_ws/install/local_setup.zsh'
[42.971s] INFO:colcon.colcon_core.shell:Creating prefix chain script '/home/rob/spot_ws/install/setup.zsh'
