[2.132s] Invoking command in '/home/rob/spot_ws/build/ldlidar_ros2': CMAKE_PREFIX_PATH=/opt/ros/humble /usr/bin/cmake /home/rob/spot_ws/src/ldlidar_ros2 -DCMAKE_INSTALL_PREFIX=/home/rob/spot_ws/install/ldlidar_ros2
[3.739s] -- Found ament_cmake: 1.3.7 (/opt/ros/humble/share/ament_cmake/cmake)
[3.741s] -- Found rclcpp: 16.0.8 (/opt/ros/humble/share/rclcpp/cmake)
[3.744s] -- Found rosidl_generator_c: 3.1.5 (/opt/ros/humble/share/rosidl_generator_c/cmake)
[3.745s] -- Found rosidl_adapter: 3.1.5 (/opt/ros/humble/share/rosidl_adapter/cmake)
[3.748s] -- Found rosidl_generator_cpp: 3.1.5 (/opt/ros/humble/share/rosidl_generator_cpp/cmake)
[3.749s] -- Using all available rosidl_typesupport_c: rosidl_typesupport_fastrtps_c;rosidl_typesupport_introspection_c
[3.749s] -- Using all available rosidl_typesupport_cpp: rosidl_typesupport_fastrtps_cpp;rosidl_typesupport_introspection_cpp
[3.749s] -- Found rmw_implementation_cmake: 6.1.1 (/opt/ros/humble/share/rmw_implementation_cmake/cmake)
[3.749s] -- Found rmw_fastrtps_cpp: 6.2.6 (/opt/ros/humble/share/rmw_fastrtps_cpp/cmake)
[4.504s] -- Using RMW implementation 'rmw_fastrtps_cpp' as default
[5.162s] -- Found sensor_msgs: 4.2.3 (/opt/ros/humble/share/sensor_msgs/cmake)
[5.739s] -- Found ament_lint_auto: 0.12.10 (/opt/ros/humble/share/ament_lint_auto/cmake)
[6.142s] -- operation system is Linux-5.15.0-1045-raspi
[6.143s] -- current platform: Linux 
[6.167s] -- Added test 'copyright' to check source files copyright and LICENSE
[6.212s] -- Added test 'cppcheck' to perform static code analysis on C / C++ code
[6.214s] -- Configured cppcheck include dirs: /home/rob/spot_ws/src/ldlidar_ros2/include;/home/rob/spot_ws/src/ldlidar_ros2/sdk/include
[6.215s] -- Configured cppcheck exclude dirs and/or files: 
[6.258s] -- Added test 'cpplint' to check C / C++ code against the Google style
[6.259s] -- Configured cpplint exclude dirs and/or files: 
[6.266s] -- Added test 'flake8' to check Python code syntax and style conventions
[6.278s] -- Added test 'lint_cmake' to check CMake code style
[6.286s] -- Added test 'pep257' to check Python code against some of the docstring style conventions in PEP 257
[6.328s] -- Added test 'uncrustify' to check C / C++ code style
[6.329s] -- Configured uncrustify additional arguments: 
[6.339s] -- Added test 'xmllint' to check XML markup files
[6.345s] -- Configuring done
[6.429s] -- Generating done
[6.440s] -- Build files have been written to: /home/rob/spot_ws/build/ldlidar_ros2
[6.501s] Invoked command in '/home/rob/spot_ws/build/ldlidar_ros2' returned '0': CMAKE_PREFIX_PATH=/opt/ros/humble /usr/bin/cmake /home/rob/spot_ws/src/ldlidar_ros2 -DCMAKE_INSTALL_PREFIX=/home/rob/spot_ws/install/ldlidar_ros2
[6.504s] Invoking command in '/home/rob/spot_ws/build/ldlidar_ros2': CMAKE_PREFIX_PATH=/opt/ros/humble /usr/bin/cmake --build /home/rob/spot_ws/build/ldlidar_ros2 -- -j4 -l4
[6.808s] [  7%] [32mBuilding CXX object sdk/CMakeFiles/ldlidar_driver.dir/src/ldlidar_driver_linux.cpp.o[0m
[6.812s] [ 15%] [32mBuilding CXX object sdk/CMakeFiles/ldlidar_driver.dir/src/ldlidar_driver.cpp.o[0m
[6.838s] [ 23%] [32mBuilding CXX object sdk/CMakeFiles/ldlidar_driver.dir/src/ldlidar_dataprocess.cpp.o[0m
[6.839s] [ 30%] [32mBuilding CXX object sdk/CMakeFiles/ldlidar_driver.dir/src/ldlidar_protocol.cpp.o[0m
[7.374s] [ 38%] [32mBuilding CXX object sdk/CMakeFiles/ldlidar_driver.dir/src/log_module.cpp.o[0m
[10.101s] [ 46%] [32mBuilding CXX object sdk/CMakeFiles/ldlidar_driver.dir/src/network_socket_interface_linux.cpp.o[0m
[11.409s] [ 53%] [32mBuilding CXX object sdk/CMakeFiles/ldlidar_driver.dir/src/serial_interface_linux.cpp.o[0m
[13.219s] [ 61%] [32mBuilding CXX object sdk/CMakeFiles/ldlidar_driver.dir/src/sl_transform.cpp.o[0m
[14.538s] [ 69%] [32mBuilding CXX object sdk/CMakeFiles/ldlidar_driver.dir/src/slbf.cpp.o[0m
[14.862s] [ 76%] [32mBuilding CXX object sdk/CMakeFiles/ldlidar_driver.dir/src/tofbf.cpp.o[0m
[17.225s] [ 84%] [32m[1mLinking CXX static library libldlidar_driver.a[0m
[17.468s] [ 84%] Built target ldlidar_driver
[17.548s] [ 92%] [32mBuilding CXX object CMakeFiles/ldlidar_ros2_node.dir/src/demo.cpp.o[0m
[37.185s] [100%] [32m[1mLinking CXX executable ldlidar_ros2_node[0m
[38.522s] [100%] Built target ldlidar_ros2_node
[38.562s] Invoked command in '/home/rob/spot_ws/build/ldlidar_ros2' returned '0': CMAKE_PREFIX_PATH=/opt/ros/humble /usr/bin/cmake --build /home/rob/spot_ws/build/ldlidar_ros2 -- -j4 -l4
[38.731s] Invoking command in '/home/rob/spot_ws/build/ldlidar_ros2': CMAKE_PREFIX_PATH=/opt/ros/humble /usr/bin/cmake --install /home/rob/spot_ws/build/ldlidar_ros2
[38.757s] -- Install configuration: ""
[38.757s] -- Installing: /home/rob/spot_ws/install/ldlidar_ros2/lib/ldlidar_ros2/ldlidar_ros2_node
[38.771s] -- Set runtime path of "/home/rob/spot_ws/install/ldlidar_ros2/lib/ldlidar_ros2/ldlidar_ros2_node" to ""
[38.772s] -- Installing: /home/rob/spot_ws/install/ldlidar_ros2/share/ldlidar_ros2//launch
[38.772s] -- Installing: /home/rob/spot_ws/install/ldlidar_ros2/share/ldlidar_ros2//launch/viewer_ld06.launch.py
[38.773s] -- Installing: /home/rob/spot_ws/install/ldlidar_ros2/share/ldlidar_ros2//launch/ld19.launch.py
[38.773s] -- Installing: /home/rob/spot_ws/install/ldlidar_ros2/share/ldlidar_ros2//launch/ld14.launch.py
[38.774s] -- Installing: /home/rob/spot_ws/install/ldlidar_ros2/share/ldlidar_ros2//launch/ld06.launch.py
[38.775s] -- Installing: /home/rob/spot_ws/install/ldlidar_ros2/share/ldlidar_ros2//launch/ld14p.launch.py
[38.776s] -- Installing: /home/rob/spot_ws/install/ldlidar_ros2/share/ldlidar_ros2//launch/viewer_ld14p.launch.py
[38.777s] -- Installing: /home/rob/spot_ws/install/ldlidar_ros2/share/ldlidar_ros2//launch/viewer_ld14.launch.py
[38.778s] -- Installing: /home/rob/spot_ws/install/ldlidar_ros2/share/ldlidar_ros2//launch/viewer_ld19.launch.py
[38.778s] -- Installing: /home/rob/spot_ws/install/ldlidar_ros2/share/ldlidar_ros2//rviz2
[38.779s] -- Installing: /home/rob/spot_ws/install/ldlidar_ros2/share/ldlidar_ros2//rviz2/ldlidar.rviz
[38.780s] -- Installing: /home/rob/spot_ws/install/ldlidar_ros2/share/ldlidar_ros2//scripts
[38.780s] -- Installing: /home/rob/spot_ws/install/ldlidar_ros2/share/ldlidar_ros2//scripts/delete_udev_rules.sh
[38.781s] -- Installing: /home/rob/spot_ws/install/ldlidar_ros2/share/ldlidar_ros2//scripts/ldlidar.rules
[38.782s] -- Installing: /home/rob/spot_ws/install/ldlidar_ros2/share/ldlidar_ros2//scripts/create_udev_rules.sh
[38.784s] -- Installing: /home/rob/spot_ws/install/ldlidar_ros2/share/ament_index/resource_index/package_run_dependencies/ldlidar_ros2
[38.785s] -- Installing: /home/rob/spot_ws/install/ldlidar_ros2/share/ament_index/resource_index/parent_prefix_path/ldlidar_ros2
[38.787s] -- Installing: /home/rob/spot_ws/install/ldlidar_ros2/share/ldlidar_ros2/environment/ament_prefix_path.sh
[38.788s] -- Installing: /home/rob/spot_ws/install/ldlidar_ros2/share/ldlidar_ros2/environment/ament_prefix_path.dsv
[38.789s] -- Installing: /home/rob/spot_ws/install/ldlidar_ros2/share/ldlidar_ros2/environment/path.sh
[38.790s] -- Installing: /home/rob/spot_ws/install/ldlidar_ros2/share/ldlidar_ros2/environment/path.dsv
[38.791s] -- Installing: /home/rob/spot_ws/install/ldlidar_ros2/share/ldlidar_ros2/local_setup.bash
[38.792s] -- Installing: /home/rob/spot_ws/install/ldlidar_ros2/share/ldlidar_ros2/local_setup.sh
[38.793s] -- Installing: /home/rob/spot_ws/install/ldlidar_ros2/share/ldlidar_ros2/local_setup.zsh
[38.794s] -- Installing: /home/rob/spot_ws/install/ldlidar_ros2/share/ldlidar_ros2/local_setup.dsv
[38.795s] -- Installing: /home/rob/spot_ws/install/ldlidar_ros2/share/ldlidar_ros2/package.dsv
[38.796s] -- Installing: /home/rob/spot_ws/install/ldlidar_ros2/share/ament_index/resource_index/packages/ldlidar_ros2
[38.797s] -- Installing: /home/rob/spot_ws/install/ldlidar_ros2/share/ldlidar_ros2/cmake/ldlidar_ros2Config.cmake
[38.798s] -- Installing: /home/rob/spot_ws/install/ldlidar_ros2/share/ldlidar_ros2/cmake/ldlidar_ros2Config-version.cmake
[38.799s] -- Installing: /home/rob/spot_ws/install/ldlidar_ros2/share/ldlidar_ros2/package.xml
[38.806s] Invoked command in '/home/rob/spot_ws/build/ldlidar_ros2' returned '0': CMAKE_PREFIX_PATH=/opt/ros/humble /usr/bin/cmake --install /home/rob/spot_ws/build/ldlidar_ros2
