[4.437s] DEBUG:colcon:Command line arguments: ['/usr/bin/colcon', 'build']
[4.438s] DEBUG:colcon:Parsed command line arguments: Namespace(log_base=None, log_level=None, verb_name='build', build_base='build', install_base='install', merge_install=False, symlink_install=False, test_result_base=None, continue_on_error=False, executor='parallel', parallel_workers=4, event_handlers=None, ignore_user_meta=False, metas=['./colcon.meta'], base_paths=['.'], packages_ignore=None, packages_ignore_regex=None, paths=None, packages_up_to=None, packages_up_to_regex=None, packages_above=None, packages_above_and_dependencies=None, packages_above_depth=None, packages_select_by_dep=None, packages_skip_by_dep=None, packages_skip_up_to=None, packages_select_build_failed=False, packages_skip_build_finished=False, packages_select_test_failures=False, packages_skip_test_passed=False, packages_select=None, packages_skip=None, packages_select_regex=None, packages_skip_regex=None, packages_start=None, packages_end=None, allow_overriding=[], cmake_args=None, cmake_target=None, cmake_target_skip_unavailable=False, cmake_clean_cache=False, cmake_clean_first=False, cmake_force_configure=False, ament_cmake_args=None, catkin_cmake_args=None, catkin_skip_building_tests=False, verb_parser=<colcon_defaults.argument_parser.defaults.DefaultArgumentsDecorator object at 0xffffab84cf40>, verb_extension=<colcon_core.verb.build.BuildVerb object at 0xffffabd5fac0>, main=<bound method BuildVerb.main of <colcon_core.verb.build.BuildVerb object at 0xffffabd5fac0>>)
[4.641s] Level 1:colcon.colcon_core.package_discovery:discover_packages(colcon_meta) check parameters
[4.642s] Level 1:colcon.colcon_core.package_discovery:discover_packages(recursive) check parameters
[4.642s] Level 1:colcon.colcon_core.package_discovery:discover_packages(ignore) check parameters
[4.642s] Level 1:colcon.colcon_core.package_discovery:discover_packages(path) check parameters
[4.642s] Level 1:colcon.colcon_core.package_discovery:discover_packages(colcon_meta) discover
[4.643s] Level 1:colcon.colcon_core.package_discovery:discover_packages(recursive) discover
[4.643s] INFO:colcon.colcon_core.package_discovery:Crawling recursively for packages in '/home/rob/spot_ws'
[4.643s] Level 1:colcon.colcon_core.package_identification:_identify(.) by extensions ['ignore', 'ignore_ament_install']
[4.644s] Level 1:colcon.colcon_core.package_identification:_identify(.) by extension 'ignore'
[4.644s] Level 1:colcon.colcon_core.package_identification:_identify(.) by extension 'ignore_ament_install'
[4.644s] Level 1:colcon.colcon_core.package_identification:_identify(.) by extensions ['colcon_pkg']
[4.645s] Level 1:colcon.colcon_core.package_identification:_identify(.) by extension 'colcon_pkg'
[4.645s] Level 1:colcon.colcon_core.package_identification:_identify(.) by extensions ['colcon_meta']
[4.645s] Level 1:colcon.colcon_core.package_identification:_identify(.) by extension 'colcon_meta'
[4.645s] Level 1:colcon.colcon_core.package_identification:_identify(.) by extensions ['ros']
[4.645s] Level 1:colcon.colcon_core.package_identification:_identify(.) by extension 'ros'
[4.691s] Level 1:colcon.colcon_core.package_identification:_identify(.) by extensions ['cmake', 'python']
[4.691s] Level 1:colcon.colcon_core.package_identification:_identify(.) by extension 'cmake'
[4.692s] Level 1:colcon.colcon_core.package_identification:_identify(.) by extension 'python'
[4.692s] Level 1:colcon.colcon_core.package_identification:_identify(.) by extensions ['python_setup_py']
[4.692s] Level 1:colcon.colcon_core.package_identification:_identify(.) by extension 'python_setup_py'
[4.693s] Level 1:colcon.colcon_core.package_identification:_identify(build) by extensions ['ignore', 'ignore_ament_install']
[4.693s] Level 1:colcon.colcon_core.package_identification:_identify(build) by extension 'ignore'
[4.693s] Level 1:colcon.colcon_core.package_identification:_identify(build) ignored
[4.694s] Level 1:colcon.colcon_core.package_identification:_identify(install) by extensions ['ignore', 'ignore_ament_install']
[4.694s] Level 1:colcon.colcon_core.package_identification:_identify(install) by extension 'ignore'
[4.694s] Level 1:colcon.colcon_core.package_identification:_identify(install) ignored
[4.695s] Level 1:colcon.colcon_core.package_identification:_identify(log) by extensions ['ignore', 'ignore_ament_install']
[4.695s] Level 1:colcon.colcon_core.package_identification:_identify(log) by extension 'ignore'
[4.696s] Level 1:colcon.colcon_core.package_identification:_identify(log) ignored
[4.696s] Level 1:colcon.colcon_core.package_identification:_identify(src) by extensions ['ignore', 'ignore_ament_install']
[4.696s] Level 1:colcon.colcon_core.package_identification:_identify(src) by extension 'ignore'
[4.697s] Level 1:colcon.colcon_core.package_identification:_identify(src) by extension 'ignore_ament_install'
[4.697s] Level 1:colcon.colcon_core.package_identification:_identify(src) by extensions ['colcon_pkg']
[4.697s] Level 1:colcon.colcon_core.package_identification:_identify(src) by extension 'colcon_pkg'
[4.697s] Level 1:colcon.colcon_core.package_identification:_identify(src) by extensions ['colcon_meta']
[4.697s] Level 1:colcon.colcon_core.package_identification:_identify(src) by extension 'colcon_meta'
[4.697s] Level 1:colcon.colcon_core.package_identification:_identify(src) by extensions ['ros']
[4.698s] Level 1:colcon.colcon_core.package_identification:_identify(src) by extension 'ros'
[4.698s] Level 1:colcon.colcon_core.package_identification:_identify(src) by extensions ['cmake', 'python']
[4.698s] Level 1:colcon.colcon_core.package_identification:_identify(src) by extension 'cmake'
[4.698s] Level 1:colcon.colcon_core.package_identification:_identify(src) by extension 'python'
[4.698s] Level 1:colcon.colcon_core.package_identification:_identify(src) by extensions ['python_setup_py']
[4.699s] Level 1:colcon.colcon_core.package_identification:_identify(src) by extension 'python_setup_py'
[4.699s] Level 1:colcon.colcon_core.package_identification:_identify(src/bwt901cl_pkg) by extensions ['ignore', 'ignore_ament_install']
[4.699s] Level 1:colcon.colcon_core.package_identification:_identify(src/bwt901cl_pkg) by extension 'ignore'
[4.700s] Level 1:colcon.colcon_core.package_identification:_identify(src/bwt901cl_pkg) by extension 'ignore_ament_install'
[4.700s] Level 1:colcon.colcon_core.package_identification:_identify(src/bwt901cl_pkg) by extensions ['colcon_pkg']
[4.700s] Level 1:colcon.colcon_core.package_identification:_identify(src/bwt901cl_pkg) by extension 'colcon_pkg'
[4.700s] Level 1:colcon.colcon_core.package_identification:_identify(src/bwt901cl_pkg) by extensions ['colcon_meta']
[4.700s] Level 1:colcon.colcon_core.package_identification:_identify(src/bwt901cl_pkg) by extension 'colcon_meta'
[4.701s] Level 1:colcon.colcon_core.package_identification:_identify(src/bwt901cl_pkg) by extensions ['ros']
[4.701s] Level 1:colcon.colcon_core.package_identification:_identify(src/bwt901cl_pkg) by extension 'ros'
[4.710s] DEBUG:colcon.colcon_core.package_identification:Package 'src/bwt901cl_pkg' with type 'ros.ament_python' and name 'bwt901cl_pkg'
[4.710s] Level 1:colcon.colcon_core.package_identification:_identify(src/ldlidar_ros2) by extensions ['ignore', 'ignore_ament_install']
[4.711s] Level 1:colcon.colcon_core.package_identification:_identify(src/ldlidar_ros2) by extension 'ignore'
[4.711s] Level 1:colcon.colcon_core.package_identification:_identify(src/ldlidar_ros2) by extension 'ignore_ament_install'
[4.711s] Level 1:colcon.colcon_core.package_identification:_identify(src/ldlidar_ros2) by extensions ['colcon_pkg']
[4.711s] Level 1:colcon.colcon_core.package_identification:_identify(src/ldlidar_ros2) by extension 'colcon_pkg'
[4.712s] Level 1:colcon.colcon_core.package_identification:_identify(src/ldlidar_ros2) by extensions ['colcon_meta']
[4.712s] Level 1:colcon.colcon_core.package_identification:_identify(src/ldlidar_ros2) by extension 'colcon_meta'
[4.712s] Level 1:colcon.colcon_core.package_identification:_identify(src/ldlidar_ros2) by extensions ['ros']
[4.712s] Level 1:colcon.colcon_core.package_identification:_identify(src/ldlidar_ros2) by extension 'ros'
[4.715s] DEBUG:colcon.colcon_core.package_identification:Package 'src/ldlidar_ros2' with type 'ros.ament_cmake' and name 'ldlidar_ros2'
[4.716s] Level 1:colcon.colcon_core.package_identification:_identify(src/servo_controller) by extensions ['ignore', 'ignore_ament_install']
[4.716s] Level 1:colcon.colcon_core.package_identification:_identify(src/servo_controller) by extension 'ignore'
[4.716s] Level 1:colcon.colcon_core.package_identification:_identify(src/servo_controller) by extension 'ignore_ament_install'
[4.717s] Level 1:colcon.colcon_core.package_identification:_identify(src/servo_controller) by extensions ['colcon_pkg']
[4.717s] Level 1:colcon.colcon_core.package_identification:_identify(src/servo_controller) by extension 'colcon_pkg'
[4.717s] Level 1:colcon.colcon_core.package_identification:_identify(src/servo_controller) by extensions ['colcon_meta']
[4.717s] Level 1:colcon.colcon_core.package_identification:_identify(src/servo_controller) by extension 'colcon_meta'
[4.717s] Level 1:colcon.colcon_core.package_identification:_identify(src/servo_controller) by extensions ['ros']
[4.717s] Level 1:colcon.colcon_core.package_identification:_identify(src/servo_controller) by extension 'ros'
[4.719s] DEBUG:colcon.colcon_core.package_identification:Package 'src/servo_controller' with type 'ros.ament_python' and name 'servo_controller'
[4.720s] Level 1:colcon.colcon_core.package_identification:_identify(src/spot_v1_description) by extensions ['ignore', 'ignore_ament_install']
[4.720s] Level 1:colcon.colcon_core.package_identification:_identify(src/spot_v1_description) by extension 'ignore'
[4.720s] Level 1:colcon.colcon_core.package_identification:_identify(src/spot_v1_description) by extension 'ignore_ament_install'
[4.721s] Level 1:colcon.colcon_core.package_identification:_identify(src/spot_v1_description) by extensions ['colcon_pkg']
[4.721s] Level 1:colcon.colcon_core.package_identification:_identify(src/spot_v1_description) by extension 'colcon_pkg'
[4.721s] Level 1:colcon.colcon_core.package_identification:_identify(src/spot_v1_description) by extensions ['colcon_meta']
[4.721s] Level 1:colcon.colcon_core.package_identification:_identify(src/spot_v1_description) by extension 'colcon_meta'
[4.721s] Level 1:colcon.colcon_core.package_identification:_identify(src/spot_v1_description) by extensions ['ros']
[4.722s] Level 1:colcon.colcon_core.package_identification:_identify(src/spot_v1_description) by extension 'ros'
[4.725s] DEBUG:colcon.colcon_core.package_identification:Package 'src/spot_v1_description' with type 'ros.ament_python' and name 'spot_v1_description'
[4.725s] Level 1:colcon.colcon_core.package_discovery:discover_packages(recursive) using defaults
[4.725s] Level 1:colcon.colcon_core.package_discovery:discover_packages(ignore) discover
[4.725s] Level 1:colcon.colcon_core.package_discovery:discover_packages(ignore) using defaults
[4.725s] Level 1:colcon.colcon_core.package_discovery:discover_packages(path) discover
[4.726s] Level 1:colcon.colcon_core.package_discovery:discover_packages(path) using defaults
[5.123s] Level 1:colcon.colcon_core.package_discovery:discover_packages(prefix_path) check parameters
[5.124s] Level 1:colcon.colcon_core.package_discovery:discover_packages(prefix_path) discover
[5.280s] DEBUG:colcon.colcon_installed_package_information.package_discovery:Found 270 installed packages in /opt/ros/humble
[5.286s] Level 1:colcon.colcon_core.package_discovery:discover_packages(prefix_path) using defaults
[5.674s] Level 5:colcon.colcon_core.verb:set package 'bwt901cl_pkg' build argument 'cmake_args' from command line to 'None'
[5.674s] Level 5:colcon.colcon_core.verb:set package 'bwt901cl_pkg' build argument 'cmake_target' from command line to 'None'
[5.674s] Level 5:colcon.colcon_core.verb:set package 'bwt901cl_pkg' build argument 'cmake_target_skip_unavailable' from command line to 'False'
[5.675s] Level 5:colcon.colcon_core.verb:set package 'bwt901cl_pkg' build argument 'cmake_clean_cache' from command line to 'False'
[5.675s] Level 5:colcon.colcon_core.verb:set package 'bwt901cl_pkg' build argument 'cmake_clean_first' from command line to 'False'
[5.675s] Level 5:colcon.colcon_core.verb:set package 'bwt901cl_pkg' build argument 'cmake_force_configure' from command line to 'False'
[5.675s] Level 5:colcon.colcon_core.verb:set package 'bwt901cl_pkg' build argument 'ament_cmake_args' from command line to 'None'
[5.675s] Level 5:colcon.colcon_core.verb:set package 'bwt901cl_pkg' build argument 'catkin_cmake_args' from command line to 'None'
[5.675s] Level 5:colcon.colcon_core.verb:set package 'bwt901cl_pkg' build argument 'catkin_skip_building_tests' from command line to 'False'
[5.675s] DEBUG:colcon.colcon_core.verb:Building package 'bwt901cl_pkg' with the following arguments: {'ament_cmake_args': None, 'build_base': '/home/rob/spot_ws/build/bwt901cl_pkg', 'catkin_cmake_args': None, 'catkin_skip_building_tests': False, 'cmake_args': None, 'cmake_clean_cache': False, 'cmake_clean_first': False, 'cmake_force_configure': False, 'cmake_target': None, 'cmake_target_skip_unavailable': False, 'install_base': '/home/rob/spot_ws/install/bwt901cl_pkg', 'merge_install': False, 'path': '/home/rob/spot_ws/src/bwt901cl_pkg', 'symlink_install': False, 'test_result_base': None}
[5.739s] Level 5:colcon.colcon_core.verb:set package 'ldlidar_ros2' build argument 'cmake_args' from command line to 'None'
[5.740s] Level 5:colcon.colcon_core.verb:set package 'ldlidar_ros2' build argument 'cmake_target' from command line to 'None'
[5.740s] Level 5:colcon.colcon_core.verb:set package 'ldlidar_ros2' build argument 'cmake_target_skip_unavailable' from command line to 'False'
[5.740s] Level 5:colcon.colcon_core.verb:set package 'ldlidar_ros2' build argument 'cmake_clean_cache' from command line to 'False'
[5.740s] Level 5:colcon.colcon_core.verb:set package 'ldlidar_ros2' build argument 'cmake_clean_first' from command line to 'False'
[5.740s] Level 5:colcon.colcon_core.verb:set package 'ldlidar_ros2' build argument 'cmake_force_configure' from command line to 'False'
[5.740s] Level 5:colcon.colcon_core.verb:set package 'ldlidar_ros2' build argument 'ament_cmake_args' from command line to 'None'
[5.740s] Level 5:colcon.colcon_core.verb:set package 'ldlidar_ros2' build argument 'catkin_cmake_args' from command line to 'None'
[5.741s] Level 5:colcon.colcon_core.verb:set package 'ldlidar_ros2' build argument 'catkin_skip_building_tests' from command line to 'False'
[5.741s] DEBUG:colcon.colcon_core.verb:Building package 'ldlidar_ros2' with the following arguments: {'ament_cmake_args': None, 'build_base': '/home/rob/spot_ws/build/ldlidar_ros2', 'catkin_cmake_args': None, 'catkin_skip_building_tests': False, 'cmake_args': None, 'cmake_clean_cache': False, 'cmake_clean_first': False, 'cmake_force_configure': False, 'cmake_target': None, 'cmake_target_skip_unavailable': False, 'install_base': '/home/rob/spot_ws/install/ldlidar_ros2', 'merge_install': False, 'path': '/home/rob/spot_ws/src/ldlidar_ros2', 'symlink_install': False, 'test_result_base': None}
[5.806s] Level 5:colcon.colcon_core.verb:set package 'servo_controller' build argument 'cmake_args' from command line to 'None'
[5.806s] Level 5:colcon.colcon_core.verb:set package 'servo_controller' build argument 'cmake_target' from command line to 'None'
[5.806s] Level 5:colcon.colcon_core.verb:set package 'servo_controller' build argument 'cmake_target_skip_unavailable' from command line to 'False'
[5.806s] Level 5:colcon.colcon_core.verb:set package 'servo_controller' build argument 'cmake_clean_cache' from command line to 'False'
[5.806s] Level 5:colcon.colcon_core.verb:set package 'servo_controller' build argument 'cmake_clean_first' from command line to 'False'
[5.806s] Level 5:colcon.colcon_core.verb:set package 'servo_controller' build argument 'cmake_force_configure' from command line to 'False'
[5.806s] Level 5:colcon.colcon_core.verb:set package 'servo_controller' build argument 'ament_cmake_args' from command line to 'None'
[5.806s] Level 5:colcon.colcon_core.verb:set package 'servo_controller' build argument 'catkin_cmake_args' from command line to 'None'
[5.807s] Level 5:colcon.colcon_core.verb:set package 'servo_controller' build argument 'catkin_skip_building_tests' from command line to 'False'
[5.807s] DEBUG:colcon.colcon_core.verb:Building package 'servo_controller' with the following arguments: {'ament_cmake_args': None, 'build_base': '/home/rob/spot_ws/build/servo_controller', 'catkin_cmake_args': None, 'catkin_skip_building_tests': False, 'cmake_args': None, 'cmake_clean_cache': False, 'cmake_clean_first': False, 'cmake_force_configure': False, 'cmake_target': None, 'cmake_target_skip_unavailable': False, 'install_base': '/home/rob/spot_ws/install/servo_controller', 'merge_install': False, 'path': '/home/rob/spot_ws/src/servo_controller', 'symlink_install': False, 'test_result_base': None}
[5.872s] Level 5:colcon.colcon_core.verb:set package 'spot_v1_description' build argument 'cmake_args' from command line to 'None'
[5.872s] Level 5:colcon.colcon_core.verb:set package 'spot_v1_description' build argument 'cmake_target' from command line to 'None'
[5.872s] Level 5:colcon.colcon_core.verb:set package 'spot_v1_description' build argument 'cmake_target_skip_unavailable' from command line to 'False'
[5.872s] Level 5:colcon.colcon_core.verb:set package 'spot_v1_description' build argument 'cmake_clean_cache' from command line to 'False'
[5.873s] Level 5:colcon.colcon_core.verb:set package 'spot_v1_description' build argument 'cmake_clean_first' from command line to 'False'
[5.873s] Level 5:colcon.colcon_core.verb:set package 'spot_v1_description' build argument 'cmake_force_configure' from command line to 'False'
[5.873s] Level 5:colcon.colcon_core.verb:set package 'spot_v1_description' build argument 'ament_cmake_args' from command line to 'None'
[5.873s] Level 5:colcon.colcon_core.verb:set package 'spot_v1_description' build argument 'catkin_cmake_args' from command line to 'None'
[5.873s] Level 5:colcon.colcon_core.verb:set package 'spot_v1_description' build argument 'catkin_skip_building_tests' from command line to 'False'
[5.873s] DEBUG:colcon.colcon_core.verb:Building package 'spot_v1_description' with the following arguments: {'ament_cmake_args': None, 'build_base': '/home/rob/spot_ws/build/spot_v1_description', 'catkin_cmake_args': None, 'catkin_skip_building_tests': False, 'cmake_args': None, 'cmake_clean_cache': False, 'cmake_clean_first': False, 'cmake_force_configure': False, 'cmake_target': None, 'cmake_target_skip_unavailable': False, 'install_base': '/home/rob/spot_ws/install/spot_v1_description', 'merge_install': False, 'path': '/home/rob/spot_ws/src/spot_v1_description', 'symlink_install': False, 'test_result_base': None}
[5.937s] INFO:colcon.colcon_core.executor:Executing jobs using 'parallel' executor
[6.005s] DEBUG:colcon.colcon_parallel_executor.executor.parallel:run_until_complete
[6.006s] INFO:colcon.colcon_ros.task.ament_python.build:Building ROS package in '/home/rob/spot_ws/src/bwt901cl_pkg' with build type 'ament_python'
[6.007s] Level 1:colcon.colcon_core.shell:create_environment_hook('bwt901cl_pkg', 'ament_prefix_path')
[6.119s] INFO:colcon.colcon_core.plugin_system:Skipping extension 'colcon_core.shell.bat': Not used on non-Windows systems
[6.120s] INFO:colcon.colcon_core.shell:Creating environment hook '/home/rob/spot_ws/install/bwt901cl_pkg/share/bwt901cl_pkg/hook/ament_prefix_path.ps1'
[6.123s] INFO:colcon.colcon_core.shell:Creating environment descriptor '/home/rob/spot_ws/install/bwt901cl_pkg/share/bwt901cl_pkg/hook/ament_prefix_path.dsv'
[6.125s] INFO:colcon.colcon_core.shell:Creating environment hook '/home/rob/spot_ws/install/bwt901cl_pkg/share/bwt901cl_pkg/hook/ament_prefix_path.sh'
[6.192s] INFO:colcon.colcon_core.shell:Skip shell extension 'powershell' for command environment: Not usable outside of PowerShell
[6.192s] DEBUG:colcon.colcon_core.shell:Skip shell extension 'dsv' for command environment
[6.338s] INFO:colcon.colcon_ros.task.ament_cmake.build:Building ROS package in '/home/rob/spot_ws/src/ldlidar_ros2' with build type 'ament_cmake'
[6.339s] INFO:colcon.colcon_cmake.task.cmake.build:Building CMake package in '/home/rob/spot_ws/src/ldlidar_ros2'
[6.408s] INFO:colcon.colcon_core.shell:Skip shell extension 'powershell' for command environment: Not usable outside of PowerShell
[6.408s] DEBUG:colcon.colcon_core.shell:Skip shell extension 'dsv' for command environment
[6.567s] INFO:colcon.colcon_ros.task.ament_python.build:Building ROS package in '/home/rob/spot_ws/src/servo_controller' with build type 'ament_python'
[6.568s] Level 1:colcon.colcon_core.shell:create_environment_hook('servo_controller', 'ament_prefix_path')
[6.640s] INFO:colcon.colcon_core.shell:Creating environment hook '/home/rob/spot_ws/install/servo_controller/share/servo_controller/hook/ament_prefix_path.ps1'
[6.642s] INFO:colcon.colcon_core.shell:Creating environment descriptor '/home/rob/spot_ws/install/servo_controller/share/servo_controller/hook/ament_prefix_path.dsv'
[6.644s] INFO:colcon.colcon_core.shell:Creating environment hook '/home/rob/spot_ws/install/servo_controller/share/servo_controller/hook/ament_prefix_path.sh'
[6.711s] INFO:colcon.colcon_core.shell:Skip shell extension 'powershell' for command environment: Not usable outside of PowerShell
[6.711s] DEBUG:colcon.colcon_core.shell:Skip shell extension 'dsv' for command environment
[6.855s] INFO:colcon.colcon_ros.task.ament_python.build:Building ROS package in '/home/rob/spot_ws/src/spot_v1_description' with build type 'ament_python'
[6.856s] Level 1:colcon.colcon_core.shell:create_environment_hook('spot_v1_description', 'ament_prefix_path')
[6.925s] INFO:colcon.colcon_core.shell:Creating environment hook '/home/rob/spot_ws/install/spot_v1_description/share/spot_v1_description/hook/ament_prefix_path.ps1'
[6.927s] INFO:colcon.colcon_core.shell:Creating environment descriptor '/home/rob/spot_ws/install/spot_v1_description/share/spot_v1_description/hook/ament_prefix_path.dsv'
[6.929s] INFO:colcon.colcon_core.shell:Creating environment hook '/home/rob/spot_ws/install/spot_v1_description/share/spot_v1_description/hook/ament_prefix_path.sh'
[6.996s] INFO:colcon.colcon_core.shell:Skip shell extension 'powershell' for command environment: Not usable outside of PowerShell
[6.996s] DEBUG:colcon.colcon_core.shell:Skip shell extension 'dsv' for command environment
[8.284s] INFO:colcon.colcon_core.task.python.build:Building Python package in '/home/rob/spot_ws/src/bwt901cl_pkg'
[8.350s] INFO:colcon.colcon_core.shell:Skip shell extension 'powershell' for command environment: Not usable outside of PowerShell
[8.351s] DEBUG:colcon.colcon_core.shell:Skip shell extension 'dsv' for command environment
[8.515s] DEBUG:colcon.colcon_core.event_handler.log_command:Invoking command in '/home/rob/spot_ws/build/ldlidar_ros2': CMAKE_PREFIX_PATH=/opt/ros/humble /usr/bin/cmake --build /home/rob/spot_ws/build/ldlidar_ros2 -- -j4 -l4
[9.730s] INFO:colcon.colcon_core.task.python.build:Building Python package in '/home/rob/spot_ws/src/servo_controller'
[9.799s] INFO:colcon.colcon_core.shell:Skip shell extension 'powershell' for command environment: Not usable outside of PowerShell
[9.799s] DEBUG:colcon.colcon_core.shell:Skip shell extension 'dsv' for command environment
[9.957s] DEBUG:colcon.colcon_core.event_handler.log_command:Invoked command in '/home/rob/spot_ws/build/ldlidar_ros2' returned '0': CMAKE_PREFIX_PATH=/opt/ros/humble /usr/bin/cmake --build /home/rob/spot_ws/build/ldlidar_ros2 -- -j4 -l4
[11.134s] INFO:colcon.colcon_core.task.python.build:Building Python package in '/home/rob/spot_ws/src/spot_v1_description'
[11.205s] INFO:colcon.colcon_core.shell:Skip shell extension 'powershell' for command environment: Not usable outside of PowerShell
[11.206s] DEBUG:colcon.colcon_core.shell:Skip shell extension 'dsv' for command environment
[11.422s] DEBUG:colcon.colcon_core.event_handler.log_command:Invoking command in '/home/rob/spot_ws/build/ldlidar_ros2': CMAKE_PREFIX_PATH=/opt/ros/humble /usr/bin/cmake --install /home/rob/spot_ws/build/ldlidar_ros2
[11.486s] Level 1:colcon.colcon_core.environment:create_environment_scripts_only(ldlidar_ros2)
[11.507s] DEBUG:colcon.colcon_core.event_handler.log_command:Invoked command in '/home/rob/spot_ws/build/ldlidar_ros2' returned '0': CMAKE_PREFIX_PATH=/opt/ros/humble /usr/bin/cmake --install /home/rob/spot_ws/build/ldlidar_ros2
[11.672s] Level 1:colcon.colcon_core.environment:checking '/home/rob/spot_ws/install/ldlidar_ros2' for CMake module files
[11.676s] Level 1:colcon.colcon_core.environment:checking '/home/rob/spot_ws/install/ldlidar_ros2' for CMake config files
[11.679s] Level 1:colcon.colcon_core.shell:create_environment_hook('ldlidar_ros2', 'cmake_prefix_path')
[11.893s] INFO:colcon.colcon_core.shell:Creating environment hook '/home/rob/spot_ws/install/ldlidar_ros2/share/ldlidar_ros2/hook/cmake_prefix_path.ps1'
[11.897s] INFO:colcon.colcon_core.shell:Creating environment descriptor '/home/rob/spot_ws/install/ldlidar_ros2/share/ldlidar_ros2/hook/cmake_prefix_path.dsv'
[11.901s] INFO:colcon.colcon_core.shell:Creating environment hook '/home/rob/spot_ws/install/ldlidar_ros2/share/ldlidar_ros2/hook/cmake_prefix_path.sh'
[11.906s] Level 1:colcon.colcon_core.environment:checking '/home/rob/spot_ws/install/ldlidar_ros2/lib'
[11.908s] Level 1:colcon.colcon_core.environment:checking '/home/rob/spot_ws/install/ldlidar_ros2/bin'
[11.909s] Level 1:colcon.colcon_core.environment:checking '/home/rob/spot_ws/install/ldlidar_ros2/lib/pkgconfig/ldlidar_ros2.pc'
[11.910s] Level 1:colcon.colcon_core.environment:checking '/home/rob/spot_ws/install/ldlidar_ros2/lib/python3.10/site-packages'
[11.912s] Level 1:colcon.colcon_core.environment:checking '/home/rob/spot_ws/install/ldlidar_ros2/bin'
[12.040s] INFO:colcon.colcon_core.shell:Creating package script '/home/rob/spot_ws/install/ldlidar_ros2/share/ldlidar_ros2/package.ps1'
[12.045s] INFO:colcon.colcon_core.shell:Creating package descriptor '/home/rob/spot_ws/install/ldlidar_ros2/share/ldlidar_ros2/package.dsv'
[12.050s] INFO:colcon.colcon_core.shell:Creating package script '/home/rob/spot_ws/install/ldlidar_ros2/share/ldlidar_ros2/package.sh'
[12.056s] INFO:colcon.colcon_core.shell:Creating package script '/home/rob/spot_ws/install/ldlidar_ros2/share/ldlidar_ros2/package.bash'
[12.061s] INFO:colcon.colcon_core.shell:Creating package script '/home/rob/spot_ws/install/ldlidar_ros2/share/ldlidar_ros2/package.zsh'
[12.066s] Level 1:colcon.colcon_core.environment:create_file_with_runtime_dependencies(/home/rob/spot_ws/install/ldlidar_ros2/share/colcon-core/packages/ldlidar_ros2)
[12.342s] Level 1:colcon.colcon_core.environment:create_environment_scripts_only(ldlidar_ros2)
[12.463s] Level 1:colcon.colcon_core.environment:checking '/home/rob/spot_ws/install/ldlidar_ros2' for CMake module files
[12.467s] Level 1:colcon.colcon_core.environment:checking '/home/rob/spot_ws/install/ldlidar_ros2' for CMake config files
[12.470s] Level 1:colcon.colcon_core.shell:create_environment_hook('ldlidar_ros2', 'cmake_prefix_path')
[12.582s] INFO:colcon.colcon_core.shell:Creating environment hook '/home/rob/spot_ws/install/ldlidar_ros2/share/ldlidar_ros2/hook/cmake_prefix_path.ps1'
[12.588s] INFO:colcon.colcon_core.shell:Creating environment descriptor '/home/rob/spot_ws/install/ldlidar_ros2/share/ldlidar_ros2/hook/cmake_prefix_path.dsv'
[12.592s] INFO:colcon.colcon_core.shell:Creating environment hook '/home/rob/spot_ws/install/ldlidar_ros2/share/ldlidar_ros2/hook/cmake_prefix_path.sh'
[12.597s] Level 1:colcon.colcon_core.environment:checking '/home/rob/spot_ws/install/ldlidar_ros2/lib'
[12.598s] Level 1:colcon.colcon_core.environment:checking '/home/rob/spot_ws/install/ldlidar_ros2/bin'
[12.599s] Level 1:colcon.colcon_core.environment:checking '/home/rob/spot_ws/install/ldlidar_ros2/lib/pkgconfig/ldlidar_ros2.pc'
[12.601s] Level 1:colcon.colcon_core.environment:checking '/home/rob/spot_ws/install/ldlidar_ros2/lib/python3.10/site-packages'
[12.603s] Level 1:colcon.colcon_core.environment:checking '/home/rob/spot_ws/install/ldlidar_ros2/bin'
[12.733s] INFO:colcon.colcon_core.shell:Creating package script '/home/rob/spot_ws/install/ldlidar_ros2/share/ldlidar_ros2/package.ps1'
[12.738s] INFO:colcon.colcon_core.shell:Creating package descriptor '/home/rob/spot_ws/install/ldlidar_ros2/share/ldlidar_ros2/package.dsv'
[12.743s] INFO:colcon.colcon_core.shell:Creating package script '/home/rob/spot_ws/install/ldlidar_ros2/share/ldlidar_ros2/package.sh'
[12.747s] INFO:colcon.colcon_core.shell:Creating package script '/home/rob/spot_ws/install/ldlidar_ros2/share/ldlidar_ros2/package.bash'
[12.752s] INFO:colcon.colcon_core.shell:Creating package script '/home/rob/spot_ws/install/ldlidar_ros2/share/ldlidar_ros2/package.zsh'
[12.756s] Level 1:colcon.colcon_core.environment:create_file_with_runtime_dependencies(/home/rob/spot_ws/install/ldlidar_ros2/share/colcon-core/packages/ldlidar_ros2)
[13.539s] DEBUG:colcon.colcon_core.event_handler.log_command:Invoking command in '/home/rob/spot_ws/src/bwt901cl_pkg': PYTHONPATH=/home/rob/spot_ws/build/bwt901cl_pkg/prefix_override:/home/rob/spot_ws/install/bwt901cl_pkg/lib/python3.10/site-packages:${PYTHONPATH} /usr/bin/python3 setup.py egg_info --egg-base ../../build/bwt901cl_pkg build --build-base /home/rob/spot_ws/build/bwt901cl_pkg/build install --record /home/rob/spot_ws/build/bwt901cl_pkg/install.log --install-scripts $base/lib/bwt901cl_pkg --single-version-externally-managed
[13.595s] DEBUG:colcon.colcon_core.event_handler.log_command:Invoking command in '/home/rob/spot_ws/src/servo_controller': PYTHONPATH=/home/rob/spot_ws/build/servo_controller/prefix_override:/home/rob/spot_ws/install/servo_controller/lib/python3.10/site-packages:${PYTHONPATH} /usr/bin/python3 setup.py egg_info --egg-base ../../build/servo_controller build --build-base /home/rob/spot_ws/build/servo_controller/build install --record /home/rob/spot_ws/build/servo_controller/install.log --single-version-externally-managed
[13.767s] DEBUG:colcon.colcon_core.event_handler.log_command:Invoking command in '/home/rob/spot_ws/src/spot_v1_description': PYTHONPATH=/home/rob/spot_ws/build/spot_v1_description/prefix_override:/home/rob/spot_ws/install/spot_v1_description/lib/python3.10/site-packages:${PYTHONPATH} /usr/bin/python3 setup.py egg_info --egg-base ../../build/spot_v1_description build --build-base /home/rob/spot_ws/build/spot_v1_description/build install --record /home/rob/spot_ws/build/spot_v1_description/install.log --install-scripts $base/lib/spot_v1_description --single-version-externally-managed
[15.366s] DEBUG:colcon.colcon_core.event_handler.log_command:Invoked command in '/home/rob/spot_ws/src/bwt901cl_pkg' returned '0': PYTHONPATH=/home/rob/spot_ws/build/bwt901cl_pkg/prefix_override:/home/rob/spot_ws/install/bwt901cl_pkg/lib/python3.10/site-packages:${PYTHONPATH} /usr/bin/python3 setup.py egg_info --egg-base ../../build/bwt901cl_pkg build --build-base /home/rob/spot_ws/build/bwt901cl_pkg/build install --record /home/rob/spot_ws/build/bwt901cl_pkg/install.log --install-scripts $base/lib/bwt901cl_pkg --single-version-externally-managed
[15.557s] Level 1:colcon.colcon_core.environment:checking '/home/rob/spot_ws/install/bwt901cl_pkg' for CMake module files
[15.560s] Level 1:colcon.colcon_core.environment:checking '/home/rob/spot_ws/install/bwt901cl_pkg' for CMake config files
[15.564s] Level 1:colcon.colcon_core.environment:checking '/home/rob/spot_ws/install/bwt901cl_pkg/lib'
[15.564s] Level 1:colcon.colcon_core.environment:checking '/home/rob/spot_ws/install/bwt901cl_pkg/bin'
[15.565s] Level 1:colcon.colcon_core.environment:checking '/home/rob/spot_ws/install/bwt901cl_pkg/lib/pkgconfig/bwt901cl_pkg.pc'
[15.566s] Level 1:colcon.colcon_core.environment:checking '/home/rob/spot_ws/install/bwt901cl_pkg/lib/python3.10/site-packages'
[15.567s] Level 1:colcon.colcon_core.shell:create_environment_hook('bwt901cl_pkg', 'pythonpath')
[15.731s] INFO:colcon.colcon_core.shell:Creating environment hook '/home/rob/spot_ws/install/bwt901cl_pkg/share/bwt901cl_pkg/hook/pythonpath.ps1'
[15.734s] INFO:colcon.colcon_core.shell:Creating environment descriptor '/home/rob/spot_ws/install/bwt901cl_pkg/share/bwt901cl_pkg/hook/pythonpath.dsv'
[15.737s] INFO:colcon.colcon_core.shell:Creating environment hook '/home/rob/spot_ws/install/bwt901cl_pkg/share/bwt901cl_pkg/hook/pythonpath.sh'
[15.740s] Level 1:colcon.colcon_core.environment:checking '/home/rob/spot_ws/install/bwt901cl_pkg/bin'
[15.741s] Level 1:colcon.colcon_core.environment:create_environment_scripts_only(bwt901cl_pkg)
[15.809s] INFO:colcon.colcon_core.shell:Creating package script '/home/rob/spot_ws/install/bwt901cl_pkg/share/bwt901cl_pkg/package.ps1'
[15.811s] INFO:colcon.colcon_core.shell:Creating package descriptor '/home/rob/spot_ws/install/bwt901cl_pkg/share/bwt901cl_pkg/package.dsv'
[15.813s] INFO:colcon.colcon_core.shell:Creating package script '/home/rob/spot_ws/install/bwt901cl_pkg/share/bwt901cl_pkg/package.sh'
[15.815s] INFO:colcon.colcon_core.shell:Creating package script '/home/rob/spot_ws/install/bwt901cl_pkg/share/bwt901cl_pkg/package.bash'
[15.817s] INFO:colcon.colcon_core.shell:Creating package script '/home/rob/spot_ws/install/bwt901cl_pkg/share/bwt901cl_pkg/package.zsh'
[15.818s] Level 1:colcon.colcon_core.environment:create_file_with_runtime_dependencies(/home/rob/spot_ws/install/bwt901cl_pkg/share/colcon-core/packages/bwt901cl_pkg)
[15.825s] DEBUG:colcon.colcon_core.event_handler.log_command:Invoked command in '/home/rob/spot_ws/src/servo_controller' returned '0': PYTHONPATH=/home/rob/spot_ws/build/servo_controller/prefix_override:/home/rob/spot_ws/install/servo_controller/lib/python3.10/site-packages:${PYTHONPATH} /usr/bin/python3 setup.py egg_info --egg-base ../../build/servo_controller build --build-base /home/rob/spot_ws/build/servo_controller/build install --record /home/rob/spot_ws/build/servo_controller/install.log --single-version-externally-managed
[15.895s] Level 1:colcon.colcon_core.environment:checking '/home/rob/spot_ws/install/servo_controller' for CMake module files
[15.897s] Level 1:colcon.colcon_core.environment:checking '/home/rob/spot_ws/install/servo_controller' for CMake config files
[15.900s] Level 1:colcon.colcon_core.environment:checking '/home/rob/spot_ws/install/servo_controller/lib'
[15.901s] Level 1:colcon.colcon_core.environment:checking '/home/rob/spot_ws/install/servo_controller/bin'
[15.901s] Level 1:colcon.colcon_core.environment:checking '/home/rob/spot_ws/install/servo_controller/lib/pkgconfig/servo_controller.pc'
[15.902s] Level 1:colcon.colcon_core.environment:checking '/home/rob/spot_ws/install/servo_controller/lib/python3.10/site-packages'
[15.902s] Level 1:colcon.colcon_core.shell:create_environment_hook('servo_controller', 'pythonpath')
[15.967s] INFO:colcon.colcon_core.shell:Creating environment hook '/home/rob/spot_ws/install/servo_controller/share/servo_controller/hook/pythonpath.ps1'
[15.970s] INFO:colcon.colcon_core.shell:Creating environment descriptor '/home/rob/spot_ws/install/servo_controller/share/servo_controller/hook/pythonpath.dsv'
[15.971s] INFO:colcon.colcon_core.shell:Creating environment hook '/home/rob/spot_ws/install/servo_controller/share/servo_controller/hook/pythonpath.sh'
[15.980s] Level 1:colcon.colcon_core.environment:checking '/home/rob/spot_ws/install/servo_controller/bin'
[15.981s] Level 1:colcon.colcon_core.environment:create_environment_scripts_only(servo_controller)
[16.051s] INFO:colcon.colcon_core.shell:Creating package script '/home/rob/spot_ws/install/servo_controller/share/servo_controller/package.ps1'
[16.054s] INFO:colcon.colcon_core.shell:Creating package descriptor '/home/rob/spot_ws/install/servo_controller/share/servo_controller/package.dsv'
[16.056s] INFO:colcon.colcon_core.shell:Creating package script '/home/rob/spot_ws/install/servo_controller/share/servo_controller/package.sh'
[16.058s] INFO:colcon.colcon_core.shell:Creating package script '/home/rob/spot_ws/install/servo_controller/share/servo_controller/package.bash'
[16.059s] INFO:colcon.colcon_core.shell:Creating package script '/home/rob/spot_ws/install/servo_controller/share/servo_controller/package.zsh'
[16.061s] Level 1:colcon.colcon_core.environment:create_file_with_runtime_dependencies(/home/rob/spot_ws/install/servo_controller/share/colcon-core/packages/servo_controller)
[16.067s] DEBUG:colcon.colcon_core.event_handler.log_command:Invoked command in '/home/rob/spot_ws/src/spot_v1_description' returned '0': PYTHONPATH=/home/rob/spot_ws/build/spot_v1_description/prefix_override:/home/rob/spot_ws/install/spot_v1_description/lib/python3.10/site-packages:${PYTHONPATH} /usr/bin/python3 setup.py egg_info --egg-base ../../build/spot_v1_description build --build-base /home/rob/spot_ws/build/spot_v1_description/build install --record /home/rob/spot_ws/build/spot_v1_description/install.log --install-scripts $base/lib/spot_v1_description --single-version-externally-managed
[16.136s] Level 1:colcon.colcon_core.environment:checking '/home/rob/spot_ws/install/spot_v1_description' for CMake module files
[16.138s] Level 1:colcon.colcon_core.environment:checking '/home/rob/spot_ws/install/spot_v1_description' for CMake config files
[16.142s] Level 1:colcon.colcon_core.environment:checking '/home/rob/spot_ws/install/spot_v1_description/lib'
[16.142s] Level 1:colcon.colcon_core.environment:checking '/home/rob/spot_ws/install/spot_v1_description/bin'
[16.143s] Level 1:colcon.colcon_core.environment:checking '/home/rob/spot_ws/install/spot_v1_description/lib/pkgconfig/spot_v1_description.pc'
[16.144s] Level 1:colcon.colcon_core.environment:checking '/home/rob/spot_ws/install/spot_v1_description/lib/python3.10/site-packages'
[16.144s] Level 1:colcon.colcon_core.shell:create_environment_hook('spot_v1_description', 'pythonpath')
[16.212s] INFO:colcon.colcon_core.shell:Creating environment hook '/home/rob/spot_ws/install/spot_v1_description/share/spot_v1_description/hook/pythonpath.ps1'
[16.214s] INFO:colcon.colcon_core.shell:Creating environment descriptor '/home/rob/spot_ws/install/spot_v1_description/share/spot_v1_description/hook/pythonpath.dsv'
[16.216s] INFO:colcon.colcon_core.shell:Creating environment hook '/home/rob/spot_ws/install/spot_v1_description/share/spot_v1_description/hook/pythonpath.sh'
[16.218s] Level 1:colcon.colcon_core.environment:checking '/home/rob/spot_ws/install/spot_v1_description/bin'
[16.219s] Level 1:colcon.colcon_core.environment:create_environment_scripts_only(spot_v1_description)
[16.286s] INFO:colcon.colcon_core.shell:Creating package script '/home/rob/spot_ws/install/spot_v1_description/share/spot_v1_description/package.ps1'
[16.288s] INFO:colcon.colcon_core.shell:Creating package descriptor '/home/rob/spot_ws/install/spot_v1_description/share/spot_v1_description/package.dsv'
[16.290s] INFO:colcon.colcon_core.shell:Creating package script '/home/rob/spot_ws/install/spot_v1_description/share/spot_v1_description/package.sh'
[16.293s] INFO:colcon.colcon_core.shell:Creating package script '/home/rob/spot_ws/install/spot_v1_description/share/spot_v1_description/package.bash'
[16.295s] INFO:colcon.colcon_core.shell:Creating package script '/home/rob/spot_ws/install/spot_v1_description/share/spot_v1_description/package.zsh'
[16.296s] Level 1:colcon.colcon_core.environment:create_file_with_runtime_dependencies(/home/rob/spot_ws/install/spot_v1_description/share/colcon-core/packages/spot_v1_description)
[16.298s] DEBUG:colcon.colcon_parallel_executor.executor.parallel:closing loop
[16.299s] DEBUG:colcon.colcon_parallel_executor.executor.parallel:loop closed
[16.299s] DEBUG:colcon.colcon_parallel_executor.executor.parallel:run_until_complete finished with '0'
[16.300s] DEBUG:colcon.colcon_core.event_reactor:joining thread
[16.388s] INFO:colcon.colcon_core.plugin_system:Skipping extension 'colcon_notification.desktop_notification.terminal_notifier': Not used on non-Darwin systems
[16.389s] INFO:colcon.colcon_core.plugin_system:Skipping extension 'colcon_notification.desktop_notification.win32': Not used on non-Windows systems
[16.389s] INFO:colcon.colcon_notification.desktop_notification:Sending desktop notification using 'notify2'
[32.892s] DEBUG:colcon.colcon_notification.desktop_notification.notify2:Failed to initialize notify2: org.freedesktop.DBus.Error.TimedOut: Failed to activate service 'org.freedesktop.Notifications': timed out (service_start_timeout=120000ms)
[32.893s] DEBUG:colcon.colcon_core.event_reactor:joined thread
[32.967s] INFO:colcon.colcon_core.shell:Creating prefix script '/home/rob/spot_ws/install/local_setup.ps1'
[32.971s] INFO:colcon.colcon_core.shell:Creating prefix util module '/home/rob/spot_ws/install/_local_setup_util_ps1.py'
[32.977s] INFO:colcon.colcon_core.shell:Creating prefix chain script '/home/rob/spot_ws/install/setup.ps1'
[33.046s] INFO:colcon.colcon_core.shell:Creating prefix script '/home/rob/spot_ws/install/local_setup.sh'
[33.048s] INFO:colcon.colcon_core.shell:Creating prefix util module '/home/rob/spot_ws/install/_local_setup_util_sh.py'
[33.051s] INFO:colcon.colcon_core.shell:Creating prefix chain script '/home/rob/spot_ws/install/setup.sh'
[33.119s] INFO:colcon.colcon_core.shell:Creating prefix script '/home/rob/spot_ws/install/local_setup.bash'
[33.121s] INFO:colcon.colcon_core.shell:Creating prefix chain script '/home/rob/spot_ws/install/setup.bash'
[33.187s] INFO:colcon.colcon_core.shell:Creating prefix script '/home/rob/spot_ws/install/local_setup.zsh'
[33.190s] INFO:colcon.colcon_core.shell:Creating prefix chain script '/home/rob/spot_ws/install/setup.zsh'
