[7.168s] Invoking command in '/home/rob/spot_ws/src/bwt901cl_pkg': PYTHONPATH=/home/rob/spot_ws/build/bwt901cl_pkg/prefix_override:/home/rob/spot_ws/install/bwt901cl_pkg/lib/python3.10/site-packages:${PYTHONPATH} /usr/bin/python3 setup.py egg_info --egg-base ../../build/bwt901cl_pkg build --build-base /home/rob/spot_ws/build/bwt901cl_pkg/build install --record /home/rob/spot_ws/build/bwt901cl_pkg/install.log --install-scripts $base/lib/bwt901cl_pkg --single-version-externally-managed
[8.506s] /usr/lib/python3/dist-packages/setuptools/dist.py:723: UserWarning: Usage of dash-separated 'script-dir' will not be supported in future versions. Please use the underscore name 'script_dir' instead
[8.508s]   warnings.warn(
[8.549s] running egg_info
[8.552s] creating ../../build/bwt901cl_pkg/bwt901cl_pkg.egg-info
[8.553s] writing ../../build/bwt901cl_pkg/bwt901cl_pkg.egg-info/PKG-INFO
[8.555s] writing dependency_links to ../../build/bwt901cl_pkg/bwt901cl_pkg.egg-info/dependency_links.txt
[8.557s] writing entry points to ../../build/bwt901cl_pkg/bwt901cl_pkg.egg-info/entry_points.txt
[8.559s] writing requirements to ../../build/bwt901cl_pkg/bwt901cl_pkg.egg-info/requires.txt
[8.560s] writing top-level names to ../../build/bwt901cl_pkg/bwt901cl_pkg.egg-info/top_level.txt
[8.561s] writing manifest file '../../build/bwt901cl_pkg/bwt901cl_pkg.egg-info/SOURCES.txt'
[8.569s] reading manifest file '../../build/bwt901cl_pkg/bwt901cl_pkg.egg-info/SOURCES.txt'
[8.570s] adding license file 'LICENSE'
[8.574s] writing manifest file '../../build/bwt901cl_pkg/bwt901cl_pkg.egg-info/SOURCES.txt'
[8.578s] running build
[8.579s] running build_py
[8.581s] creating /home/rob/spot_ws/build/bwt901cl_pkg/build
[8.581s] creating /home/rob/spot_ws/build/bwt901cl_pkg/build/lib
[8.583s] creating /home/rob/spot_ws/build/bwt901cl_pkg/build/lib/bwt901cl_pkg
[8.584s] creating /home/rob/spot_ws/build/bwt901cl_pkg/build/lib/bwt901cl_pkg/src
[8.588s] copying bwt901cl_pkg/src/__init__.py -> /home/rob/spot_ws/build/bwt901cl_pkg/build/lib/bwt901cl_pkg/src
[8.589s] copying bwt901cl_pkg/src/bwt901cl.py -> /home/rob/spot_ws/build/bwt901cl_pkg/build/lib/bwt901cl_pkg/src
[8.591s] copying bwt901cl_pkg/__init__.py -> /home/rob/spot_ws/build/bwt901cl_pkg/build/lib/bwt901cl_pkg
[8.592s] copying bwt901cl_pkg/imu_bwt901cl.py -> /home/rob/spot_ws/build/bwt901cl_pkg/build/lib/bwt901cl_pkg
[8.595s] running install
[8.597s] /usr/lib/python3/dist-packages/setuptools/command/install.py:34: SetuptoolsDeprecationWarning: setup.py install is deprecated. Use build and pip and other standards-based tools.
[8.598s]   warnings.warn(
[8.599s] running install_lib
[8.609s] creating /home/rob/spot_ws/install/bwt901cl_pkg/lib/python3.10/site-packages/bwt901cl_pkg
[8.613s] copying /home/rob/spot_ws/build/bwt901cl_pkg/build/lib/bwt901cl_pkg/__init__.py -> /home/rob/spot_ws/install/bwt901cl_pkg/lib/python3.10/site-packages/bwt901cl_pkg
[8.615s] copying /home/rob/spot_ws/build/bwt901cl_pkg/build/lib/bwt901cl_pkg/imu_bwt901cl.py -> /home/rob/spot_ws/install/bwt901cl_pkg/lib/python3.10/site-packages/bwt901cl_pkg
[8.618s] creating /home/rob/spot_ws/install/bwt901cl_pkg/lib/python3.10/site-packages/bwt901cl_pkg/src
[8.620s] copying /home/rob/spot_ws/build/bwt901cl_pkg/build/lib/bwt901cl_pkg/src/bwt901cl.py -> /home/rob/spot_ws/install/bwt901cl_pkg/lib/python3.10/site-packages/bwt901cl_pkg/src
[8.621s] copying /home/rob/spot_ws/build/bwt901cl_pkg/build/lib/bwt901cl_pkg/src/__init__.py -> /home/rob/spot_ws/install/bwt901cl_pkg/lib/python3.10/site-packages/bwt901cl_pkg/src
[8.623s] byte-compiling /home/rob/spot_ws/install/bwt901cl_pkg/lib/python3.10/site-packages/bwt901cl_pkg/__init__.py to __init__.cpython-310.pyc
[8.626s] byte-compiling /home/rob/spot_ws/install/bwt901cl_pkg/lib/python3.10/site-packages/bwt901cl_pkg/imu_bwt901cl.py to imu_bwt901cl.cpython-310.pyc
[8.628s] byte-compiling /home/rob/spot_ws/install/bwt901cl_pkg/lib/python3.10/site-packages/bwt901cl_pkg/src/bwt901cl.py to bwt901cl.cpython-310.pyc
[8.632s] byte-compiling /home/rob/spot_ws/install/bwt901cl_pkg/lib/python3.10/site-packages/bwt901cl_pkg/src/__init__.py to __init__.cpython-310.pyc
[8.633s] running install_data
[8.636s] creating /home/rob/spot_ws/install/bwt901cl_pkg/share/ament_index
[8.636s] creating /home/rob/spot_ws/install/bwt901cl_pkg/share/ament_index/resource_index
[8.637s] creating /home/rob/spot_ws/install/bwt901cl_pkg/share/ament_index/resource_index/packages
[8.640s] copying resource/bwt901cl_pkg -> /home/rob/spot_ws/install/bwt901cl_pkg/share/ament_index/resource_index/packages
[8.643s] copying package.xml -> /home/rob/spot_ws/install/bwt901cl_pkg/share/bwt901cl_pkg
[8.643s] running install_egg_info
[8.645s] Copying ../../build/bwt901cl_pkg/bwt901cl_pkg.egg-info to /home/rob/spot_ws/install/bwt901cl_pkg/lib/python3.10/site-packages/bwt901cl_pkg-0.0.0-py3.10.egg-info
[8.648s] running install_scripts
[8.763s] Installing imu_bwt901cl script to /home/rob/spot_ws/install/bwt901cl_pkg/lib/bwt901cl_pkg
[8.767s] writing list of installed files to '/home/rob/spot_ws/build/bwt901cl_pkg/install.log'
[9.262s] Invoked command in '/home/rob/spot_ws/src/bwt901cl_pkg' returned '0': PYTHONPATH=/home/rob/spot_ws/build/bwt901cl_pkg/prefix_override:/home/rob/spot_ws/install/bwt901cl_pkg/lib/python3.10/site-packages:${PYTHONPATH} /usr/bin/python3 setup.py egg_info --egg-base ../../build/bwt901cl_pkg build --build-base /home/rob/spot_ws/build/bwt901cl_pkg/build install --record /home/rob/spot_ws/build/bwt901cl_pkg/install.log --install-scripts $base/lib/bwt901cl_pkg --single-version-externally-managed
