[7.029s] Invoking command in '/home/rob/spot_ws/src/bwt901cl_pkg': PYTHONPATH=/home/rob/spot_ws/build/bwt901cl_pkg/prefix_override:/home/rob/spot_ws/install/bwt901cl_pkg/lib/python3.10/site-packages:${PYTHONPATH} /usr/bin/python3 setup.py egg_info --egg-base ../../build/bwt901cl_pkg build --build-base /home/rob/spot_ws/build/bwt901cl_pkg/build install --record /home/rob/spot_ws/build/bwt901cl_pkg/install.log --install-scripts $base/lib/bwt901cl_pkg --single-version-externally-managed
[8.353s] /usr/lib/python3/dist-packages/setuptools/dist.py:723: UserWarning: Usage of dash-separated 'script-dir' will not be supported in future versions. Please use the underscore name 'script_dir' instead
[8.354s]   warnings.warn(
[8.394s] running egg_info
[8.397s] writing ../../build/bwt901cl_pkg/bwt901cl_pkg.egg-info/PKG-INFO
[8.399s] writing dependency_links to ../../build/bwt901cl_pkg/bwt901cl_pkg.egg-info/dependency_links.txt
[8.400s] writing entry points to ../../build/bwt901cl_pkg/bwt901cl_pkg.egg-info/entry_points.txt
[8.402s] writing requirements to ../../build/bwt901cl_pkg/bwt901cl_pkg.egg-info/requires.txt
[8.403s] writing top-level names to ../../build/bwt901cl_pkg/bwt901cl_pkg.egg-info/top_level.txt
[8.413s] reading manifest file '../../build/bwt901cl_pkg/bwt901cl_pkg.egg-info/SOURCES.txt'
[8.415s] adding license file 'LICENSE'
[8.419s] writing manifest file '../../build/bwt901cl_pkg/bwt901cl_pkg.egg-info/SOURCES.txt'
[8.419s] running build
[8.420s] running build_py
[8.423s] running install
[8.424s] /usr/lib/python3/dist-packages/setuptools/command/install.py:34: SetuptoolsDeprecationWarning: setup.py install is deprecated. Use build and pip and other standards-based tools.
[8.425s]   warnings.warn(
[8.425s] running install_lib
[8.433s] running install_data
[8.437s] running install_egg_info
[8.443s] removing '/home/rob/spot_ws/install/bwt901cl_pkg/lib/python3.10/site-packages/bwt901cl_pkg-0.0.0-py3.10.egg-info' (and everything under it)
[8.446s] Copying ../../build/bwt901cl_pkg/bwt901cl_pkg.egg-info to /home/rob/spot_ws/install/bwt901cl_pkg/lib/python3.10/site-packages/bwt901cl_pkg-0.0.0-py3.10.egg-info
[8.453s] running install_scripts
[8.557s] Installing imu_bwt901cl script to /home/rob/spot_ws/install/bwt901cl_pkg/lib/bwt901cl_pkg
[8.559s] writing list of installed files to '/home/rob/spot_ws/build/bwt901cl_pkg/install.log'
[8.799s] Invoked command in '/home/rob/spot_ws/src/bwt901cl_pkg' returned '0': PYTHONPATH=/home/rob/spot_ws/build/bwt901cl_pkg/prefix_override:/home/rob/spot_ws/install/bwt901cl_pkg/lib/python3.10/site-packages:${PYTHONPATH} /usr/bin/python3 setup.py egg_info --egg-base ../../build/bwt901cl_pkg build --build-base /home/rob/spot_ws/build/bwt901cl_pkg/build install --record /home/rob/spot_ws/build/bwt901cl_pkg/install.log --install-scripts $base/lib/bwt901cl_pkg --single-version-externally-managed
