[7.521s] Invoking command in '/home/rob/spot_ws/src/servo_controller': PYTHONPATH=/home/rob/spot_ws/build/servo_controller/prefix_override:/home/rob/spot_ws/install/servo_controller/lib/python3.10/site-packages:${PYTHONPATH} /usr/bin/python3 setup.py egg_info --egg-base ../../build/servo_controller build --build-base /home/rob/spot_ws/build/servo_controller/build install --record /home/rob/spot_ws/build/servo_controller/install.log --single-version-externally-managed
[9.082s] running egg_info
[9.085s] writing ../../build/servo_controller/servo_controller.egg-info/PKG-INFO
[9.087s] writing dependency_links to ../../build/servo_controller/servo_controller.egg-info/dependency_links.txt
[9.088s] writing entry points to ../../build/servo_controller/servo_controller.egg-info/entry_points.txt
[9.089s] writing requirements to ../../build/servo_controller/servo_controller.egg-info/requires.txt
[9.090s] writing top-level names to ../../build/servo_controller/servo_controller.egg-info/top_level.txt
[9.099s] reading manifest file '../../build/servo_controller/servo_controller.egg-info/SOURCES.txt'
[9.103s] writing manifest file '../../build/servo_controller/servo_controller.egg-info/SOURCES.txt'
[9.104s] running build
[9.104s] running build_py
[9.106s] running install
[9.107s] /usr/lib/python3/dist-packages/setuptools/command/install.py:34: SetuptoolsDeprecationWarning: setup.py install is deprecated. Use build and pip and other standards-based tools.
[9.108s]   warnings.warn(
[9.109s] running install_lib
[9.115s] running install_data
[9.118s] running install_egg_info
[9.126s] removing '/home/rob/spot_ws/install/servo_controller/lib/python3.10/site-packages/servo_controller-0.0.0-py3.10.egg-info' (and everything under it)
[9.127s] Copying ../../build/servo_controller/servo_controller.egg-info to /home/rob/spot_ws/install/servo_controller/lib/python3.10/site-packages/servo_controller-0.0.0-py3.10.egg-info
[9.137s] running install_scripts
[9.242s] writing list of installed files to '/home/rob/spot_ws/build/servo_controller/install.log'
[9.464s] Invoked command in '/home/rob/spot_ws/src/servo_controller' returned '0': PYTHONPATH=/home/rob/spot_ws/build/servo_controller/prefix_override:/home/rob/spot_ws/install/servo_controller/lib/python3.10/site-packages:${PYTHONPATH} /usr/bin/python3 setup.py egg_info --egg-base ../../build/servo_controller build --build-base /home/rob/spot_ws/build/servo_controller/build install --record /home/rob/spot_ws/build/servo_controller/install.log --single-version-externally-managed
