/usr/lib/python3/dist-packages/setuptools/dist.py:723: UserWarning: Usage of dash-separated 'script-dir' will not be supported in future versions. Please use the underscore name 'script_dir' instead
  warnings.warn(
running egg_info
creating ../../build/spot_v1_description/spot_v1_description.egg-info
writing ../../build/spot_v1_description/spot_v1_description.egg-info/PKG-INFO
writing dependency_links to ../../build/spot_v1_description/spot_v1_description.egg-info/dependency_links.txt
writing entry points to ../../build/spot_v1_description/spot_v1_description.egg-info/entry_points.txt
writing requirements to ../../build/spot_v1_description/spot_v1_description.egg-info/requires.txt
writing top-level names to ../../build/spot_v1_description/spot_v1_description.egg-info/top_level.txt
writing manifest file '../../build/spot_v1_description/spot_v1_description.egg-info/SOURCES.txt'
reading manifest file '../../build/spot_v1_description/spot_v1_description.egg-info/SOURCES.txt'
writing manifest file '../../build/spot_v1_description/spot_v1_description.egg-info/SOURCES.txt'
running build
running build_py
creating /home/rob/spot_ws/build/spot_v1_description/build
creating /home/rob/spot_ws/build/spot_v1_description/build/lib
creating /home/rob/spot_ws/build/spot_v1_description/build/lib/spot_v1_description
copying spot_v1_description/__init__.py -> /home/rob/spot_ws/build/spot_v1_description/build/lib/spot_v1_description
running install
/usr/lib/python3/dist-packages/setuptools/command/install.py:34: SetuptoolsDeprecationWarning: setup.py install is deprecated. Use build and pip and other standards-based tools.
  warnings.warn(
running install_lib
creating /home/rob/spot_ws/install/spot_v1_description/lib/python3.10/site-packages/spot_v1_description
copying /home/rob/spot_ws/build/spot_v1_description/build/lib/spot_v1_description/__init__.py -> /home/rob/spot_ws/install/spot_v1_description/lib/python3.10/site-packages/spot_v1_description
byte-compiling /home/rob/spot_ws/install/spot_v1_description/lib/python3.10/site-packages/spot_v1_description/__init__.py to __init__.cpython-310.pyc
running install_data
creating /home/rob/spot_ws/install/spot_v1_description/share/ament_index
creating /home/rob/spot_ws/install/spot_v1_description/share/ament_index/resource_index
creating /home/rob/spot_ws/install/spot_v1_description/share/ament_index/resource_index/packages
copying resource/spot_v1_description -> /home/rob/spot_ws/install/spot_v1_description/share/ament_index/resource_index/packages
copying package.xml -> /home/rob/spot_ws/install/spot_v1_description/share/spot_v1_description
creating /home/rob/spot_ws/install/spot_v1_description/share/spot_v1_description/launch
copying launch/gazebo.launch.py -> /home/rob/spot_ws/install/spot_v1_description/share/spot_v1_description/launch
copying launch/display.launch.py -> /home/rob/spot_ws/install/spot_v1_description/share/spot_v1_description/launch
creating /home/rob/spot_ws/install/spot_v1_description/share/spot_v1_description/urdf
copying urdf/spot_v1.trans -> /home/rob/spot_ws/install/spot_v1_description/share/spot_v1_description/urdf
copying urdf/spot_v1.gazebo -> /home/rob/spot_ws/install/spot_v1_description/share/spot_v1_description/urdf
copying urdf/materials.xacro -> /home/rob/spot_ws/install/spot_v1_description/share/spot_v1_description/urdf
copying urdf/spot_v1.xacro -> /home/rob/spot_ws/install/spot_v1_description/share/spot_v1_description/urdf
creating /home/rob/spot_ws/install/spot_v1_description/share/spot_v1_description/meshes
copying meshes/upper_bl_1.stl -> /home/rob/spot_ws/install/spot_v1_description/share/spot_v1_description/meshes
copying meshes/elbow_fl_1.stl -> /home/rob/spot_ws/install/spot_v1_description/share/spot_v1_description/meshes
copying meshes/lower_fl_1.stl -> /home/rob/spot_ws/install/spot_v1_description/share/spot_v1_description/meshes
copying meshes/elbow_fr_1.stl -> /home/rob/spot_ws/install/spot_v1_description/share/spot_v1_description/meshes
copying meshes/lower_fr_1.stl -> /home/rob/spot_ws/install/spot_v1_description/share/spot_v1_description/meshes
copying meshes/upper_fr_1.stl -> /home/rob/spot_ws/install/spot_v1_description/share/spot_v1_description/meshes
copying meshes/base_link.stl -> /home/rob/spot_ws/install/spot_v1_description/share/spot_v1_description/meshes
copying meshes/lower_br_1.stl -> /home/rob/spot_ws/install/spot_v1_description/share/spot_v1_description/meshes
copying meshes/elbow_br_1.stl -> /home/rob/spot_ws/install/spot_v1_description/share/spot_v1_description/meshes
copying meshes/elbow_bl_5.stl -> /home/rob/spot_ws/install/spot_v1_description/share/spot_v1_description/meshes
copying meshes/upper_br_1.stl -> /home/rob/spot_ws/install/spot_v1_description/share/spot_v1_description/meshes
copying meshes/lower_bl_1.stl -> /home/rob/spot_ws/install/spot_v1_description/share/spot_v1_description/meshes
copying meshes/upper_fl_1.stl -> /home/rob/spot_ws/install/spot_v1_description/share/spot_v1_description/meshes
creating /home/rob/spot_ws/install/spot_v1_description/share/spot_v1_description/config
copying config/display.rviz -> /home/rob/spot_ws/install/spot_v1_description/share/spot_v1_description/config
running install_egg_info
Copying ../../build/spot_v1_description/spot_v1_description.egg-info to /home/rob/spot_ws/install/spot_v1_description/lib/python3.10/site-packages/spot_v1_description-0.0.0-py3.10.egg-info
running install_scripts
writing list of installed files to '/home/rob/spot_ws/build/spot_v1_description/install.log'
