[7.439s] Invoking command in '/home/rob/spot_ws/src/servo_controller': PYTHONPATH=/home/rob/spot_ws/build/servo_controller/prefix_override:/home/rob/spot_ws/install/servo_controller/lib/python3.10/site-packages:${PYTHONPATH} /usr/bin/python3 setup.py egg_info --egg-base ../../build/servo_controller build --build-base /home/rob/spot_ws/build/servo_controller/build install --record /home/rob/spot_ws/build/servo_controller/install.log --single-version-externally-managed
[10.803s] running egg_info
[10.808s] writing ../../build/servo_controller/servo_controller.egg-info/PKG-INFO
[10.809s] writing dependency_links to ../../build/servo_controller/servo_controller.egg-info/dependency_links.txt
[10.811s] writing entry points to ../../build/servo_controller/servo_controller.egg-info/entry_points.txt
[10.813s] writing requirements to ../../build/servo_controller/servo_controller.egg-info/requires.txt
[10.814s] writing top-level names to ../../build/servo_controller/servo_controller.egg-info/top_level.txt
[10.832s] reading manifest file '../../build/servo_controller/servo_controller.egg-info/SOURCES.txt'
[10.833s] writing manifest file '../../build/servo_controller/servo_controller.egg-info/SOURCES.txt'
[10.834s] running build
[10.835s] running build_py
[10.836s] running install
[10.838s] /usr/lib/python3/dist-packages/setuptools/command/install.py:34: SetuptoolsDeprecationWarning: setup.py install is deprecated. Use build and pip and other standards-based tools.
[10.839s]   warnings.warn(
[10.839s] running install_lib
[10.850s] running install_data
[10.851s] running install_egg_info
[10.869s] removing '/home/rob/spot_ws/install/servo_controller/lib/python3.10/site-packages/servo_controller-0.0.0-py3.10.egg-info' (and everything under it)
[10.870s] Copying ../../build/servo_controller/servo_controller.egg-info to /home/rob/spot_ws/install/servo_controller/lib/python3.10/site-packages/servo_controller-0.0.0-py3.10.egg-info
[10.873s] running install_scripts
[10.994s] writing list of installed files to '/home/rob/spot_ws/build/servo_controller/install.log'
[11.619s] Invoked command in '/home/rob/spot_ws/src/servo_controller' returned '0': PYTHONPATH=/home/rob/spot_ws/build/servo_controller/prefix_override:/home/rob/spot_ws/install/servo_controller/lib/python3.10/site-packages:${PYTHONPATH} /usr/bin/python3 setup.py egg_info --egg-base ../../build/servo_controller build --build-base /home/rob/spot_ws/build/servo_controller/build install --record /home/rob/spot_ws/build/servo_controller/install.log --single-version-externally-managed
