running egg_info
creating ../../build/servo_controller/servo_controller.egg-info
writing ../../build/servo_controller/servo_controller.egg-info/PKG-INFO
writing dependency_links to ../../build/servo_controller/servo_controller.egg-info/dependency_links.txt
writing entry points to ../../build/servo_controller/servo_controller.egg-info/entry_points.txt
writing requirements to ../../build/servo_controller/servo_controller.egg-info/requires.txt
writing top-level names to ../../build/servo_controller/servo_controller.egg-info/top_level.txt
writing manifest file '../../build/servo_controller/servo_controller.egg-info/SOURCES.txt'
reading manifest file '../../build/servo_controller/servo_controller.egg-info/SOURCES.txt'
writing manifest file '../../build/servo_controller/servo_controller.egg-info/SOURCES.txt'
running build
running build_py
creating /home/rob/spot_ws/build/servo_controller/build
creating /home/rob/spot_ws/build/servo_controller/build/lib
creating /home/rob/spot_ws/build/servo_controller/build/lib/servo_controller
copying servo_controller/__init__.py -> /home/rob/spot_ws/build/servo_controller/build/lib/servo_controller
copying servo_controller/joint_subscriber.py -> /home/rob/spot_ws/build/servo_controller/build/lib/servo_controller
running install
/usr/lib/python3/dist-packages/setuptools/command/install.py:34: SetuptoolsDeprecationWarning: setup.py install is deprecated. Use build and pip and other standards-based tools.
  warnings.warn(
running install_lib
creating /home/rob/spot_ws/install/servo_controller/lib/python3.10/site-packages/servo_controller
copying /home/rob/spot_ws/build/servo_controller/build/lib/servo_controller/__init__.py -> /home/rob/spot_ws/install/servo_controller/lib/python3.10/site-packages/servo_controller
copying /home/rob/spot_ws/build/servo_controller/build/lib/servo_controller/joint_subscriber.py -> /home/rob/spot_ws/install/servo_controller/lib/python3.10/site-packages/servo_controller
byte-compiling /home/rob/spot_ws/install/servo_controller/lib/python3.10/site-packages/servo_controller/__init__.py to __init__.cpython-310.pyc
byte-compiling /home/rob/spot_ws/install/servo_controller/lib/python3.10/site-packages/servo_controller/joint_subscriber.py to joint_subscriber.cpython-310.pyc
running install_data
creating /home/rob/spot_ws/install/servo_controller/share/ament_index
creating /home/rob/spot_ws/install/servo_controller/share/ament_index/resource_index
creating /home/rob/spot_ws/install/servo_controller/share/ament_index/resource_index/packages
copying resource/servo_controller -> /home/rob/spot_ws/install/servo_controller/share/ament_index/resource_index/packages
copying package.xml -> /home/rob/spot_ws/install/servo_controller/share/servo_controller
running install_egg_info
Copying ../../build/servo_controller/servo_controller.egg-info to /home/rob/spot_ws/install/servo_controller/lib/python3.10/site-packages/servo_controller-0.0.0-py3.10.egg-info
running install_scripts
writing list of installed files to '/home/rob/spot_ws/build/servo_controller/install.log'
