[6.794s] Invoking command in '/home/rob/spot_ws/src/servo_controller': PYTHONPATH=/home/rob/spot_ws/build/servo_controller/prefix_override:/home/rob/spot_ws/install/servo_controller/lib/python3.10/site-packages:${PYTHONPATH} /usr/bin/python3 setup.py egg_info --egg-base ../../build/servo_controller build --build-base /home/rob/spot_ws/build/servo_controller/build install --record /home/rob/spot_ws/build/servo_controller/install.log --single-version-externally-managed
[8.196s] running egg_info
[8.199s] creating ../../build/servo_controller/servo_controller.egg-info
[8.200s] writing ../../build/servo_controller/servo_controller.egg-info/PKG-INFO
[8.202s] writing dependency_links to ../../build/servo_controller/servo_controller.egg-info/dependency_links.txt
[8.203s] writing entry points to ../../build/servo_controller/servo_controller.egg-info/entry_points.txt
[8.204s] writing requirements to ../../build/servo_controller/servo_controller.egg-info/requires.txt
[8.205s] writing top-level names to ../../build/servo_controller/servo_controller.egg-info/top_level.txt
[8.207s] writing manifest file '../../build/servo_controller/servo_controller.egg-info/SOURCES.txt'
[8.219s] reading manifest file '../../build/servo_controller/servo_controller.egg-info/SOURCES.txt'
[8.223s] writing manifest file '../../build/servo_controller/servo_controller.egg-info/SOURCES.txt'
[8.224s] running build
[8.225s] running build_py
[8.226s] creating /home/rob/spot_ws/build/servo_controller/build
[8.227s] creating /home/rob/spot_ws/build/servo_controller/build/lib
[8.227s] creating /home/rob/spot_ws/build/servo_controller/build/lib/servo_controller
[8.228s] copying servo_controller/__init__.py -> /home/rob/spot_ws/build/servo_controller/build/lib/servo_controller
[8.229s] copying servo_controller/joint_subscriber.py -> /home/rob/spot_ws/build/servo_controller/build/lib/servo_controller
[8.230s] running install
[8.232s] /usr/lib/python3/dist-packages/setuptools/command/install.py:34: SetuptoolsDeprecationWarning: setup.py install is deprecated. Use build and pip and other standards-based tools.
[8.233s]   warnings.warn(
[8.233s] running install_lib
[8.248s] creating /home/rob/spot_ws/install/servo_controller/lib/python3.10/site-packages/servo_controller
[8.249s] copying /home/rob/spot_ws/build/servo_controller/build/lib/servo_controller/__init__.py -> /home/rob/spot_ws/install/servo_controller/lib/python3.10/site-packages/servo_controller
[8.252s] copying /home/rob/spot_ws/build/servo_controller/build/lib/servo_controller/joint_subscriber.py -> /home/rob/spot_ws/install/servo_controller/lib/python3.10/site-packages/servo_controller
[8.254s] byte-compiling /home/rob/spot_ws/install/servo_controller/lib/python3.10/site-packages/servo_controller/__init__.py to __init__.cpython-310.pyc
[8.257s] byte-compiling /home/rob/spot_ws/install/servo_controller/lib/python3.10/site-packages/servo_controller/joint_subscriber.py to joint_subscriber.cpython-310.pyc
[8.262s] running install_data
[8.265s] creating /home/rob/spot_ws/install/servo_controller/share/ament_index
[8.266s] creating /home/rob/spot_ws/install/servo_controller/share/ament_index/resource_index
[8.267s] creating /home/rob/spot_ws/install/servo_controller/share/ament_index/resource_index/packages
[8.269s] copying resource/servo_controller -> /home/rob/spot_ws/install/servo_controller/share/ament_index/resource_index/packages
[8.272s] copying package.xml -> /home/rob/spot_ws/install/servo_controller/share/servo_controller
[8.273s] running install_egg_info
[8.285s] Copying ../../build/servo_controller/servo_controller.egg-info to /home/rob/spot_ws/install/servo_controller/lib/python3.10/site-packages/servo_controller-0.0.0-py3.10.egg-info
[8.290s] running install_scripts
[8.386s] writing list of installed files to '/home/rob/spot_ws/build/servo_controller/install.log'
[8.637s] Invoked command in '/home/rob/spot_ws/src/servo_controller' returned '0': PYTHONPATH=/home/rob/spot_ws/build/servo_controller/prefix_override:/home/rob/spot_ws/install/servo_controller/lib/python3.10/site-packages:${PYTHONPATH} /usr/bin/python3 setup.py egg_info --egg-base ../../build/servo_controller build --build-base /home/rob/spot_ws/build/servo_controller/build install --record /home/rob/spot_ws/build/servo_controller/install.log --single-version-externally-managed
