[8.654s] Invoking command in '/home/rob/spot_ws/src/bwt901cl_pkg': PYTHONPATH=/home/rob/spot_ws/build/bwt901cl_pkg/prefix_override:/home/rob/spot_ws/install/bwt901cl_pkg/lib/python3.10/site-packages:${PYTHONPATH} /usr/bin/python3 setup.py egg_info --egg-base ../../build/bwt901cl_pkg build --build-base /home/rob/spot_ws/build/bwt901cl_pkg/build install --record /home/rob/spot_ws/build/bwt901cl_pkg/install.log --install-scripts $base/lib/bwt901cl_pkg --single-version-externally-managed
[10.664s] /usr/lib/python3/dist-packages/setuptools/dist.py:723: UserWarning: Usage of dash-separated 'script-dir' will not be supported in future versions. Please use the underscore name 'script_dir' instead
[10.664s]   warnings.warn(
[10.716s] running egg_info
[10.720s] writing ../../build/bwt901cl_pkg/bwt901cl_pkg.egg-info/PKG-INFO
[10.722s] writing dependency_links to ../../build/bwt901cl_pkg/bwt901cl_pkg.egg-info/dependency_links.txt
[10.723s] writing entry points to ../../build/bwt901cl_pkg/bwt901cl_pkg.egg-info/entry_points.txt
[10.726s] writing requirements to ../../build/bwt901cl_pkg/bwt901cl_pkg.egg-info/requires.txt
[10.727s] writing top-level names to ../../build/bwt901cl_pkg/bwt901cl_pkg.egg-info/top_level.txt
[10.739s] reading manifest file '../../build/bwt901cl_pkg/bwt901cl_pkg.egg-info/SOURCES.txt'
[10.741s] adding license file 'LICENSE'
[10.744s] writing manifest file '../../build/bwt901cl_pkg/bwt901cl_pkg.egg-info/SOURCES.txt'
[10.745s] running build
[10.746s] running build_py
[10.750s] running install
[10.751s] /usr/lib/python3/dist-packages/setuptools/command/install.py:34: SetuptoolsDeprecationWarning: setup.py install is deprecated. Use build and pip and other standards-based tools.
[10.752s]   warnings.warn(
[10.753s] running install_lib
[10.761s] running install_data
[10.765s] running install_egg_info
[10.776s] removing '/home/rob/spot_ws/install/bwt901cl_pkg/lib/python3.10/site-packages/bwt901cl_pkg-0.0.0-py3.10.egg-info' (and everything under it)
[10.778s] Copying ../../build/bwt901cl_pkg/bwt901cl_pkg.egg-info to /home/rob/spot_ws/install/bwt901cl_pkg/lib/python3.10/site-packages/bwt901cl_pkg-0.0.0-py3.10.egg-info
[10.788s] running install_scripts
[10.901s] Installing imu_bwt901cl script to /home/rob/spot_ws/install/bwt901cl_pkg/lib/bwt901cl_pkg
[10.904s] writing list of installed files to '/home/rob/spot_ws/build/bwt901cl_pkg/install.log'
[11.094s] Invoked command in '/home/rob/spot_ws/src/bwt901cl_pkg' returned '0': PYTHONPATH=/home/rob/spot_ws/build/bwt901cl_pkg/prefix_override:/home/rob/spot_ws/install/bwt901cl_pkg/lib/python3.10/site-packages:${PYTHONPATH} /usr/bin/python3 setup.py egg_info --egg-base ../../build/bwt901cl_pkg build --build-base /home/rob/spot_ws/build/bwt901cl_pkg/build install --record /home/rob/spot_ws/build/bwt901cl_pkg/install.log --install-scripts $base/lib/bwt901cl_pkg --single-version-externally-managed
