[2.425s] Invoking command in '/home/rob/spot_ws/build/ldlidar_ros2': CMAKE_PREFIX_PATH=${CMAKE_PREFIX_PATH}:/home/rob/spot_ws/install/spot_v1_description:/home/rob/spot_ws/install/servo_controller:/home/rob/spot_ws/install/bwt901cl_pkg:/opt/ros/humble /usr/bin/cmake --build /home/rob/spot_ws/build/ldlidar_ros2 -- -j4 -l4
[4.014s] [ 84%] Built target ldlidar_driver
[4.016s] [100%] Built target ldlidar_ros2_node
[5.444s] Invoked command in '/home/rob/spot_ws/build/ldlidar_ros2' returned '0': CMAKE_PREFIX_PATH=${CMAKE_PREFIX_PATH}:/home/rob/spot_ws/install/spot_v1_description:/home/rob/spot_ws/install/servo_controller:/home/rob/spot_ws/install/bwt901cl_pkg:/opt/ros/humble /usr/bin/cmake --build /home/rob/spot_ws/build/ldlidar_ros2 -- -j4 -l4
[5.638s] Invoking command in '/home/rob/spot_ws/build/ldlidar_ros2': CMAKE_PREFIX_PATH=${CMAKE_PREFIX_PATH}:/home/rob/spot_ws/install/spot_v1_description:/home/rob/spot_ws/install/servo_controller:/home/rob/spot_ws/install/bwt901cl_pkg:/opt/ros/humble /usr/bin/cmake --install /home/rob/spot_ws/build/ldlidar_ros2
[5.679s] -- Install configuration: ""
[5.683s] -- Up-to-date: /home/rob/spot_ws/install/ldlidar_ros2/lib/ldlidar_ros2/ldlidar_ros2_node
[5.689s] -- Up-to-date: /home/rob/spot_ws/install/ldlidar_ros2/share/ldlidar_ros2//launch
[5.691s] -- Up-to-date: /home/rob/spot_ws/install/ldlidar_ros2/share/ldlidar_ros2//launch/viewer_ld06.launch.py
[5.692s] -- Installing: /home/rob/spot_ws/install/ldlidar_ros2/share/ldlidar_ros2//launch/ld19.launch.py
[5.695s] -- Up-to-date: /home/rob/spot_ws/install/ldlidar_ros2/share/ldlidar_ros2//launch/ld14.launch.py
[5.697s] -- Up-to-date: /home/rob/spot_ws/install/ldlidar_ros2/share/ldlidar_ros2//launch/ld06.launch.py
[5.699s] -- Up-to-date: /home/rob/spot_ws/install/ldlidar_ros2/share/ldlidar_ros2//launch/ld14p.launch.py
[5.702s] -- Up-to-date: /home/rob/spot_ws/install/ldlidar_ros2/share/ldlidar_ros2//launch/viewer_ld14p.launch.py
[5.704s] -- Up-to-date: /home/rob/spot_ws/install/ldlidar_ros2/share/ldlidar_ros2//launch/viewer_ld14.launch.py
[5.706s] -- Up-to-date: /home/rob/spot_ws/install/ldlidar_ros2/share/ldlidar_ros2//launch/viewer_ld19.launch.py
[5.707s] -- Up-to-date: /home/rob/spot_ws/install/ldlidar_ros2/share/ldlidar_ros2//rviz2
[5.710s] -- Up-to-date: /home/rob/spot_ws/install/ldlidar_ros2/share/ldlidar_ros2//rviz2/ldlidar.rviz
[5.711s] -- Up-to-date: /home/rob/spot_ws/install/ldlidar_ros2/share/ldlidar_ros2//scripts
[5.713s] -- Up-to-date: /home/rob/spot_ws/install/ldlidar_ros2/share/ldlidar_ros2//scripts/delete_udev_rules.sh
[5.715s] -- Up-to-date: /home/rob/spot_ws/install/ldlidar_ros2/share/ldlidar_ros2//scripts/ldlidar.rules
[5.717s] -- Up-to-date: /home/rob/spot_ws/install/ldlidar_ros2/share/ldlidar_ros2//scripts/create_udev_rules.sh
[5.718s] -- Up-to-date: /home/rob/spot_ws/install/ldlidar_ros2/share/ament_index/resource_index/package_run_dependencies/ldlidar_ros2
[5.721s] -- Up-to-date: /home/rob/spot_ws/install/ldlidar_ros2/share/ament_index/resource_index/parent_prefix_path/ldlidar_ros2
[5.723s] -- Up-to-date: /home/rob/spot_ws/install/ldlidar_ros2/share/ldlidar_ros2/environment/ament_prefix_path.sh
[5.725s] -- Up-to-date: /home/rob/spot_ws/install/ldlidar_ros2/share/ldlidar_ros2/environment/ament_prefix_path.dsv
[5.727s] -- Up-to-date: /home/rob/spot_ws/install/ldlidar_ros2/share/ldlidar_ros2/environment/path.sh
[5.729s] -- Up-to-date: /home/rob/spot_ws/install/ldlidar_ros2/share/ldlidar_ros2/environment/path.dsv
[5.731s] -- Up-to-date: /home/rob/spot_ws/install/ldlidar_ros2/share/ldlidar_ros2/local_setup.bash
[5.733s] -- Up-to-date: /home/rob/spot_ws/install/ldlidar_ros2/share/ldlidar_ros2/local_setup.sh
[5.734s] -- Up-to-date: /home/rob/spot_ws/install/ldlidar_ros2/share/ldlidar_ros2/local_setup.zsh
[5.736s] -- Up-to-date: /home/rob/spot_ws/install/ldlidar_ros2/share/ldlidar_ros2/local_setup.dsv
[5.738s] -- Installing: /home/rob/spot_ws/install/ldlidar_ros2/share/ldlidar_ros2/package.dsv
[5.746s] -- Up-to-date: /home/rob/spot_ws/install/ldlidar_ros2/share/ament_index/resource_index/packages/ldlidar_ros2
[5.747s] -- Up-to-date: /home/rob/spot_ws/install/ldlidar_ros2/share/ldlidar_ros2/cmake/ldlidar_ros2Config.cmake
[5.748s] -- Up-to-date: /home/rob/spot_ws/install/ldlidar_ros2/share/ldlidar_ros2/cmake/ldlidar_ros2Config-version.cmake
[5.749s] -- Up-to-date: /home/rob/spot_ws/install/ldlidar_ros2/share/ldlidar_ros2/package.xml
[5.769s] Invoked command in '/home/rob/spot_ws/build/ldlidar_ros2' returned '0': CMAKE_PREFIX_PATH=${CMAKE_PREFIX_PATH}:/home/rob/spot_ws/install/spot_v1_description:/home/rob/spot_ws/install/servo_controller:/home/rob/spot_ws/install/bwt901cl_pkg:/opt/ros/humble /usr/bin/cmake --install /home/rob/spot_ws/build/ldlidar_ros2
